{"/Users/gustavo/Documents/develp/genea/genea-app/server/src/config/firebase.config.js": {"path":"/Users/gustavo/Documents/develp/genea/genea-app/server/src/config/firebase.config.js","statementMap":{"0":{"start":{"line":1,"column":14},"end":{"line":1,"column":39}},"1":{"start":{"line":2,"column":15},"end":{"line":2,"column":32}},"2":{"start":{"line":4,"column":0},"end":{"line":4,"column":16}},"3":{"start":{"line":7,"column":32},"end":{"line":26,"column":1}},"4":{"start":{"line":9,"column":2},"end":{"line":9,"column":32}},"5":{"start":{"line":9,"column":25},"end":{"line":9,"column":32}},"6":{"start":{"line":12,"column":2},"end":{"line":23,"column":3}},"7":{"start":{"line":14,"column":4},"end":{"line":16,"column":7}},"8":{"start":{"line":19,"column":27},"end":{"line":19,"column":76}},"9":{"start":{"line":20,"column":4},"end":{"line":22,"column":7}},"10":{"start":{"line":25,"column":2},"end":{"line":25,"column":59}},"11":{"start":{"line":28,"column":0},"end":{"line":28,"column":45}}},"fnMap":{"0":{"name":"(anonymous_0)","decl":{"start":{"line":7,"column":32},"end":{"line":7,"column":33}},"loc":{"start":{"line":7,"column":38},"end":{"line":26,"column":1}},"line":7}},"branchMap":{"0":{"loc":{"start":{"line":9,"column":2},"end":{"line":9,"column":32}},"type":"if","locations":[{"start":{"line":9,"column":2},"end":{"line":9,"column":32}},{"start":{},"end":{}}],"line":9},"1":{"loc":{"start":{"line":12,"column":2},"end":{"line":23,"column":3}},"type":"if","locations":[{"start":{"line":12,"column":2},"end":{"line":23,"column":3}},{"start":{"line":17,"column":9},"end":{"line":23,"column":3}}],"line":12}},"s":{"0":0,"1":0,"2":0,"3":0,"4":0,"5":0,"6":0,"7":0,"8":0,"9":0,"10":0,"11":0},"f":{"0":0},"b":{"0":[0,0],"1":[0,0]}}
,"/Users/gustavo/Documents/develp/genea/genea-app/server/src/controllers/family.controller.js": {"path":"/Users/gustavo/Documents/develp/genea/genea-app/server/src/controllers/family.controller.js","statementMap":{"0":{"start":{"line":1,"column":15},"end":{"line":1,"column":48}},"1":{"start":{"line":2,"column":13},"end":{"line":2,"column":44}},"2":{"start":{"line":5,"column":0},"end":{"line":29,"column":2}},"3":{"start":{"line":6,"column":2},"end":{"line":28,"column":3}},"4":{"start":{"line":7,"column":19},"end":{"line":7,"column":31}},"5":{"start":{"line":10,"column":17},"end":{"line":10,"column":44}},"6":{"start":{"line":11,"column":22},"end":{"line":11,"column":54}},"7":{"start":{"line":11,"column":45},"end":{"line":11,"column":53}},"8":{"start":{"line":13,"column":21},"end":{"line":15,"column":52}},"9":{"start":{"line":17,"column":4},"end":{"line":21,"column":7}},"10":{"start":{"line":23,"column":4},"end":{"line":27,"column":7}},"11":{"start":{"line":32,"column":0},"end":{"line":68,"column":2}},"12":{"start":{"line":33,"column":2},"end":{"line":67,"column":3}},"13":{"start":{"line":34,"column":19},"end":{"line":36,"column":64}},"14":{"start":{"line":38,"column":4},"end":{"line":43,"column":5}},"15":{"start":{"line":39,"column":6},"end":{"line":42,"column":9}},"16":{"start":{"line":46,"column":19},"end":{"line":46,"column":31}},"17":{"start":{"line":47,"column":17},"end":{"line":47,"column":44}},"18":{"start":{"line":48,"column":22},"end":{"line":48,"column":84}},"19":{"start":{"line":48,"column":46},"end":{"line":48,"column":83}},"20":{"start":{"line":50,"column":4},"end":{"line":55,"column":5}},"21":{"start":{"line":51,"column":6},"end":{"line":54,"column":9}},"22":{"start":{"line":57,"column":4},"end":{"line":60,"column":7}},"23":{"start":{"line":62,"column":4},"end":{"line":66,"column":7}},"24":{"start":{"line":71,"column":0},"end":{"line":99,"column":2}},"25":{"start":{"line":72,"column":2},"end":{"line":98,"column":3}},"26":{"start":{"line":73,"column":19},"end":{"line":73,"column":31}},"27":{"start":{"line":75,"column":22},"end":{"line":79,"column":6}},"28":{"start":{"line":81,"column":24},"end":{"line":81,"column":46}},"29":{"start":{"line":84,"column":4},"end":{"line":86,"column":7}},"30":{"start":{"line":88,"column":4},"end":{"line":91,"column":7}},"31":{"start":{"line":93,"column":4},"end":{"line":97,"column":7}},"32":{"start":{"line":102,"column":0},"end":{"line":140,"column":2}},"33":{"start":{"line":103,"column":2},"end":{"line":139,"column":3}},"34":{"start":{"line":105,"column":19},"end":{"line":105,"column":31}},"35":{"start":{"line":106,"column":17},"end":{"line":106,"column":44}},"36":{"start":{"line":107,"column":27},"end":{"line":107,"column":89}},"37":{"start":{"line":107,"column":51},"end":{"line":107,"column":88}},"38":{"start":{"line":109,"column":4},"end":{"line":114,"column":5}},"39":{"start":{"line":110,"column":6},"end":{"line":113,"column":9}},"40":{"start":{"line":116,"column":26},"end":{"line":120,"column":5}},"41":{"start":{"line":122,"column":4},"end":{"line":127,"column":5}},"42":{"start":{"line":123,"column":6},"end":{"line":126,"column":9}},"43":{"start":{"line":129,"column":4},"end":{"line":132,"column":7}},"44":{"start":{"line":134,"column":4},"end":{"line":138,"column":7}},"45":{"start":{"line":143,"column":0},"end":{"line":186,"column":2}},"46":{"start":{"line":144,"column":2},"end":{"line":185,"column":3}},"47":{"start":{"line":146,"column":19},"end":{"line":146,"column":31}},"48":{"start":{"line":147,"column":17},"end":{"line":147,"column":44}},"49":{"start":{"line":148,"column":27},"end":{"line":148,"column":89}},"50":{"start":{"line":148,"column":51},"end":{"line":148,"column":88}},"51":{"start":{"line":150,"column":4},"end":{"line":155,"column":5}},"52":{"start":{"line":151,"column":6},"end":{"line":154,"column":9}},"53":{"start":{"line":157,"column":19},"end":{"line":157,"column":55}},"54":{"start":{"line":159,"column":4},"end":{"line":164,"column":5}},"55":{"start":{"line":160,"column":6},"end":{"line":163,"column":9}},"56":{"start":{"line":167,"column":4},"end":{"line":167,"column":26}},"57":{"start":{"line":170,"column":4},"end":{"line":173,"column":6}},"58":{"start":{"line":175,"column":4},"end":{"line":178,"column":7}},"59":{"start":{"line":180,"column":4},"end":{"line":184,"column":7}},"60":{"start":{"line":189,"column":0},"end":{"line":252,"column":2}},"61":{"start":{"line":190,"column":2},"end":{"line":251,"column":3}},"62":{"start":{"line":191,"column":39},"end":{"line":191,"column":47}},"63":{"start":{"line":194,"column":29},"end":{"line":194,"column":41}},"64":{"start":{"line":195,"column":27},"end":{"line":195,"column":64}},"65":{"start":{"line":196,"column":27},"end":{"line":196,"column":94}},"66":{"start":{"line":196,"column":61},"end":{"line":196,"column":93}},"67":{"start":{"line":198,"column":4},"end":{"line":203,"column":5}},"68":{"start":{"line":199,"column":6},"end":{"line":202,"column":9}},"69":{"start":{"line":206,"column":19},"end":{"line":206,"column":50}},"70":{"start":{"line":207,"column":4},"end":{"line":212,"column":5}},"71":{"start":{"line":208,"column":6},"end":{"line":211,"column":9}},"72":{"start":{"line":215,"column":22},"end":{"line":215,"column":49}},"73":{"start":{"line":216,"column":4},"end":{"line":221,"column":5}},"74":{"start":{"line":217,"column":6},"end":{"line":220,"column":9}},"75":{"start":{"line":224,"column":28},"end":{"line":224,"column":84}},"76":{"start":{"line":224,"column":53},"end":{"line":224,"column":83}},"77":{"start":{"line":225,"column":4},"end":{"line":230,"column":5}},"78":{"start":{"line":226,"column":6},"end":{"line":229,"column":9}},"79":{"start":{"line":233,"column":4},"end":{"line":233,"column":50}},"80":{"start":{"line":234,"column":4},"end":{"line":234,"column":24}},"81":{"start":{"line":237,"column":4},"end":{"line":239,"column":7}},"82":{"start":{"line":241,"column":4},"end":{"line":244,"column":7}},"83":{"start":{"line":246,"column":4},"end":{"line":250,"column":7}}},"fnMap":{"0":{"name":"(anonymous_0)","decl":{"start":{"line":5,"column":25},"end":{"line":5,"column":26}},"loc":{"start":{"line":5,"column":45},"end":{"line":29,"column":1}},"line":5},"1":{"name":"(anonymous_1)","decl":{"start":{"line":11,"column":40},"end":{"line":11,"column":41}},"loc":{"start":{"line":11,"column":45},"end":{"line":11,"column":53}},"line":11},"2":{"name":"(anonymous_2)","decl":{"start":{"line":32,"column":24},"end":{"line":32,"column":25}},"loc":{"start":{"line":32,"column":44},"end":{"line":68,"column":1}},"line":32},"3":{"name":"(anonymous_3)","decl":{"start":{"line":48,"column":41},"end":{"line":48,"column":42}},"loc":{"start":{"line":48,"column":46},"end":{"line":48,"column":83}},"line":48},"4":{"name":"(anonymous_4)","decl":{"start":{"line":71,"column":23},"end":{"line":71,"column":24}},"loc":{"start":{"line":71,"column":43},"end":{"line":99,"column":1}},"line":71},"5":{"name":"(anonymous_5)","decl":{"start":{"line":102,"column":23},"end":{"line":102,"column":24}},"loc":{"start":{"line":102,"column":43},"end":{"line":140,"column":1}},"line":102},"6":{"name":"(anonymous_6)","decl":{"start":{"line":107,"column":46},"end":{"line":107,"column":47}},"loc":{"start":{"line":107,"column":51},"end":{"line":107,"column":88}},"line":107},"7":{"name":"(anonymous_7)","decl":{"start":{"line":143,"column":23},"end":{"line":143,"column":24}},"loc":{"start":{"line":143,"column":43},"end":{"line":186,"column":1}},"line":143},"8":{"name":"(anonymous_8)","decl":{"start":{"line":148,"column":46},"end":{"line":148,"column":47}},"loc":{"start":{"line":148,"column":51},"end":{"line":148,"column":88}},"line":148},"9":{"name":"(anonymous_9)","decl":{"start":{"line":189,"column":26},"end":{"line":189,"column":27}},"loc":{"start":{"line":189,"column":46},"end":{"line":252,"column":1}},"line":189},"10":{"name":"(anonymous_10)","decl":{"start":{"line":196,"column":56},"end":{"line":196,"column":57}},"loc":{"start":{"line":196,"column":61},"end":{"line":196,"column":93}},"line":196},"11":{"name":"(anonymous_11)","decl":{"start":{"line":224,"column":48},"end":{"line":224,"column":49}},"loc":{"start":{"line":224,"column":53},"end":{"line":224,"column":83}},"line":224}},"branchMap":{"0":{"loc":{"start":{"line":38,"column":4},"end":{"line":43,"column":5}},"type":"if","locations":[{"start":{"line":38,"column":4},"end":{"line":43,"column":5}},{"start":{},"end":{}}],"line":38},"1":{"loc":{"start":{"line":50,"column":4},"end":{"line":55,"column":5}},"type":"if","locations":[{"start":{"line":50,"column":4},"end":{"line":55,"column":5}},{"start":{},"end":{}}],"line":50},"2":{"loc":{"start":{"line":109,"column":4},"end":{"line":114,"column":5}},"type":"if","locations":[{"start":{"line":109,"column":4},"end":{"line":114,"column":5}},{"start":{},"end":{}}],"line":109},"3":{"loc":{"start":{"line":109,"column":8},"end":{"line":109,"column":58}},"type":"binary-expr","locations":[{"start":{"line":109,"column":8},"end":{"line":109,"column":23}},{"start":{"line":109,"column":27},"end":{"line":109,"column":58}}],"line":109},"4":{"loc":{"start":{"line":122,"column":4},"end":{"line":127,"column":5}},"type":"if","locations":[{"start":{"line":122,"column":4},"end":{"line":127,"column":5}},{"start":{},"end":{}}],"line":122},"5":{"loc":{"start":{"line":150,"column":4},"end":{"line":155,"column":5}},"type":"if","locations":[{"start":{"line":150,"column":4},"end":{"line":155,"column":5}},{"start":{},"end":{}}],"line":150},"6":{"loc":{"start":{"line":150,"column":8},"end":{"line":150,"column":58}},"type":"binary-expr","locations":[{"start":{"line":150,"column":8},"end":{"line":150,"column":23}},{"start":{"line":150,"column":27},"end":{"line":150,"column":58}}],"line":150},"7":{"loc":{"start":{"line":159,"column":4},"end":{"line":164,"column":5}},"type":"if","locations":[{"start":{"line":159,"column":4},"end":{"line":164,"column":5}},{"start":{},"end":{}}],"line":159},"8":{"loc":{"start":{"line":198,"column":4},"end":{"line":203,"column":5}},"type":"if","locations":[{"start":{"line":198,"column":4},"end":{"line":203,"column":5}},{"start":{},"end":{}}],"line":198},"9":{"loc":{"start":{"line":198,"column":8},"end":{"line":198,"column":58}},"type":"binary-expr","locations":[{"start":{"line":198,"column":8},"end":{"line":198,"column":23}},{"start":{"line":198,"column":27},"end":{"line":198,"column":58}}],"line":198},"10":{"loc":{"start":{"line":207,"column":4},"end":{"line":212,"column":5}},"type":"if","locations":[{"start":{"line":207,"column":4},"end":{"line":212,"column":5}},{"start":{},"end":{}}],"line":207},"11":{"loc":{"start":{"line":216,"column":4},"end":{"line":221,"column":5}},"type":"if","locations":[{"start":{"line":216,"column":4},"end":{"line":221,"column":5}},{"start":{},"end":{}}],"line":216},"12":{"loc":{"start":{"line":225,"column":4},"end":{"line":230,"column":5}},"type":"if","locations":[{"start":{"line":225,"column":4},"end":{"line":230,"column":5}},{"start":{},"end":{}}],"line":225}},"s":{"0":1,"1":1,"2":1,"3":2,"4":2,"5":2,"6":1,"7":2,"8":1,"9":1,"10":1,"11":1,"12":3,"13":3,"14":3,"15":1,"16":2,"17":2,"18":2,"19":2,"20":2,"21":1,"22":1,"23":0,"24":1,"25":2,"26":2,"27":2,"28":2,"29":1,"30":1,"31":1,"32":1,"33":0,"34":0,"35":0,"36":0,"37":0,"38":0,"39":0,"40":0,"41":0,"42":0,"43":0,"44":0,"45":1,"46":0,"47":0,"48":0,"49":0,"50":0,"51":0,"52":0,"53":0,"54":0,"55":0,"56":0,"57":0,"58":0,"59":0,"60":1,"61":2,"62":2,"63":2,"64":2,"65":2,"66":2,"67":2,"68":1,"69":1,"70":1,"71":0,"72":1,"73":1,"74":0,"75":1,"76":0,"77":1,"78":0,"79":1,"80":1,"81":1,"82":1,"83":0},"f":{"0":2,"1":2,"2":3,"3":2,"4":2,"5":0,"6":0,"7":0,"8":0,"9":2,"10":2,"11":0},"b":{"0":[1,2],"1":[1,1],"2":[0,0],"3":[0,0],"4":[0,0],"5":[0,0],"6":[0,0],"7":[0,0],"8":[1,1],"9":[2,2],"10":[0,1],"11":[0,1],"12":[0,1]},"_coverageSchema":"1a1c01bbd47fc00a2c39e90264f33305004495a9","hash":"02f9a9f8839837273b8b551014a8f48f9767a215"}
,"/Users/gustavo/Documents/develp/genea/genea-app/server/src/controllers/media.controller.js": {"path":"/Users/gustavo/Documents/develp/genea/genea-app/server/src/controllers/media.controller.js","statementMap":{"0":{"start":{"line":1,"column":15},"end":{"line":1,"column":48}},"1":{"start":{"line":2,"column":11},"end":{"line":2,"column":24}},"2":{"start":{"line":3,"column":13},"end":{"line":3,"column":28}},"3":{"start":{"line":6,"column":0},"end":{"line":64,"column":2}},"4":{"start":{"line":7,"column":2},"end":{"line":63,"column":3}},"5":{"start":{"line":8,"column":4},"end":{"line":13,"column":5}},"6":{"start":{"line":9,"column":6},"end":{"line":12,"column":9}},"7":{"start":{"line":15,"column":21},"end":{"line":15,"column":40}},"8":{"start":{"line":18,"column":19},"end":{"line":18,"column":50}},"9":{"start":{"line":19,"column":4},"end":{"line":27,"column":5}},"10":{"start":{"line":21,"column":6},"end":{"line":21,"column":35}},"11":{"start":{"line":23,"column":6},"end":{"line":26,"column":9}},"12":{"start":{"line":30,"column":4},"end":{"line":35,"column":5}},"13":{"start":{"line":31,"column":27},"end":{"line":31,"column":78}},"14":{"start":{"line":32,"column":6},"end":{"line":34,"column":7}},"15":{"start":{"line":33,"column":8},"end":{"line":33,"column":36}},"16":{"start":{"line":38,"column":20},"end":{"line":38,"column":51}},"17":{"start":{"line":39,"column":4},"end":{"line":39,"column":34}},"18":{"start":{"line":40,"column":4},"end":{"line":40,"column":24}},"19":{"start":{"line":42,"column":4},"end":{"line":49,"column":7}},"20":{"start":{"line":51,"column":4},"end":{"line":51,"column":62}},"21":{"start":{"line":54,"column":4},"end":{"line":56,"column":5}},"22":{"start":{"line":55,"column":6},"end":{"line":55,"column":35}},"23":{"start":{"line":58,"column":4},"end":{"line":62,"column":7}},"24":{"start":{"line":67,"column":0},"end":{"line":130,"column":2}},"25":{"start":{"line":68,"column":2},"end":{"line":129,"column":3}},"26":{"start":{"line":69,"column":4},"end":{"line":74,"column":5}},"27":{"start":{"line":70,"column":6},"end":{"line":73,"column":9}},"28":{"start":{"line":76,"column":21},"end":{"line":76,"column":40}},"29":{"start":{"line":77,"column":21},"end":{"line":77,"column":44}},"30":{"start":{"line":80,"column":19},"end":{"line":80,"column":50}},"31":{"start":{"line":81,"column":4},"end":{"line":89,"column":5}},"32":{"start":{"line":83,"column":6},"end":{"line":83,"column":58}},"33":{"start":{"line":83,"column":32},"end":{"line":83,"column":56}},"34":{"start":{"line":85,"column":6},"end":{"line":88,"column":9}},"35":{"start":{"line":92,"column":27},"end":{"line":99,"column":6}},"36":{"start":{"line":93,"column":22},"end":{"line":93,"column":49}},"37":{"start":{"line":94,"column":6},"end":{"line":98,"column":8}},"38":{"start":{"line":102,"column":4},"end":{"line":104,"column":5}},"39":{"start":{"line":103,"column":6},"end":{"line":103,"column":25}},"40":{"start":{"line":105,"column":4},"end":{"line":105,"column":42}},"41":{"start":{"line":106,"column":4},"end":{"line":106,"column":24}},"42":{"start":{"line":108,"column":4},"end":{"line":115,"column":7}},"43":{"start":{"line":117,"column":4},"end":{"line":117,"column":54}},"44":{"start":{"line":120,"column":4},"end":{"line":122,"column":5}},"45":{"start":{"line":121,"column":6},"end":{"line":121,"column":58}},"46":{"start":{"line":121,"column":32},"end":{"line":121,"column":56}},"47":{"start":{"line":124,"column":4},"end":{"line":128,"column":7}},"48":{"start":{"line":133,"column":0},"end":{"line":198,"column":2}},"49":{"start":{"line":134,"column":2},"end":{"line":197,"column":3}},"50":{"start":{"line":135,"column":4},"end":{"line":140,"column":5}},"51":{"start":{"line":136,"column":6},"end":{"line":139,"column":9}},"52":{"start":{"line":142,"column":21},"end":{"line":142,"column":40}},"53":{"start":{"line":143,"column":19},"end":{"line":143,"column":40}},"54":{"start":{"line":144,"column":18},"end":{"line":144,"column":38}},"55":{"start":{"line":147,"column":19},"end":{"line":147,"column":50}},"56":{"start":{"line":148,"column":4},"end":{"line":156,"column":5}},"57":{"start":{"line":150,"column":6},"end":{"line":150,"column":58}},"58":{"start":{"line":150,"column":32},"end":{"line":150,"column":56}},"59":{"start":{"line":152,"column":6},"end":{"line":155,"column":9}},"60":{"start":{"line":159,"column":30},"end":{"line":167,"column":6}},"61":{"start":{"line":160,"column":22},"end":{"line":160,"column":49}},"62":{"start":{"line":161,"column":6},"end":{"line":166,"column":8}},"63":{"start":{"line":170,"column":4},"end":{"line":172,"column":5}},"64":{"start":{"line":171,"column":6},"end":{"line":171,"column":28}},"65":{"start":{"line":173,"column":4},"end":{"line":173,"column":48}},"66":{"start":{"line":174,"column":4},"end":{"line":174,"column":24}},"67":{"start":{"line":176,"column":4},"end":{"line":183,"column":7}},"68":{"start":{"line":185,"column":4},"end":{"line":185,"column":59}},"69":{"start":{"line":188,"column":4},"end":{"line":190,"column":5}},"70":{"start":{"line":189,"column":6},"end":{"line":189,"column":58}},"71":{"start":{"line":189,"column":32},"end":{"line":189,"column":56}},"72":{"start":{"line":192,"column":4},"end":{"line":196,"column":7}},"73":{"start":{"line":201,"column":0},"end":{"line":273,"column":2}},"74":{"start":{"line":202,"column":2},"end":{"line":272,"column":3}},"75":{"start":{"line":203,"column":39},"end":{"line":203,"column":49}},"76":{"start":{"line":206,"column":19},"end":{"line":206,"column":50}},"77":{"start":{"line":207,"column":4},"end":{"line":212,"column":5}},"78":{"start":{"line":208,"column":6},"end":{"line":211,"column":9}},"79":{"start":{"line":217,"column":4},"end":{"line":249,"column":5}},"80":{"start":{"line":219,"column":8},"end":{"line":219,"column":38}},"81":{"start":{"line":220,"column":8},"end":{"line":220,"column":33}},"82":{"start":{"line":221,"column":8},"end":{"line":221,"column":14}},"83":{"start":{"line":223,"column":27},"end":{"line":223,"column":84}},"84":{"start":{"line":223,"column":56},"end":{"line":223,"column":83}},"85":{"start":{"line":224,"column":8},"end":{"line":229,"column":9}},"86":{"start":{"line":225,"column":10},"end":{"line":228,"column":13}},"87":{"start":{"line":230,"column":8},"end":{"line":230,"column":48}},"88":{"start":{"line":231,"column":8},"end":{"line":231,"column":44}},"89":{"start":{"line":232,"column":8},"end":{"line":232,"column":14}},"90":{"start":{"line":234,"column":25},"end":{"line":234,"column":85}},"91":{"start":{"line":234,"column":57},"end":{"line":234,"column":84}},"92":{"start":{"line":235,"column":8},"end":{"line":240,"column":9}},"93":{"start":{"line":236,"column":10},"end":{"line":239,"column":13}},"94":{"start":{"line":241,"column":8},"end":{"line":241,"column":49}},"95":{"start":{"line":242,"column":8},"end":{"line":242,"column":45}},"96":{"start":{"line":243,"column":8},"end":{"line":243,"column":14}},"97":{"start":{"line":245,"column":8},"end":{"line":248,"column":11}},"98":{"start":{"line":251,"column":4},"end":{"line":251,"column":24}},"99":{"start":{"line":254,"column":4},"end":{"line":259,"column":5}},"100":{"start":{"line":255,"column":23},"end":{"line":255,"column":62}},"101":{"start":{"line":256,"column":6},"end":{"line":258,"column":7}},"102":{"start":{"line":257,"column":8},"end":{"line":257,"column":32}},"103":{"start":{"line":261,"column":4},"end":{"line":264,"column":7}},"104":{"start":{"line":266,"column":4},"end":{"line":266,"column":58}},"105":{"start":{"line":267,"column":4},"end":{"line":271,"column":7}}},"fnMap":{"0":{"name":"(anonymous_0)","decl":{"start":{"line":6,"column":29},"end":{"line":6,"column":30}},"loc":{"start":{"line":6,"column":49},"end":{"line":64,"column":1}},"line":6},"1":{"name":"(anonymous_1)","decl":{"start":{"line":67,"column":23},"end":{"line":67,"column":24}},"loc":{"start":{"line":67,"column":43},"end":{"line":130,"column":1}},"line":67},"2":{"name":"(anonymous_2)","decl":{"start":{"line":83,"column":24},"end":{"line":83,"column":25}},"loc":{"start":{"line":83,"column":32},"end":{"line":83,"column":56}},"line":83},"3":{"name":"(anonymous_3)","decl":{"start":{"line":92,"column":41},"end":{"line":92,"column":42}},"loc":{"start":{"line":92,"column":58},"end":{"line":99,"column":5}},"line":92},"4":{"name":"(anonymous_4)","decl":{"start":{"line":121,"column":24},"end":{"line":121,"column":25}},"loc":{"start":{"line":121,"column":32},"end":{"line":121,"column":56}},"line":121},"5":{"name":"(anonymous_5)","decl":{"start":{"line":133,"column":26},"end":{"line":133,"column":27}},"loc":{"start":{"line":133,"column":46},"end":{"line":198,"column":1}},"line":133},"6":{"name":"(anonymous_6)","decl":{"start":{"line":150,"column":24},"end":{"line":150,"column":25}},"loc":{"start":{"line":150,"column":32},"end":{"line":150,"column":56}},"line":150},"7":{"name":"(anonymous_7)","decl":{"start":{"line":159,"column":44},"end":{"line":159,"column":45}},"loc":{"start":{"line":159,"column":61},"end":{"line":167,"column":5}},"line":159},"8":{"name":"(anonymous_8)","decl":{"start":{"line":189,"column":24},"end":{"line":189,"column":25}},"loc":{"start":{"line":189,"column":32},"end":{"line":189,"column":56}},"line":189},"9":{"name":"(anonymous_9)","decl":{"start":{"line":201,"column":22},"end":{"line":201,"column":23}},"loc":{"start":{"line":201,"column":42},"end":{"line":273,"column":1}},"line":201},"10":{"name":"(anonymous_10)","decl":{"start":{"line":223,"column":51},"end":{"line":223,"column":52}},"loc":{"start":{"line":223,"column":56},"end":{"line":223,"column":83}},"line":223},"11":{"name":"(anonymous_11)","decl":{"start":{"line":234,"column":52},"end":{"line":234,"column":53}},"loc":{"start":{"line":234,"column":57},"end":{"line":234,"column":84}},"line":234}},"branchMap":{"0":{"loc":{"start":{"line":8,"column":4},"end":{"line":13,"column":5}},"type":"if","locations":[{"start":{"line":8,"column":4},"end":{"line":13,"column":5}},{"start":{},"end":{}}],"line":8},"1":{"loc":{"start":{"line":19,"column":4},"end":{"line":27,"column":5}},"type":"if","locations":[{"start":{"line":19,"column":4},"end":{"line":27,"column":5}},{"start":{},"end":{}}],"line":19},"2":{"loc":{"start":{"line":30,"column":4},"end":{"line":35,"column":5}},"type":"if","locations":[{"start":{"line":30,"column":4},"end":{"line":35,"column":5}},{"start":{},"end":{}}],"line":30},"3":{"loc":{"start":{"line":32,"column":6},"end":{"line":34,"column":7}},"type":"if","locations":[{"start":{"line":32,"column":6},"end":{"line":34,"column":7}},{"start":{},"end":{}}],"line":32},"4":{"loc":{"start":{"line":54,"column":4},"end":{"line":56,"column":5}},"type":"if","locations":[{"start":{"line":54,"column":4},"end":{"line":56,"column":5}},{"start":{},"end":{}}],"line":54},"5":{"loc":{"start":{"line":69,"column":4},"end":{"line":74,"column":5}},"type":"if","locations":[{"start":{"line":69,"column":4},"end":{"line":74,"column":5}},{"start":{},"end":{}}],"line":69},"6":{"loc":{"start":{"line":69,"column":8},"end":{"line":69,"column":44}},"type":"binary-expr","locations":[{"start":{"line":69,"column":8},"end":{"line":69,"column":18}},{"start":{"line":69,"column":22},"end":{"line":69,"column":44}}],"line":69},"7":{"loc":{"start":{"line":77,"column":21},"end":{"line":77,"column":44}},"type":"binary-expr","locations":[{"start":{"line":77,"column":21},"end":{"line":77,"column":38}},{"start":{"line":77,"column":42},"end":{"line":77,"column":44}}],"line":77},"8":{"loc":{"start":{"line":81,"column":4},"end":{"line":89,"column":5}},"type":"if","locations":[{"start":{"line":81,"column":4},"end":{"line":89,"column":5}},{"start":{},"end":{}}],"line":81},"9":{"loc":{"start":{"line":96,"column":17},"end":{"line":96,"column":38}},"type":"binary-expr","locations":[{"start":{"line":96,"column":17},"end":{"line":96,"column":32}},{"start":{"line":96,"column":36},"end":{"line":96,"column":38}}],"line":96},"10":{"loc":{"start":{"line":102,"column":4},"end":{"line":104,"column":5}},"type":"if","locations":[{"start":{"line":102,"column":4},"end":{"line":104,"column":5}},{"start":{},"end":{}}],"line":102},"11":{"loc":{"start":{"line":120,"column":4},"end":{"line":122,"column":5}},"type":"if","locations":[{"start":{"line":120,"column":4},"end":{"line":122,"column":5}},{"start":{},"end":{}}],"line":120},"12":{"loc":{"start":{"line":135,"column":4},"end":{"line":140,"column":5}},"type":"if","locations":[{"start":{"line":135,"column":4},"end":{"line":140,"column":5}},{"start":{},"end":{}}],"line":135},"13":{"loc":{"start":{"line":135,"column":8},"end":{"line":135,"column":44}},"type":"binary-expr","locations":[{"start":{"line":135,"column":8},"end":{"line":135,"column":18}},{"start":{"line":135,"column":22},"end":{"line":135,"column":44}}],"line":135},"14":{"loc":{"start":{"line":143,"column":19},"end":{"line":143,"column":40}},"type":"binary-expr","locations":[{"start":{"line":143,"column":19},"end":{"line":143,"column":34}},{"start":{"line":143,"column":38},"end":{"line":143,"column":40}}],"line":143},"15":{"loc":{"start":{"line":144,"column":18},"end":{"line":144,"column":38}},"type":"binary-expr","locations":[{"start":{"line":144,"column":18},"end":{"line":144,"column":32}},{"start":{"line":144,"column":36},"end":{"line":144,"column":38}}],"line":144},"16":{"loc":{"start":{"line":148,"column":4},"end":{"line":156,"column":5}},"type":"if","locations":[{"start":{"line":148,"column":4},"end":{"line":156,"column":5}},{"start":{},"end":{}}],"line":148},"17":{"loc":{"start":{"line":163,"column":15},"end":{"line":163,"column":49}},"type":"binary-expr","locations":[{"start":{"line":163,"column":15},"end":{"line":163,"column":28}},{"start":{"line":163,"column":32},"end":{"line":163,"column":49}}],"line":163},"18":{"loc":{"start":{"line":164,"column":14},"end":{"line":164,"column":36}},"type":"binary-expr","locations":[{"start":{"line":164,"column":14},"end":{"line":164,"column":26}},{"start":{"line":164,"column":30},"end":{"line":164,"column":36}}],"line":164},"19":{"loc":{"start":{"line":170,"column":4},"end":{"line":172,"column":5}},"type":"if","locations":[{"start":{"line":170,"column":4},"end":{"line":172,"column":5}},{"start":{},"end":{}}],"line":170},"20":{"loc":{"start":{"line":188,"column":4},"end":{"line":190,"column":5}},"type":"if","locations":[{"start":{"line":188,"column":4},"end":{"line":190,"column":5}},{"start":{},"end":{}}],"line":188},"21":{"loc":{"start":{"line":207,"column":4},"end":{"line":212,"column":5}},"type":"if","locations":[{"start":{"line":207,"column":4},"end":{"line":212,"column":5}},{"start":{},"end":{}}],"line":207},"22":{"loc":{"start":{"line":217,"column":4},"end":{"line":249,"column":5}},"type":"switch","locations":[{"start":{"line":218,"column":6},"end":{"line":221,"column":14}},{"start":{"line":222,"column":6},"end":{"line":232,"column":14}},{"start":{"line":233,"column":6},"end":{"line":243,"column":14}},{"start":{"line":244,"column":6},"end":{"line":248,"column":11}}],"line":217},"23":{"loc":{"start":{"line":224,"column":8},"end":{"line":229,"column":9}},"type":"if","locations":[{"start":{"line":224,"column":8},"end":{"line":229,"column":9}},{"start":{},"end":{}}],"line":224},"24":{"loc":{"start":{"line":235,"column":8},"end":{"line":240,"column":9}},"type":"if","locations":[{"start":{"line":235,"column":8},"end":{"line":240,"column":9}},{"start":{},"end":{}}],"line":235},"25":{"loc":{"start":{"line":254,"column":4},"end":{"line":259,"column":5}},"type":"if","locations":[{"start":{"line":254,"column":4},"end":{"line":259,"column":5}},{"start":{},"end":{}}],"line":254},"26":{"loc":{"start":{"line":256,"column":6},"end":{"line":258,"column":7}},"type":"if","locations":[{"start":{"line":256,"column":6},"end":{"line":258,"column":7}},{"start":{},"end":{}}],"line":256}},"s":{"0":1,"1":1,"2":1,"3":1,"4":3,"5":3,"6":0,"7":3,"8":3,"9":3,"10":1,"11":1,"12":2,"13":1,"14":1,"15":1,"16":2,"17":2,"18":2,"19":2,"20":0,"21":0,"22":0,"23":0,"24":1,"25":1,"26":1,"27":0,"28":1,"29":1,"30":1,"31":1,"32":0,"33":0,"34":0,"35":1,"36":2,"37":2,"38":1,"39":0,"40":1,"41":1,"42":1,"43":0,"44":0,"45":0,"46":0,"47":0,"48":1,"49":0,"50":0,"51":0,"52":0,"53":0,"54":0,"55":0,"56":0,"57":0,"58":0,"59":0,"60":0,"61":0,"62":0,"63":0,"64":0,"65":0,"66":0,"67":0,"68":0,"69":0,"70":0,"71":0,"72":0,"73":1,"74":2,"75":2,"76":2,"77":2,"78":0,"79":2,"80":0,"81":0,"82":0,"83":2,"84":2,"85":2,"86":1,"87":1,"88":1,"89":1,"90":0,"91":0,"92":0,"93":0,"94":0,"95":0,"96":0,"97":0,"98":1,"99":1,"100":1,"101":1,"102":1,"103":1,"104":0,"105":0},"f":{"0":3,"1":1,"2":0,"3":2,"4":0,"5":0,"6":0,"7":0,"8":0,"9":2,"10":2,"11":0},"b":{"0":[0,3],"1":[1,2],"2":[1,1],"3":[1,0],"4":[0,0],"5":[0,1],"6":[1,1],"7":[1,0],"8":[0,1],"9":[2,0],"10":[0,1],"11":[0,0],"12":[0,0],"13":[0,0],"14":[0,0],"15":[0,0],"16":[0,0],"17":[0,0],"18":[0,0],"19":[0,0],"20":[0,0],"21":[0,2],"22":[0,2,0,0],"23":[1,1],"24":[0,0],"25":[1,0],"26":[1,0]},"_coverageSchema":"1a1c01bbd47fc00a2c39e90264f33305004495a9","hash":"2fb0c2e57e2f13a32b606496844affe58cb3bd24"}
,"/Users/gustavo/Documents/develp/genea/genea-app/server/src/controllers/person.controller.js": {"path":"/Users/gustavo/Documents/develp/genea/genea-app/server/src/controllers/person.controller.js","statementMap":{"0":{"start":{"line":1,"column":15},"end":{"line":1,"column":48}},"1":{"start":{"line":4,"column":0},"end":{"line":41,"column":2}},"2":{"start":{"line":5,"column":2},"end":{"line":40,"column":3}},"3":{"start":{"line":6,"column":54},"end":{"line":6,"column":63}},"4":{"start":{"line":8,"column":17},"end":{"line":8,"column":19}},"5":{"start":{"line":11,"column":4},"end":{"line":14,"column":5}},"6":{"start":{"line":17,"column":4},"end":{"line":19,"column":5}},"7":{"start":{"line":18,"column":6},"end":{"line":18,"column":57}},"8":{"start":{"line":21,"column":20},"end":{"line":24,"column":27}},"9":{"start":{"line":26,"column":18},"end":{"line":26,"column":53}},"10":{"start":{"line":28,"column":4},"end":{"line":33,"column":7}},"11":{"start":{"line":35,"column":4},"end":{"line":39,"column":7}},"12":{"start":{"line":44,"column":0},"end":{"line":70,"column":2}},"13":{"start":{"line":45,"column":2},"end":{"line":69,"column":3}},"14":{"start":{"line":46,"column":19},"end":{"line":50,"column":33}},"15":{"start":{"line":52,"column":4},"end":{"line":57,"column":5}},"16":{"start":{"line":53,"column":6},"end":{"line":56,"column":9}},"17":{"start":{"line":59,"column":4},"end":{"line":62,"column":7}},"18":{"start":{"line":64,"column":4},"end":{"line":68,"column":7}},"19":{"start":{"line":73,"column":0},"end":{"line":93,"column":2}},"20":{"start":{"line":74,"column":2},"end":{"line":92,"column":3}},"21":{"start":{"line":75,"column":22},"end":{"line":78,"column":6}},"22":{"start":{"line":80,"column":24},"end":{"line":80,"column":46}},"23":{"start":{"line":82,"column":4},"end":{"line":85,"column":7}},"24":{"start":{"line":87,"column":4},"end":{"line":91,"column":7}},"25":{"start":{"line":96,"column":0},"end":{"line":122,"column":2}},"26":{"start":{"line":97,"column":2},"end":{"line":121,"column":3}},"27":{"start":{"line":98,"column":26},"end":{"line":102,"column":5}},"28":{"start":{"line":104,"column":4},"end":{"line":109,"column":5}},"29":{"start":{"line":105,"column":6},"end":{"line":108,"column":9}},"30":{"start":{"line":111,"column":4},"end":{"line":114,"column":7}},"31":{"start":{"line":116,"column":4},"end":{"line":120,"column":7}},"32":{"start":{"line":125,"column":0},"end":{"line":170,"column":2}},"33":{"start":{"line":126,"column":2},"end":{"line":169,"column":3}},"34":{"start":{"line":127,"column":19},"end":{"line":127,"column":55}},"35":{"start":{"line":129,"column":4},"end":{"line":134,"column":5}},"36":{"start":{"line":130,"column":6},"end":{"line":133,"column":9}},"37":{"start":{"line":137,"column":4},"end":{"line":140,"column":6}},"38":{"start":{"line":142,"column":4},"end":{"line":145,"column":6}},"39":{"start":{"line":147,"column":4},"end":{"line":150,"column":6}},"40":{"start":{"line":152,"column":4},"end":{"line":155,"column":6}},"41":{"start":{"line":157,"column":4},"end":{"line":157,"column":26}},"42":{"start":{"line":159,"column":4},"end":{"line":162,"column":7}},"43":{"start":{"line":164,"column":4},"end":{"line":168,"column":7}},"44":{"start":{"line":173,"column":0},"end":{"line":280,"column":2}},"45":{"start":{"line":174,"column":2},"end":{"line":279,"column":3}},"46":{"start":{"line":175,"column":56},"end":{"line":175,"column":64}},"47":{"start":{"line":177,"column":19},"end":{"line":177,"column":50}},"48":{"start":{"line":178,"column":26},"end":{"line":178,"column":64}},"49":{"start":{"line":180,"column":4},"end":{"line":185,"column":5}},"50":{"start":{"line":181,"column":6},"end":{"line":184,"column":9}},"51":{"start":{"line":188,"column":4},"end":{"line":264,"column":5}},"52":{"start":{"line":190,"column":8},"end":{"line":192,"column":9}},"53":{"start":{"line":191,"column":10},"end":{"line":191,"column":47}},"54":{"start":{"line":193,"column":8},"end":{"line":195,"column":9}},"55":{"start":{"line":194,"column":10},"end":{"line":194,"column":48}},"56":{"start":{"line":196,"column":8},"end":{"line":196,"column":14}},"57":{"start":{"line":198,"column":8},"end":{"line":200,"column":9}},"58":{"start":{"line":199,"column":10},"end":{"line":199,"column":48}},"59":{"start":{"line":201,"column":8},"end":{"line":203,"column":9}},"60":{"start":{"line":202,"column":10},"end":{"line":202,"column":47}},"61":{"start":{"line":204,"column":8},"end":{"line":204,"column":14}},"62":{"start":{"line":206,"column":8},"end":{"line":208,"column":9}},"63":{"start":{"line":207,"column":10},"end":{"line":207,"column":48}},"64":{"start":{"line":209,"column":8},"end":{"line":211,"column":9}},"65":{"start":{"line":210,"column":10},"end":{"line":210,"column":48}},"66":{"start":{"line":212,"column":8},"end":{"line":212,"column":14}},"67":{"start":{"line":214,"column":63},"end":{"line":214,"column":71}},"68":{"start":{"line":217,"column":36},"end":{"line":219,"column":9}},"69":{"start":{"line":218,"column":15},"end":{"line":218,"column":54}},"70":{"start":{"line":221,"column":8},"end":{"line":236,"column":9}},"71":{"start":{"line":222,"column":10},"end":{"line":227,"column":13}},"72":{"start":{"line":230,"column":10},"end":{"line":235,"column":12}},"73":{"start":{"line":238,"column":43},"end":{"line":240,"column":9}},"74":{"start":{"line":239,"column":15},"end":{"line":239,"column":47}},"75":{"start":{"line":242,"column":8},"end":{"line":257,"column":9}},"76":{"start":{"line":243,"column":10},"end":{"line":248,"column":13}},"77":{"start":{"line":251,"column":10},"end":{"line":256,"column":12}},"78":{"start":{"line":258,"column":8},"end":{"line":258,"column":14}},"79":{"start":{"line":260,"column":8},"end":{"line":263,"column":11}},"80":{"start":{"line":266,"column":4},"end":{"line":266,"column":24}},"81":{"start":{"line":267,"column":4},"end":{"line":267,"column":31}},"82":{"start":{"line":269,"column":4},"end":{"line":272,"column":7}},"83":{"start":{"line":274,"column":4},"end":{"line":278,"column":7}},"84":{"start":{"line":283,"column":0},"end":{"line":336,"column":2}},"85":{"start":{"line":284,"column":2},"end":{"line":335,"column":3}},"86":{"start":{"line":285,"column":56},"end":{"line":285,"column":64}},"87":{"start":{"line":287,"column":19},"end":{"line":287,"column":50}},"88":{"start":{"line":288,"column":26},"end":{"line":288,"column":64}},"89":{"start":{"line":290,"column":4},"end":{"line":295,"column":5}},"90":{"start":{"line":291,"column":6},"end":{"line":294,"column":9}},"91":{"start":{"line":298,"column":4},"end":{"line":320,"column":5}},"92":{"start":{"line":300,"column":8},"end":{"line":300,"column":86}},"93":{"start":{"line":300,"column":52},"end":{"line":300,"column":84}},"94":{"start":{"line":301,"column":8},"end":{"line":301,"column":95}},"95":{"start":{"line":301,"column":68},"end":{"line":301,"column":93}},"96":{"start":{"line":302,"column":8},"end":{"line":302,"column":14}},"97":{"start":{"line":304,"column":8},"end":{"line":304,"column":88}},"98":{"start":{"line":304,"column":54},"end":{"line":304,"column":86}},"99":{"start":{"line":305,"column":8},"end":{"line":305,"column":93}},"100":{"start":{"line":305,"column":66},"end":{"line":305,"column":91}},"101":{"start":{"line":306,"column":8},"end":{"line":306,"column":14}},"102":{"start":{"line":308,"column":8},"end":{"line":308,"column":88}},"103":{"start":{"line":308,"column":54},"end":{"line":308,"column":86}},"104":{"start":{"line":309,"column":8},"end":{"line":309,"column":95}},"105":{"start":{"line":309,"column":68},"end":{"line":309,"column":93}},"106":{"start":{"line":310,"column":8},"end":{"line":310,"column":14}},"107":{"start":{"line":312,"column":8},"end":{"line":312,"column":93}},"108":{"start":{"line":312,"column":52},"end":{"line":312,"column":91}},"109":{"start":{"line":313,"column":8},"end":{"line":313,"column":100}},"110":{"start":{"line":313,"column":66},"end":{"line":313,"column":98}},"111":{"start":{"line":314,"column":8},"end":{"line":314,"column":14}},"112":{"start":{"line":316,"column":8},"end":{"line":319,"column":11}},"113":{"start":{"line":322,"column":4},"end":{"line":322,"column":24}},"114":{"start":{"line":323,"column":4},"end":{"line":323,"column":31}},"115":{"start":{"line":325,"column":4},"end":{"line":328,"column":7}},"116":{"start":{"line":330,"column":4},"end":{"line":334,"column":7}},"117":{"start":{"line":339,"column":0},"end":{"line":423,"column":2}},"118":{"start":{"line":340,"column":2},"end":{"line":422,"column":3}},"119":{"start":{"line":341,"column":19},"end":{"line":341,"column":29}},"120":{"start":{"line":342,"column":55},"end":{"line":342,"column":64}},"121":{"start":{"line":345,"column":23},"end":{"line":345,"column":48}},"122":{"start":{"line":346,"column":4},"end":{"line":351,"column":5}},"123":{"start":{"line":347,"column":6},"end":{"line":350,"column":9}},"124":{"start":{"line":354,"column":22},"end":{"line":406,"column":5}},"125":{"start":{"line":355,"column":6},"end":{"line":355,"column":43}},"126":{"start":{"line":355,"column":31},"end":{"line":355,"column":43}},"127":{"start":{"line":357,"column":21},"end":{"line":364,"column":10}},"128":{"start":{"line":366,"column":6},"end":{"line":366,"column":31}},"129":{"start":{"line":366,"column":19},"end":{"line":366,"column":31}},"130":{"start":{"line":369,"column":25},"end":{"line":376,"column":7}},"131":{"start":{"line":379,"column":6},"end":{"line":393,"column":7}},"132":{"start":{"line":380,"column":8},"end":{"line":392,"column":12}},"133":{"start":{"line":380,"column":59},"end":{"line":392,"column":9}},"134":{"start":{"line":396,"column":6},"end":{"line":403,"column":7}},"135":{"start":{"line":397,"column":33},"end":{"line":399,"column":9}},"136":{"start":{"line":398,"column":10},"end":{"line":398,"column":54}},"137":{"start":{"line":401,"column":25},"end":{"line":401,"column":60}},"138":{"start":{"line":402,"column":8},"end":{"line":402,"column":71}},"139":{"start":{"line":402,"column":55},"end":{"line":402,"column":69}},"140":{"start":{"line":405,"column":6},"end":{"line":405,"column":24}},"141":{"start":{"line":409,"column":17},"end":{"line":409,"column":62}},"142":{"start":{"line":411,"column":4},"end":{"line":414,"column":7}},"143":{"start":{"line":416,"column":4},"end":{"line":416,"column":67}},"144":{"start":{"line":417,"column":4},"end":{"line":421,"column":7}}},"fnMap":{"0":{"name":"(anonymous_0)","decl":{"start":{"line":4,"column":24},"end":{"line":4,"column":25}},"loc":{"start":{"line":4,"column":44},"end":{"line":41,"column":1}},"line":4},"1":{"name":"(anonymous_1)","decl":{"start":{"line":44,"column":24},"end":{"line":44,"column":25}},"loc":{"start":{"line":44,"column":44},"end":{"line":70,"column":1}},"line":44},"2":{"name":"(anonymous_2)","decl":{"start":{"line":73,"column":23},"end":{"line":73,"column":24}},"loc":{"start":{"line":73,"column":43},"end":{"line":93,"column":1}},"line":73},"3":{"name":"(anonymous_3)","decl":{"start":{"line":96,"column":23},"end":{"line":96,"column":24}},"loc":{"start":{"line":96,"column":43},"end":{"line":122,"column":1}},"line":96},"4":{"name":"(anonymous_4)","decl":{"start":{"line":125,"column":23},"end":{"line":125,"column":24}},"loc":{"start":{"line":125,"column":43},"end":{"line":170,"column":1}},"line":125},"5":{"name":"(anonymous_5)","decl":{"start":{"line":173,"column":22},"end":{"line":173,"column":23}},"loc":{"start":{"line":173,"column":42},"end":{"line":280,"column":1}},"line":173},"6":{"name":"(anonymous_6)","decl":{"start":{"line":218,"column":10},"end":{"line":218,"column":11}},"loc":{"start":{"line":218,"column":15},"end":{"line":218,"column":54}},"line":218},"7":{"name":"(anonymous_7)","decl":{"start":{"line":239,"column":10},"end":{"line":239,"column":11}},"loc":{"start":{"line":239,"column":15},"end":{"line":239,"column":47}},"line":239},"8":{"name":"(anonymous_8)","decl":{"start":{"line":283,"column":25},"end":{"line":283,"column":26}},"loc":{"start":{"line":283,"column":45},"end":{"line":336,"column":1}},"line":283},"9":{"name":"(anonymous_9)","decl":{"start":{"line":300,"column":47},"end":{"line":300,"column":48}},"loc":{"start":{"line":300,"column":52},"end":{"line":300,"column":84}},"line":300},"10":{"name":"(anonymous_10)","decl":{"start":{"line":301,"column":63},"end":{"line":301,"column":64}},"loc":{"start":{"line":301,"column":68},"end":{"line":301,"column":93}},"line":301},"11":{"name":"(anonymous_11)","decl":{"start":{"line":304,"column":49},"end":{"line":304,"column":50}},"loc":{"start":{"line":304,"column":54},"end":{"line":304,"column":86}},"line":304},"12":{"name":"(anonymous_12)","decl":{"start":{"line":305,"column":61},"end":{"line":305,"column":62}},"loc":{"start":{"line":305,"column":66},"end":{"line":305,"column":91}},"line":305},"13":{"name":"(anonymous_13)","decl":{"start":{"line":308,"column":49},"end":{"line":308,"column":50}},"loc":{"start":{"line":308,"column":54},"end":{"line":308,"column":86}},"line":308},"14":{"name":"(anonymous_14)","decl":{"start":{"line":309,"column":63},"end":{"line":309,"column":64}},"loc":{"start":{"line":309,"column":68},"end":{"line":309,"column":93}},"line":309},"15":{"name":"(anonymous_15)","decl":{"start":{"line":312,"column":47},"end":{"line":312,"column":48}},"loc":{"start":{"line":312,"column":52},"end":{"line":312,"column":91}},"line":312},"16":{"name":"(anonymous_16)","decl":{"start":{"line":313,"column":61},"end":{"line":313,"column":62}},"loc":{"start":{"line":313,"column":66},"end":{"line":313,"column":98}},"line":313},"17":{"name":"(anonymous_17)","decl":{"start":{"line":339,"column":24},"end":{"line":339,"column":25}},"loc":{"start":{"line":339,"column":44},"end":{"line":423,"column":1}},"line":339},"18":{"name":"(anonymous_18)","decl":{"start":{"line":354,"column":22},"end":{"line":354,"column":23}},"loc":{"start":{"line":354,"column":62},"end":{"line":406,"column":5}},"line":354},"19":{"name":"(anonymous_19)","decl":{"start":{"line":380,"column":48},"end":{"line":380,"column":49}},"loc":{"start":{"line":380,"column":59},"end":{"line":392,"column":9}},"line":380},"20":{"name":"(anonymous_20)","decl":{"start":{"line":397,"column":53},"end":{"line":397,"column":54}},"loc":{"start":{"line":398,"column":10},"end":{"line":398,"column":54}},"line":398},"21":{"name":"(anonymous_21)","decl":{"start":{"line":402,"column":46},"end":{"line":402,"column":47}},"loc":{"start":{"line":402,"column":55},"end":{"line":402,"column":69}},"line":402}},"branchMap":{"0":{"loc":{"start":{"line":6,"column":29},"end":{"line":6,"column":39}},"type":"default-arg","locations":[{"start":{"line":6,"column":37},"end":{"line":6,"column":39}}],"line":6},"1":{"loc":{"start":{"line":6,"column":41},"end":{"line":6,"column":49}},"type":"default-arg","locations":[{"start":{"line":6,"column":48},"end":{"line":6,"column":49}}],"line":6},"2":{"loc":{"start":{"line":11,"column":4},"end":{"line":14,"column":5}},"type":"if","locations":[{"start":{"line":11,"column":4},"end":{"line":14,"column":5}},{"start":{},"end":{}}],"line":11},"3":{"loc":{"start":{"line":17,"column":4},"end":{"line":19,"column":5}},"type":"if","locations":[{"start":{"line":17,"column":4},"end":{"line":19,"column":5}},{"start":{},"end":{}}],"line":17},"4":{"loc":{"start":{"line":52,"column":4},"end":{"line":57,"column":5}},"type":"if","locations":[{"start":{"line":52,"column":4},"end":{"line":57,"column":5}},{"start":{},"end":{}}],"line":52},"5":{"loc":{"start":{"line":104,"column":4},"end":{"line":109,"column":5}},"type":"if","locations":[{"start":{"line":104,"column":4},"end":{"line":109,"column":5}},{"start":{},"end":{}}],"line":104},"6":{"loc":{"start":{"line":129,"column":4},"end":{"line":134,"column":5}},"type":"if","locations":[{"start":{"line":129,"column":4},"end":{"line":134,"column":5}},{"start":{},"end":{}}],"line":129},"7":{"loc":{"start":{"line":180,"column":4},"end":{"line":185,"column":5}},"type":"if","locations":[{"start":{"line":180,"column":4},"end":{"line":185,"column":5}},{"start":{},"end":{}}],"line":180},"8":{"loc":{"start":{"line":180,"column":8},"end":{"line":180,"column":33}},"type":"binary-expr","locations":[{"start":{"line":180,"column":8},"end":{"line":180,"column":15}},{"start":{"line":180,"column":19},"end":{"line":180,"column":33}}],"line":180},"9":{"loc":{"start":{"line":188,"column":4},"end":{"line":264,"column":5}},"type":"switch","locations":[{"start":{"line":189,"column":6},"end":{"line":196,"column":14}},{"start":{"line":197,"column":6},"end":{"line":204,"column":14}},{"start":{"line":205,"column":6},"end":{"line":212,"column":14}},{"start":{"line":213,"column":6},"end":{"line":258,"column":14}},{"start":{"line":259,"column":6},"end":{"line":263,"column":11}}],"line":188},"10":{"loc":{"start":{"line":190,"column":8},"end":{"line":192,"column":9}},"type":"if","locations":[{"start":{"line":190,"column":8},"end":{"line":192,"column":9}},{"start":{},"end":{}}],"line":190},"11":{"loc":{"start":{"line":193,"column":8},"end":{"line":195,"column":9}},"type":"if","locations":[{"start":{"line":193,"column":8},"end":{"line":195,"column":9}},{"start":{},"end":{}}],"line":193},"12":{"loc":{"start":{"line":198,"column":8},"end":{"line":200,"column":9}},"type":"if","locations":[{"start":{"line":198,"column":8},"end":{"line":200,"column":9}},{"start":{},"end":{}}],"line":198},"13":{"loc":{"start":{"line":201,"column":8},"end":{"line":203,"column":9}},"type":"if","locations":[{"start":{"line":201,"column":8},"end":{"line":203,"column":9}},{"start":{},"end":{}}],"line":201},"14":{"loc":{"start":{"line":206,"column":8},"end":{"line":208,"column":9}},"type":"if","locations":[{"start":{"line":206,"column":8},"end":{"line":208,"column":9}},{"start":{},"end":{}}],"line":206},"15":{"loc":{"start":{"line":209,"column":8},"end":{"line":211,"column":9}},"type":"if","locations":[{"start":{"line":209,"column":8},"end":{"line":211,"column":9}},{"start":{},"end":{}}],"line":209},"16":{"loc":{"start":{"line":221,"column":8},"end":{"line":236,"column":9}},"type":"if","locations":[{"start":{"line":221,"column":8},"end":{"line":236,"column":9}},{"start":{"line":228,"column":15},"end":{"line":236,"column":9}}],"line":221},"17":{"loc":{"start":{"line":226,"column":29},"end":{"line":226,"column":83}},"type":"cond-expr","locations":[{"start":{"line":226,"column":61},"end":{"line":226,"column":76}},{"start":{"line":226,"column":79},"end":{"line":226,"column":83}}],"line":226},"18":{"loc":{"start":{"line":232,"column":26},"end":{"line":232,"column":90}},"type":"binary-expr","locations":[{"start":{"line":232,"column":26},"end":{"line":232,"column":38}},{"start":{"line":232,"column":42},"end":{"line":232,"column":90}}],"line":232},"19":{"loc":{"start":{"line":233,"column":25},"end":{"line":233,"column":87}},"type":"binary-expr","locations":[{"start":{"line":233,"column":25},"end":{"line":233,"column":36}},{"start":{"line":233,"column":40},"end":{"line":233,"column":87}}],"line":233},"20":{"loc":{"start":{"line":234,"column":29},"end":{"line":234,"column":130}},"type":"cond-expr","locations":[{"start":{"line":234,"column":61},"end":{"line":234,"column":76}},{"start":{"line":234,"column":79},"end":{"line":234,"column":130}}],"line":234},"21":{"loc":{"start":{"line":242,"column":8},"end":{"line":257,"column":9}},"type":"if","locations":[{"start":{"line":242,"column":8},"end":{"line":257,"column":9}},{"start":{"line":249,"column":15},"end":{"line":257,"column":9}}],"line":242},"22":{"loc":{"start":{"line":247,"column":29},"end":{"line":247,"column":83}},"type":"cond-expr","locations":[{"start":{"line":247,"column":61},"end":{"line":247,"column":76}},{"start":{"line":247,"column":79},"end":{"line":247,"column":83}}],"line":247},"23":{"loc":{"start":{"line":253,"column":26},"end":{"line":253,"column":104}},"type":"binary-expr","locations":[{"start":{"line":253,"column":26},"end":{"line":253,"column":38}},{"start":{"line":253,"column":42},"end":{"line":253,"column":104}}],"line":253},"24":{"loc":{"start":{"line":254,"column":25},"end":{"line":254,"column":101}},"type":"binary-expr","locations":[{"start":{"line":254,"column":25},"end":{"line":254,"column":36}},{"start":{"line":254,"column":40},"end":{"line":254,"column":101}}],"line":254},"25":{"loc":{"start":{"line":255,"column":29},"end":{"line":255,"column":144}},"type":"cond-expr","locations":[{"start":{"line":255,"column":61},"end":{"line":255,"column":76}},{"start":{"line":255,"column":79},"end":{"line":255,"column":144}}],"line":255},"26":{"loc":{"start":{"line":290,"column":4},"end":{"line":295,"column":5}},"type":"if","locations":[{"start":{"line":290,"column":4},"end":{"line":295,"column":5}},{"start":{},"end":{}}],"line":290},"27":{"loc":{"start":{"line":290,"column":8},"end":{"line":290,"column":33}},"type":"binary-expr","locations":[{"start":{"line":290,"column":8},"end":{"line":290,"column":15}},{"start":{"line":290,"column":19},"end":{"line":290,"column":33}}],"line":290},"28":{"loc":{"start":{"line":298,"column":4},"end":{"line":320,"column":5}},"type":"switch","locations":[{"start":{"line":299,"column":6},"end":{"line":302,"column":14}},{"start":{"line":303,"column":6},"end":{"line":306,"column":14}},{"start":{"line":307,"column":6},"end":{"line":310,"column":14}},{"start":{"line":311,"column":6},"end":{"line":314,"column":14}},{"start":{"line":315,"column":6},"end":{"line":319,"column":11}}],"line":298},"29":{"loc":{"start":{"line":342,"column":12},"end":{"line":342,"column":27}},"type":"default-arg","locations":[{"start":{"line":342,"column":26},"end":{"line":342,"column":27}}],"line":342},"30":{"loc":{"start":{"line":342,"column":29},"end":{"line":342,"column":50}},"type":"default-arg","locations":[{"start":{"line":342,"column":46},"end":{"line":342,"column":50}}],"line":342},"31":{"loc":{"start":{"line":346,"column":4},"end":{"line":351,"column":5}},"type":"if","locations":[{"start":{"line":346,"column":4},"end":{"line":351,"column":5}},{"start":{},"end":{}}],"line":346},"32":{"loc":{"start":{"line":355,"column":6},"end":{"line":355,"column":43}},"type":"if","locations":[{"start":{"line":355,"column":6},"end":{"line":355,"column":43}},{"start":{},"end":{}}],"line":355},"33":{"loc":{"start":{"line":366,"column":6},"end":{"line":366,"column":31}},"type":"if","locations":[{"start":{"line":366,"column":6},"end":{"line":366,"column":31}},{"start":{},"end":{}}],"line":366},"34":{"loc":{"start":{"line":379,"column":6},"end":{"line":393,"column":7}},"type":"if","locations":[{"start":{"line":379,"column":6},"end":{"line":393,"column":7}},{"start":{},"end":{}}],"line":379},"35":{"loc":{"start":{"line":379,"column":10},"end":{"line":379,"column":82}},"type":"binary-expr","locations":[{"start":{"line":379,"column":10},"end":{"line":379,"column":35}},{"start":{"line":379,"column":39},"end":{"line":379,"column":53}},{"start":{"line":379,"column":57},"end":{"line":379,"column":82}}],"line":379},"36":{"loc":{"start":{"line":396,"column":6},"end":{"line":403,"column":7}},"type":"if","locations":[{"start":{"line":396,"column":6},"end":{"line":403,"column":7}},{"start":{},"end":{}}],"line":396},"37":{"loc":{"start":{"line":396,"column":10},"end":{"line":396,"column":55}},"type":"binary-expr","locations":[{"start":{"line":396,"column":10},"end":{"line":396,"column":25}},{"start":{"line":396,"column":29},"end":{"line":396,"column":55}}],"line":396}},"s":{"0":1,"1":1,"2":2,"3":2,"4":2,"5":2,"6":2,"7":0,"8":2,"9":1,"10":1,"11":1,"12":1,"13":2,"14":2,"15":2,"16":1,"17":1,"18":0,"19":1,"20":2,"21":2,"22":2,"23":1,"24":1,"25":1,"26":3,"27":3,"28":2,"29":1,"30":1,"31":1,"32":1,"33":3,"34":3,"35":2,"36":1,"37":1,"38":1,"39":1,"40":1,"41":1,"42":1,"43":1,"44":1,"45":3,"46":3,"47":3,"48":3,"49":3,"50":1,"51":2,"52":1,"53":1,"54":1,"55":1,"56":1,"57":0,"58":0,"59":0,"60":0,"61":0,"62":0,"63":0,"64":0,"65":0,"66":0,"67":0,"68":0,"69":0,"70":0,"71":0,"72":0,"73":0,"74":0,"75":0,"76":0,"77":0,"78":0,"79":1,"80":1,"81":1,"82":1,"83":0,"84":1,"85":0,"86":0,"87":0,"88":0,"89":0,"90":0,"91":0,"92":0,"93":0,"94":0,"95":0,"96":0,"97":0,"98":0,"99":0,"100":0,"101":0,"102":0,"103":0,"104":0,"105":0,"106":0,"107":0,"108":0,"109":0,"110":0,"111":0,"112":0,"113":0,"114":0,"115":0,"116":0,"117":1,"118":0,"119":0,"120":0,"121":0,"122":0,"123":0,"124":0,"125":0,"126":0,"127":0,"128":0,"129":0,"130":0,"131":0,"132":0,"133":0,"134":0,"135":0,"136":0,"137":0,"138":0,"139":0,"140":0,"141":0,"142":0,"143":0,"144":0},"f":{"0":2,"1":2,"2":2,"3":3,"4":3,"5":3,"6":0,"7":0,"8":0,"9":0,"10":0,"11":0,"12":0,"13":0,"14":0,"15":0,"16":0,"17":0,"18":0,"19":0,"20":0,"21":0},"b":{"0":[2],"1":[2],"2":[0,2],"3":[0,2],"4":[1,1],"5":[1,1],"6":[1,1],"7":[1,2],"8":[3,3],"9":[1,0,0,0,1],"10":[1,0],"11":[1,0],"12":[0,0],"13":[0,0],"14":[0,0],"15":[0,0],"16":[0,0],"17":[0,0],"18":[0,0],"19":[0,0],"20":[0,0],"21":[0,0],"22":[0,0],"23":[0,0],"24":[0,0],"25":[0,0],"26":[0,0],"27":[0,0],"28":[0,0,0,0,0],"29":[0],"30":[0],"31":[0,0],"32":[0,0],"33":[0,0],"34":[0,0],"35":[0,0,0],"36":[0,0],"37":[0,0]},"_coverageSchema":"1a1c01bbd47fc00a2c39e90264f33305004495a9","hash":"df505432d023d86367250d8b6339bace778d52ad"}
,"/Users/gustavo/Documents/develp/genea/genea-app/server/src/middleware/auth.middleware.js": {"path":"/Users/gustavo/Documents/develp/genea/genea-app/server/src/middleware/auth.middleware.js","statementMap":{"0":{"start":{"line":1,"column":14},"end":{"line":1,"column":39}},"1":{"start":{"line":2,"column":13},"end":{"line":2,"column":44}},"2":{"start":{"line":5,"column":0},"end":{"line":58,"column":2}},"3":{"start":{"line":6,"column":2},"end":{"line":57,"column":3}},"4":{"start":{"line":8,"column":23},"end":{"line":8,"column":48}},"5":{"start":{"line":9,"column":4},"end":{"line":14,"column":5}},"6":{"start":{"line":10,"column":6},"end":{"line":13,"column":9}},"7":{"start":{"line":16,"column":18},"end":{"line":16,"column":42}},"8":{"start":{"line":19,"column":25},"end":{"line":19,"column":64}},"9":{"start":{"line":21,"column":4},"end":{"line":26,"column":5}},"10":{"start":{"line":22,"column":6},"end":{"line":25,"column":9}},"11":{"start":{"line":29,"column":15},"end":{"line":29,"column":60}},"12":{"start":{"line":32,"column":4},"end":{"line":40,"column":5}},"13":{"start":{"line":33,"column":6},"end":{"line":38,"column":9}},"14":{"start":{"line":39,"column":6},"end":{"line":39,"column":24}},"15":{"start":{"line":43,"column":4},"end":{"line":43,"column":32}},"16":{"start":{"line":44,"column":4},"end":{"line":44,"column":22}},"17":{"start":{"line":47,"column":4},"end":{"line":47,"column":20}},"18":{"start":{"line":49,"column":4},"end":{"line":49,"column":11}},"19":{"start":{"line":51,"column":4},"end":{"line":51,"column":52}},"20":{"start":{"line":52,"column":4},"end":{"line":56,"column":7}}},"fnMap":{"0":{"name":"(anonymous_0)","decl":{"start":{"line":5,"column":25},"end":{"line":5,"column":26}},"loc":{"start":{"line":5,"column":51},"end":{"line":58,"column":1}},"line":5}},"branchMap":{"0":{"loc":{"start":{"line":9,"column":4},"end":{"line":14,"column":5}},"type":"if","locations":[{"start":{"line":9,"column":4},"end":{"line":14,"column":5}},{"start":{},"end":{}}],"line":9},"1":{"loc":{"start":{"line":9,"column":8},"end":{"line":9,"column":56}},"type":"binary-expr","locations":[{"start":{"line":9,"column":8},"end":{"line":9,"column":19}},{"start":{"line":9,"column":23},"end":{"line":9,"column":56}}],"line":9},"2":{"loc":{"start":{"line":21,"column":4},"end":{"line":26,"column":5}},"type":"if","locations":[{"start":{"line":21,"column":4},"end":{"line":26,"column":5}},{"start":{},"end":{}}],"line":21},"3":{"loc":{"start":{"line":32,"column":4},"end":{"line":40,"column":5}},"type":"if","locations":[{"start":{"line":32,"column":4},"end":{"line":40,"column":5}},{"start":{},"end":{}}],"line":32},"4":{"loc":{"start":{"line":36,"column":21},"end":{"line":36,"column":74}},"type":"binary-expr","locations":[{"start":{"line":36,"column":21},"end":{"line":36,"column":38}},{"start":{"line":36,"column":42},"end":{"line":36,"column":74}}],"line":36},"5":{"loc":{"start":{"line":37,"column":18},"end":{"line":37,"column":44}},"type":"binary-expr","locations":[{"start":{"line":37,"column":18},"end":{"line":37,"column":38}},{"start":{"line":37,"column":42},"end":{"line":37,"column":44}}],"line":37}},"s":{"0":1,"1":1,"2":1,"3":2,"4":2,"5":2,"6":1,"7":1,"8":1,"9":1,"10":0,"11":1,"12":1,"13":0,"14":0,"15":1,"16":1,"17":1,"18":1,"19":0,"20":0},"f":{"0":2},"b":{"0":[1,1],"1":[2,1],"2":[0,1],"3":[0,1],"4":[0,0],"5":[0,0]},"_coverageSchema":"1a1c01bbd47fc00a2c39e90264f33305004495a9","hash":"d7c7b17a5586031ac9bbdbb4293039bd5c4fe52e"}
,"/Users/gustavo/Documents/develp/genea/genea-app/server/src/models/family.model.js": {"path":"/Users/gustavo/Documents/develp/genea/genea-app/server/src/models/family.model.js","statementMap":{"0":{"start":{"line":1,"column":17},"end":{"line":1,"column":36}},"1":{"start":{"line":2,"column":15},"end":{"line":2,"column":30}},"2":{"start":{"line":4,"column":21},"end":{"line":75,"column":2}},"3":{"start":{"line":78,"column":0},"end":{"line":81,"column":3}},"4":{"start":{"line":79,"column":2},"end":{"line":79,"column":30}},"5":{"start":{"line":80,"column":2},"end":{"line":80,"column":9}},"6":{"start":{"line":83,"column":0},"end":{"line":83,"column":56}}},"fnMap":{"0":{"name":"(anonymous_0)","decl":{"start":{"line":78,"column":25},"end":{"line":78,"column":26}},"loc":{"start":{"line":78,"column":40},"end":{"line":81,"column":1}},"line":78}},"branchMap":{},"s":{"0":0,"1":0,"2":0,"3":0,"4":0,"5":0,"6":0},"f":{"0":0},"b":{}}
,"/Users/gustavo/Documents/develp/genea/genea-app/server/src/models/person.model.js": {"path":"/Users/gustavo/Documents/develp/genea/genea-app/server/src/models/person.model.js","statementMap":{"0":{"start":{"line":1,"column":17},"end":{"line":1,"column":36}},"1":{"start":{"line":2,"column":15},"end":{"line":2,"column":30}},"2":{"start":{"line":4,"column":21},"end":{"line":113,"column":2}},"3":{"start":{"line":116,"column":0},"end":{"line":119,"column":3}},"4":{"start":{"line":117,"column":2},"end":{"line":117,"column":30}},"5":{"start":{"line":118,"column":2},"end":{"line":118,"column":9}},"6":{"start":{"line":121,"column":0},"end":{"line":121,"column":56}}},"fnMap":{"0":{"name":"(anonymous_0)","decl":{"start":{"line":116,"column":25},"end":{"line":116,"column":26}},"loc":{"start":{"line":116,"column":40},"end":{"line":119,"column":1}},"line":116}},"branchMap":{},"s":{"0":0,"1":0,"2":0,"3":0,"4":0,"5":0,"6":0},"f":{"0":0},"b":{}}
,"/Users/gustavo/Documents/develp/genea/genea-app/server/src/models/user.model.js": {"path":"/Users/gustavo/Documents/develp/genea/genea-app/server/src/models/user.model.js","statementMap":{"0":{"start":{"line":1,"column":17},"end":{"line":1,"column":36}},"1":{"start":{"line":2,"column":15},"end":{"line":2,"column":30}},"2":{"start":{"line":4,"column":19},"end":{"line":67,"column":2}},"3":{"start":{"line":69,"column":0},"end":{"line":69,"column":52}}},"fnMap":{},"branchMap":{},"s":{"0":0,"1":0,"2":0,"3":0},"f":{},"b":{}}
,"/Users/gustavo/Documents/develp/genea/genea-app/server/src/routes/auth.routes.js": {"path":"/Users/gustavo/Documents/develp/genea/genea-app/server/src/routes/auth.routes.js","statementMap":{"0":{"start":{"line":1,"column":16},"end":{"line":1,"column":34}},"1":{"start":{"line":2,"column":15},"end":{"line":2,"column":31}},"2":{"start":{"line":3,"column":13},"end":{"line":3,"column":44}},"3":{"start":{"line":4,"column":27},"end":{"line":4,"column":67}},"4":{"start":{"line":7,"column":0},"end":{"line":33,"column":3}},"5":{"start":{"line":8,"column":2},"end":{"line":32,"column":3}},"6":{"start":{"line":9,"column":19},"end":{"line":9,"column":31}},"7":{"start":{"line":11,"column":17},"end":{"line":13,"column":62}},"8":{"start":{"line":15,"column":4},"end":{"line":20,"column":5}},"9":{"start":{"line":16,"column":6},"end":{"line":19,"column":9}},"10":{"start":{"line":22,"column":4},"end":{"line":25,"column":7}},"11":{"start":{"line":27,"column":4},"end":{"line":31,"column":7}},"12":{"start":{"line":36,"column":0},"end":{"line":65,"column":3}},"13":{"start":{"line":37,"column":2},"end":{"line":64,"column":3}},"14":{"start":{"line":38,"column":19},"end":{"line":38,"column":31}},"15":{"start":{"line":39,"column":41},"end":{"line":39,"column":49}},"16":{"start":{"line":41,"column":24},"end":{"line":45,"column":5}},"17":{"start":{"line":47,"column":4},"end":{"line":52,"column":5}},"18":{"start":{"line":48,"column":6},"end":{"line":51,"column":9}},"19":{"start":{"line":54,"column":4},"end":{"line":57,"column":7}},"20":{"start":{"line":59,"column":4},"end":{"line":63,"column":7}},"21":{"start":{"line":68,"column":0},"end":{"line":98,"column":3}},"22":{"start":{"line":69,"column":2},"end":{"line":97,"column":3}},"23":{"start":{"line":70,"column":19},"end":{"line":70,"column":31}},"24":{"start":{"line":71,"column":25},"end":{"line":71,"column":33}},"25":{"start":{"line":73,"column":24},"end":{"line":77,"column":5}},"26":{"start":{"line":79,"column":4},"end":{"line":84,"column":5}},"27":{"start":{"line":80,"column":6},"end":{"line":83,"column":9}},"28":{"start":{"line":86,"column":4},"end":{"line":90,"column":7}},"29":{"start":{"line":92,"column":4},"end":{"line":96,"column":7}},"30":{"start":{"line":100,"column":0},"end":{"line":100,"column":24}}},"fnMap":{"0":{"name":"(anonymous_0)","decl":{"start":{"line":7,"column":39},"end":{"line":7,"column":40}},"loc":{"start":{"line":7,"column":59},"end":{"line":33,"column":1}},"line":7},"1":{"name":"(anonymous_1)","decl":{"start":{"line":36,"column":39},"end":{"line":36,"column":40}},"loc":{"start":{"line":36,"column":59},"end":{"line":65,"column":1}},"line":36},"2":{"name":"(anonymous_2)","decl":{"start":{"line":68,"column":44},"end":{"line":68,"column":45}},"loc":{"start":{"line":68,"column":64},"end":{"line":98,"column":1}},"line":68}},"branchMap":{"0":{"loc":{"start":{"line":15,"column":4},"end":{"line":20,"column":5}},"type":"if","locations":[{"start":{"line":15,"column":4},"end":{"line":20,"column":5}},{"start":{},"end":{}}],"line":15},"1":{"loc":{"start":{"line":47,"column":4},"end":{"line":52,"column":5}},"type":"if","locations":[{"start":{"line":47,"column":4},"end":{"line":52,"column":5}},{"start":{},"end":{}}],"line":47},"2":{"loc":{"start":{"line":79,"column":4},"end":{"line":84,"column":5}},"type":"if","locations":[{"start":{"line":79,"column":4},"end":{"line":84,"column":5}},{"start":{},"end":{}}],"line":79}},"s":{"0":0,"1":0,"2":0,"3":0,"4":0,"5":0,"6":0,"7":0,"8":0,"9":0,"10":0,"11":0,"12":0,"13":0,"14":0,"15":0,"16":0,"17":0,"18":0,"19":0,"20":0,"21":0,"22":0,"23":0,"24":0,"25":0,"26":0,"27":0,"28":0,"29":0,"30":0},"f":{"0":0,"1":0,"2":0},"b":{"0":[0,0],"1":[0,0],"2":[0,0]}}
,"/Users/gustavo/Documents/develp/genea/genea-app/server/src/routes/family.routes.js": {"path":"/Users/gustavo/Documents/develp/genea/genea-app/server/src/routes/family.routes.js","statementMap":{"0":{"start":{"line":1,"column":16},"end":{"line":1,"column":34}},"1":{"start":{"line":2,"column":15},"end":{"line":2,"column":31}},"2":{"start":{"line":3,"column":25},"end":{"line":3,"column":68}},"3":{"start":{"line":4,"column":27},"end":{"line":4,"column":67}},"4":{"start":{"line":7,"column":0},"end":{"line":7,"column":27}},"5":{"start":{"line":10,"column":0},"end":{"line":10,"column":49}},"6":{"start":{"line":11,"column":0},"end":{"line":11,"column":51}},"7":{"start":{"line":12,"column":0},"end":{"line":12,"column":48}},"8":{"start":{"line":13,"column":0},"end":{"line":13,"column":50}},"9":{"start":{"line":14,"column":0},"end":{"line":14,"column":53}},"10":{"start":{"line":17,"column":0},"end":{"line":17,"column":57}},"11":{"start":{"line":19,"column":0},"end":{"line":19,"column":24}}},"fnMap":{},"branchMap":{},"s":{"0":1,"1":1,"2":1,"3":1,"4":1,"5":1,"6":1,"7":1,"8":1,"9":1,"10":1,"11":1},"f":{},"b":{},"_coverageSchema":"1a1c01bbd47fc00a2c39e90264f33305004495a9","hash":"1def21981b17928ec136b61c0b256e5d9ff70f70"}
,"/Users/gustavo/Documents/develp/genea/genea-app/server/src/routes/media.routes.js": {"path":"/Users/gustavo/Documents/develp/genea/genea-app/server/src/routes/media.routes.js","statementMap":{"0":{"start":{"line":1,"column":16},"end":{"line":1,"column":34}},"1":{"start":{"line":2,"column":15},"end":{"line":2,"column":31}},"2":{"start":{"line":3,"column":15},"end":{"line":3,"column":32}},"3":{"start":{"line":4,"column":13},"end":{"line":4,"column":28}},"4":{"start":{"line":5,"column":11},"end":{"line":5,"column":24}},"5":{"start":{"line":6,"column":27},"end":{"line":6,"column":67}},"6":{"start":{"line":7,"column":24},"end":{"line":7,"column":66}},"7":{"start":{"line":10,"column":16},"end":{"line":27,"column":2}},"8":{"start":{"line":12,"column":22},"end":{"line":12,"column":59}},"9":{"start":{"line":15,"column":4},"end":{"line":17,"column":5}},"10":{"start":{"line":16,"column":6},"end":{"line":16,"column":51}},"11":{"start":{"line":19,"column":4},"end":{"line":19,"column":24}},"12":{"start":{"line":23,"column":25},"end":{"line":23,"column":75}},"13":{"start":{"line":24,"column":16},"end":{"line":24,"column":47}},"14":{"start":{"line":25,"column":4},"end":{"line":25,"column":56}},"15":{"start":{"line":30,"column":19},"end":{"line":41,"column":1}},"16":{"start":{"line":32,"column":23},"end":{"line":32,"column":54}},"17":{"start":{"line":33,"column":18},"end":{"line":33,"column":82}},"18":{"start":{"line":34,"column":19},"end":{"line":34,"column":51}},"19":{"start":{"line":36,"column":2},"end":{"line":40,"column":3}},"20":{"start":{"line":37,"column":4},"end":{"line":37,"column":26}},"21":{"start":{"line":39,"column":4},"end":{"line":39,"column":109}},"22":{"start":{"line":43,"column":15},"end":{"line":47,"column":2}},"23":{"start":{"line":50,"column":0},"end":{"line":50,"column":27}},"24":{"start":{"line":53,"column":0},"end":{"line":53,"column":106}},"25":{"start":{"line":56,"column":0},"end":{"line":56,"column":90}},"26":{"start":{"line":59,"column":0},"end":{"line":59,"column":99}},"27":{"start":{"line":62,"column":0},"end":{"line":62,"column":72}},"28":{"start":{"line":64,"column":0},"end":{"line":64,"column":24}}},"fnMap":{"0":{"name":"(anonymous_0)","decl":{"start":{"line":11,"column":15},"end":{"line":11,"column":16}},"loc":{"start":{"line":11,"column":34},"end":{"line":20,"column":3}},"line":11},"1":{"name":"(anonymous_1)","decl":{"start":{"line":21,"column":12},"end":{"line":21,"column":13}},"loc":{"start":{"line":21,"column":31},"end":{"line":26,"column":3}},"line":21},"2":{"name":"(anonymous_2)","decl":{"start":{"line":30,"column":19},"end":{"line":30,"column":20}},"loc":{"start":{"line":30,"column":38},"end":{"line":41,"column":1}},"line":30}},"branchMap":{"0":{"loc":{"start":{"line":15,"column":4},"end":{"line":17,"column":5}},"type":"if","locations":[{"start":{"line":15,"column":4},"end":{"line":17,"column":5}},{"start":{},"end":{}}],"line":15},"1":{"loc":{"start":{"line":36,"column":2},"end":{"line":40,"column":3}},"type":"if","locations":[{"start":{"line":36,"column":2},"end":{"line":40,"column":3}},{"start":{"line":38,"column":9},"end":{"line":40,"column":3}}],"line":36},"2":{"loc":{"start":{"line":36,"column":6},"end":{"line":36,"column":25}},"type":"binary-expr","locations":[{"start":{"line":36,"column":6},"end":{"line":36,"column":13}},{"start":{"line":36,"column":17},"end":{"line":36,"column":25}}],"line":36}},"s":{"0":1,"1":1,"2":1,"3":1,"4":1,"5":1,"6":1,"7":1,"8":0,"9":0,"10":0,"11":0,"12":0,"13":0,"14":0,"15":1,"16":0,"17":0,"18":0,"19":0,"20":0,"21":0,"22":1,"23":1,"24":1,"25":1,"26":1,"27":1,"28":1},"f":{"0":0,"1":0,"2":0},"b":{"0":[0,0],"1":[0,0],"2":[0,0]},"_coverageSchema":"1a1c01bbd47fc00a2c39e90264f33305004495a9","hash":"6058c98b199035ca2502f26f43439d50767dfbd2"}
,"/Users/gustavo/Documents/develp/genea/genea-app/server/src/routes/person.routes.js": {"path":"/Users/gustavo/Documents/develp/genea/genea-app/server/src/routes/person.routes.js","statementMap":{"0":{"start":{"line":1,"column":16},"end":{"line":1,"column":34}},"1":{"start":{"line":2,"column":15},"end":{"line":2,"column":31}},"2":{"start":{"line":3,"column":25},"end":{"line":3,"column":68}},"3":{"start":{"line":4,"column":27},"end":{"line":4,"column":67}},"4":{"start":{"line":7,"column":0},"end":{"line":7,"column":27}},"5":{"start":{"line":10,"column":0},"end":{"line":10,"column":48}},"6":{"start":{"line":11,"column":0},"end":{"line":11,"column":51}},"7":{"start":{"line":12,"column":0},"end":{"line":12,"column":48}},"8":{"start":{"line":13,"column":0},"end":{"line":13,"column":50}},"9":{"start":{"line":14,"column":0},"end":{"line":14,"column":53}},"10":{"start":{"line":17,"column":0},"end":{"line":17,"column":55}},"11":{"start":{"line":18,"column":0},"end":{"line":18,"column":60}},"12":{"start":{"line":21,"column":0},"end":{"line":21,"column":56}},"13":{"start":{"line":23,"column":0},"end":{"line":23,"column":24}}},"fnMap":{},"branchMap":{},"s":{"0":1,"1":1,"2":1,"3":1,"4":1,"5":1,"6":1,"7":1,"8":1,"9":1,"10":1,"11":1,"12":1,"13":1},"f":{},"b":{},"_coverageSchema":"1a1c01bbd47fc00a2c39e90264f33305004495a9","hash":"48948c5471aee234f29c44c48b2f2c8d3ecf060f"}
,"/Users/gustavo/Documents/develp/genea/genea-app/server/src/routes/tree.routes.js": {"path":"/Users/gustavo/Documents/develp/genea/genea-app/server/src/routes/tree.routes.js","statementMap":{"0":{"start":{"line":1,"column":16},"end":{"line":1,"column":34}},"1":{"start":{"line":2,"column":15},"end":{"line":2,"column":31}},"2":{"start":{"line":3,"column":15},"end":{"line":3,"column":48}},"3":{"start":{"line":4,"column":27},"end":{"line":4,"column":67}},"4":{"start":{"line":7,"column":0},"end":{"line":7,"column":27}},"5":{"start":{"line":10,"column":0},"end":{"line":94,"column":3}},"6":{"start":{"line":11,"column":2},"end":{"line":93,"column":3}},"7":{"start":{"line":12,"column":25},"end":{"line":12,"column":35}},"8":{"start":{"line":13,"column":55},"end":{"line":13,"column":64}},"9":{"start":{"line":16,"column":23},"end":{"line":16,"column":54}},"10":{"start":{"line":17,"column":4},"end":{"line":22,"column":5}},"11":{"start":{"line":18,"column":6},"end":{"line":21,"column":9}},"12":{"start":{"line":25,"column":22},"end":{"line":77,"column":5}},"13":{"start":{"line":26,"column":6},"end":{"line":26,"column":43}},"14":{"start":{"line":26,"column":31},"end":{"line":26,"column":43}},"15":{"start":{"line":28,"column":21},"end":{"line":35,"column":10}},"16":{"start":{"line":37,"column":6},"end":{"line":37,"column":31}},"17":{"start":{"line":37,"column":19},"end":{"line":37,"column":31}},"18":{"start":{"line":40,"column":25},"end":{"line":47,"column":7}},"19":{"start":{"line":50,"column":6},"end":{"line":64,"column":7}},"20":{"start":{"line":51,"column":8},"end":{"line":63,"column":12}},"21":{"start":{"line":51,"column":59},"end":{"line":63,"column":9}},"22":{"start":{"line":67,"column":6},"end":{"line":74,"column":7}},"23":{"start":{"line":68,"column":33},"end":{"line":70,"column":9}},"24":{"start":{"line":69,"column":10},"end":{"line":69,"column":54}},"25":{"start":{"line":72,"column":25},"end":{"line":72,"column":60}},"26":{"start":{"line":73,"column":8},"end":{"line":73,"column":71}},"27":{"start":{"line":73,"column":55},"end":{"line":73,"column":69}},"28":{"start":{"line":76,"column":6},"end":{"line":76,"column":24}},"29":{"start":{"line":80,"column":17},"end":{"line":80,"column":68}},"30":{"start":{"line":82,"column":4},"end":{"line":85,"column":7}},"31":{"start":{"line":87,"column":4},"end":{"line":87,"column":67}},"32":{"start":{"line":88,"column":4},"end":{"line":92,"column":7}},"33":{"start":{"line":96,"column":0},"end":{"line":96,"column":24}}},"fnMap":{"0":{"name":"(anonymous_0)","decl":{"start":{"line":10,"column":25},"end":{"line":10,"column":26}},"loc":{"start":{"line":10,"column":45},"end":{"line":94,"column":1}},"line":10},"1":{"name":"(anonymous_1)","decl":{"start":{"line":25,"column":22},"end":{"line":25,"column":23}},"loc":{"start":{"line":25,"column":62},"end":{"line":77,"column":5}},"line":25},"2":{"name":"(anonymous_2)","decl":{"start":{"line":51,"column":48},"end":{"line":51,"column":49}},"loc":{"start":{"line":51,"column":59},"end":{"line":63,"column":9}},"line":51},"3":{"name":"(anonymous_3)","decl":{"start":{"line":68,"column":53},"end":{"line":68,"column":54}},"loc":{"start":{"line":69,"column":10},"end":{"line":69,"column":54}},"line":69},"4":{"name":"(anonymous_4)","decl":{"start":{"line":73,"column":46},"end":{"line":73,"column":47}},"loc":{"start":{"line":73,"column":55},"end":{"line":73,"column":69}},"line":73}},"branchMap":{"0":{"loc":{"start":{"line":13,"column":12},"end":{"line":13,"column":27}},"type":"default-arg","locations":[{"start":{"line":13,"column":26},"end":{"line":13,"column":27}}],"line":13},"1":{"loc":{"start":{"line":13,"column":29},"end":{"line":13,"column":50}},"type":"default-arg","locations":[{"start":{"line":13,"column":46},"end":{"line":13,"column":50}}],"line":13},"2":{"loc":{"start":{"line":17,"column":4},"end":{"line":22,"column":5}},"type":"if","locations":[{"start":{"line":17,"column":4},"end":{"line":22,"column":5}},{"start":{},"end":{}}],"line":17},"3":{"loc":{"start":{"line":26,"column":6},"end":{"line":26,"column":43}},"type":"if","locations":[{"start":{"line":26,"column":6},"end":{"line":26,"column":43}},{"start":{},"end":{}}],"line":26},"4":{"loc":{"start":{"line":37,"column":6},"end":{"line":37,"column":31}},"type":"if","locations":[{"start":{"line":37,"column":6},"end":{"line":37,"column":31}},{"start":{},"end":{}}],"line":37},"5":{"loc":{"start":{"line":50,"column":6},"end":{"line":64,"column":7}},"type":"if","locations":[{"start":{"line":50,"column":6},"end":{"line":64,"column":7}},{"start":{},"end":{}}],"line":50},"6":{"loc":{"start":{"line":50,"column":10},"end":{"line":50,"column":71}},"type":"binary-expr","locations":[{"start":{"line":50,"column":10},"end":{"line":50,"column":24}},{"start":{"line":50,"column":28},"end":{"line":50,"column":42}},{"start":{"line":50,"column":46},"end":{"line":50,"column":71}}],"line":50},"7":{"loc":{"start":{"line":67,"column":6},"end":{"line":74,"column":7}},"type":"if","locations":[{"start":{"line":67,"column":6},"end":{"line":74,"column":7}},{"start":{},"end":{}}],"line":67},"8":{"loc":{"start":{"line":67,"column":10},"end":{"line":67,"column":55}},"type":"binary-expr","locations":[{"start":{"line":67,"column":10},"end":{"line":67,"column":25}},{"start":{"line":67,"column":29},"end":{"line":67,"column":55}}],"line":67}},"s":{"0":0,"1":0,"2":0,"3":0,"4":0,"5":0,"6":0,"7":0,"8":0,"9":0,"10":0,"11":0,"12":0,"13":0,"14":0,"15":0,"16":0,"17":0,"18":0,"19":0,"20":0,"21":0,"22":0,"23":0,"24":0,"25":0,"26":0,"27":0,"28":0,"29":0,"30":0,"31":0,"32":0,"33":0},"f":{"0":0,"1":0,"2":0,"3":0,"4":0},"b":{"0":[0],"1":[0],"2":[0,0],"3":[0,0],"4":[0,0],"5":[0,0],"6":[0,0,0],"7":[0,0],"8":[0,0]}}
}
