{"/app/genea-app/server/src/config/firebase.config.js": {"path":"/app/genea-app/server/src/config/firebase.config.js","statementMap":{"0":{"start":{"line":1,"column":14},"end":{"line":1,"column":39}},"1":{"start":{"line":2,"column":15},"end":{"line":2,"column":32}},"2":{"start":{"line":4,"column":0},"end":{"line":4,"column":16}},"3":{"start":{"line":7,"column":32},"end":{"line":49,"column":1}},"4":{"start":{"line":9,"column":2},"end":{"line":9,"column":32}},"5":{"start":{"line":9,"column":25},"end":{"line":9,"column":32}},"6":{"start":{"line":11,"column":2},"end":{"line":48,"column":3}},"7":{"start":{"line":13,"column":4},"end":{"line":42,"column":5}},"8":{"start":{"line":15,"column":6},"end":{"line":17,"column":7}},"9":{"start":{"line":16,"column":8},"end":{"line":16,"column":97}},"10":{"start":{"line":19,"column":6},"end":{"line":21,"column":9}},"11":{"start":{"line":24,"column":6},"end":{"line":41,"column":7}},"12":{"start":{"line":25,"column":19},"end":{"line":25,"column":32}},"13":{"start":{"line":26,"column":21},"end":{"line":26,"column":36}},"14":{"start":{"line":27,"column":35},"end":{"line":27,"column":97}},"15":{"start":{"line":29,"column":8},"end":{"line":31,"column":9}},"16":{"start":{"line":30,"column":10},"end":{"line":30,"column":90}},"17":{"start":{"line":33,"column":31},"end":{"line":33,"column":58}},"18":{"start":{"line":34,"column":8},"end":{"line":36,"column":11}},"19":{"start":{"line":38,"column":8},"end":{"line":38,"column":82}},"20":{"start":{"line":39,"column":8},"end":{"line":39,"column":142}},"21":{"start":{"line":40,"column":8},"end":{"line":40,"column":24}},"22":{"start":{"line":44,"column":4},"end":{"line":44,"column":61}},"23":{"start":{"line":46,"column":4},"end":{"line":46,"column":73}},"24":{"start":{"line":47,"column":4},"end":{"line":47,"column":20}},"25":{"start":{"line":51,"column":0},"end":{"line":51,"column":45}}},"fnMap":{"0":{"name":"(anonymous_0)","decl":{"start":{"line":7,"column":32},"end":{"line":7,"column":33}},"loc":{"start":{"line":7,"column":38},"end":{"line":49,"column":1}},"line":7}},"branchMap":{"0":{"loc":{"start":{"line":9,"column":2},"end":{"line":9,"column":32}},"type":"if","locations":[{"start":{"line":9,"column":2},"end":{"line":9,"column":32}},{"start":{},"end":{}}],"line":9},"1":{"loc":{"start":{"line":13,"column":4},"end":{"line":42,"column":5}},"type":"if","locations":[{"start":{"line":13,"column":4},"end":{"line":42,"column":5}},{"start":{"line":22,"column":11},"end":{"line":42,"column":5}}],"line":13},"2":{"loc":{"start":{"line":15,"column":6},"end":{"line":17,"column":7}},"type":"if","locations":[{"start":{"line":15,"column":6},"end":{"line":17,"column":7}},{"start":{},"end":{}}],"line":15},"3":{"loc":{"start":{"line":29,"column":8},"end":{"line":31,"column":9}},"type":"if","locations":[{"start":{"line":29,"column":8},"end":{"line":31,"column":9}},{"start":{},"end":{}}],"line":29}},"s":{"0":0,"1":0,"2":0,"3":0,"4":0,"5":0,"6":0,"7":0,"8":0,"9":0,"10":0,"11":0,"12":0,"13":0,"14":0,"15":0,"16":0,"17":0,"18":0,"19":0,"20":0,"21":0,"22":0,"23":0,"24":0,"25":0},"f":{"0":0},"b":{"0":[0,0],"1":[0,0],"2":[0,0],"3":[0,0]}}
,"/app/genea-app/server/src/config/supabase.config.js": {"path":"/app/genea-app/server/src/config/supabase.config.js","statementMap":{"0":{"start":{"line":1,"column":25},"end":{"line":1,"column":57}},"1":{"start":{"line":2,"column":15},"end":{"line":2,"column":32}},"2":{"start":{"line":4,"column":0},"end":{"line":4,"column":16}},"3":{"start":{"line":7,"column":21},"end":{"line":7,"column":45}},"4":{"start":{"line":8,"column":26},"end":{"line":8,"column":55}},"5":{"start":{"line":9,"column":34},"end":{"line":9,"column":71}},"6":{"start":{"line":11,"column":0},"end":{"line":14,"column":1}},"7":{"start":{"line":12,"column":2},"end":{"line":12,"column":75}},"8":{"start":{"line":13,"column":2},"end":{"line":13,"column":103}},"9":{"start":{"line":17,"column":23},"end":{"line":17,"column":68}},"10":{"start":{"line":20,"column":22},"end":{"line":20,"column":75}},"11":{"start":{"line":22,"column":0},"end":{"line":22,"column":51}}},"fnMap":{},"branchMap":{"0":{"loc":{"start":{"line":11,"column":0},"end":{"line":14,"column":1}},"type":"if","locations":[{"start":{"line":11,"column":0},"end":{"line":14,"column":1}},{"start":{},"end":{}}],"line":11},"1":{"loc":{"start":{"line":11,"column":4},"end":{"line":11,"column":69}},"type":"binary-expr","locations":[{"start":{"line":11,"column":4},"end":{"line":11,"column":17}},{"start":{"line":11,"column":21},"end":{"line":11,"column":39}},{"start":{"line":11,"column":43},"end":{"line":11,"column":69}}],"line":11}},"s":{"0":4,"1":4,"2":4,"3":4,"4":4,"5":4,"6":4,"7":0,"8":0,"9":4,"10":4,"11":4},"f":{},"b":{"0":[0,4],"1":[4,4,4]},"_coverageSchema":"1a1c01bbd47fc00a2c39e90264f33305004495a9","hash":"cdf4404ef1faf50ba4e6bbc5db76c30ce35c3df2"}
,"/app/genea-app/server/src/controllers/auth.controller.js": {"path":"/app/genea-app/server/src/controllers/auth.controller.js","statementMap":{"0":{"start":{"line":1,"column":20},"end":{"line":1,"column":55}},"1":{"start":{"line":2,"column":26},"end":{"line":2,"column":62}},"2":{"start":{"line":4,"column":23},"end":{"line":211,"column":1}},"3":{"start":{"line":7,"column":4},"end":{"line":36,"column":5}},"4":{"start":{"line":8,"column":47},"end":{"line":8,"column":55}},"5":{"start":{"line":11,"column":6},"end":{"line":16,"column":7}},"6":{"start":{"line":12,"column":8},"end":{"line":15,"column":11}},"7":{"start":{"line":19,"column":21},"end":{"line":19,"column":77}},"8":{"start":{"line":21,"column":6},"end":{"line":28,"column":9}},"9":{"start":{"line":30,"column":6},"end":{"line":30,"column":58}},"10":{"start":{"line":31,"column":6},"end":{"line":35,"column":9}},"11":{"start":{"line":41,"column":4},"end":{"line":70,"column":5}},"12":{"start":{"line":42,"column":34},"end":{"line":42,"column":42}},"13":{"start":{"line":45,"column":6},"end":{"line":50,"column":7}},"14":{"start":{"line":46,"column":8},"end":{"line":49,"column":11}},"15":{"start":{"line":53,"column":21},"end":{"line":53,"column":61}},"16":{"start":{"line":55,"column":6},"end":{"line":62,"column":9}},"17":{"start":{"line":64,"column":6},"end":{"line":64,"column":55}},"18":{"start":{"line":65,"column":6},"end":{"line":69,"column":9}},"19":{"start":{"line":75,"column":4},"end":{"line":124,"column":5}},"20":{"start":{"line":77,"column":51},"end":{"line":77,"column":107}},"21":{"start":{"line":79,"column":6},"end":{"line":79,"column":56}},"22":{"start":{"line":79,"column":21},"end":{"line":79,"column":56}},"23":{"start":{"line":82,"column":67},"end":{"line":95,"column":36}},"24":{"start":{"line":97,"column":6},"end":{"line":97,"column":70}},"25":{"start":{"line":97,"column":28},"end":{"line":97,"column":70}},"26":{"start":{"line":100,"column":26},"end":{"line":109,"column":7}},"27":{"start":{"line":102,"column":75},"end":{"line":108,"column":9}},"28":{"start":{"line":111,"column":6},"end":{"line":116,"column":9}},"29":{"start":{"line":118,"column":6},"end":{"line":118,"column":55}},"30":{"start":{"line":119,"column":6},"end":{"line":123,"column":9}},"31":{"start":{"line":129,"column":4},"end":{"line":151,"column":5}},"32":{"start":{"line":130,"column":40},"end":{"line":130,"column":48}},"33":{"start":{"line":132,"column":26},"end":{"line":135,"column":8}},"34":{"start":{"line":137,"column":6},"end":{"line":143,"column":9}},"35":{"start":{"line":145,"column":6},"end":{"line":145,"column":58}},"36":{"start":{"line":146,"column":6},"end":{"line":150,"column":9}},"37":{"start":{"line":156,"column":4},"end":{"line":180,"column":5}},"38":{"start":{"line":157,"column":47},"end":{"line":157,"column":55}},"39":{"start":{"line":160,"column":6},"end":{"line":165,"column":7}},"40":{"start":{"line":161,"column":8},"end":{"line":164,"column":11}},"41":{"start":{"line":167,"column":6},"end":{"line":167,"column":83}},"42":{"start":{"line":169,"column":6},"end":{"line":172,"column":9}},"43":{"start":{"line":174,"column":6},"end":{"line":174,"column":59}},"44":{"start":{"line":175,"column":6},"end":{"line":179,"column":9}},"45":{"start":{"line":185,"column":4},"end":{"line":209,"column":5}},"46":{"start":{"line":186,"column":24},"end":{"line":186,"column":32}},"47":{"start":{"line":189,"column":6},"end":{"line":194,"column":7}},"48":{"start":{"line":190,"column":8},"end":{"line":193,"column":11}},"49":{"start":{"line":196,"column":6},"end":{"line":196,"column":45}},"50":{"start":{"line":198,"column":6},"end":{"line":201,"column":9}},"51":{"start":{"line":203,"column":6},"end":{"line":203,"column":63}},"52":{"start":{"line":204,"column":6},"end":{"line":208,"column":9}},"53":{"start":{"line":213,"column":0},"end":{"line":213,"column":32}}},"fnMap":{"0":{"name":"(anonymous_0)","decl":{"start":{"line":6,"column":12},"end":{"line":6,"column":13}},"loc":{"start":{"line":6,"column":32},"end":{"line":37,"column":3}},"line":6},"1":{"name":"(anonymous_1)","decl":{"start":{"line":40,"column":9},"end":{"line":40,"column":10}},"loc":{"start":{"line":40,"column":29},"end":{"line":71,"column":3}},"line":40},"2":{"name":"(anonymous_2)","decl":{"start":{"line":74,"column":14},"end":{"line":74,"column":15}},"loc":{"start":{"line":74,"column":34},"end":{"line":125,"column":3}},"line":74},"3":{"name":"(anonymous_3)","decl":{"start":{"line":102,"column":60},"end":{"line":102,"column":61}},"loc":{"start":{"line":102,"column":75},"end":{"line":108,"column":9}},"line":102},"4":{"name":"(anonymous_4)","decl":{"start":{"line":128,"column":17},"end":{"line":128,"column":18}},"loc":{"start":{"line":128,"column":37},"end":{"line":152,"column":3}},"line":128},"5":{"name":"(anonymous_5)","decl":{"start":{"line":155,"column":18},"end":{"line":155,"column":19}},"loc":{"start":{"line":155,"column":38},"end":{"line":181,"column":3}},"line":155},"6":{"name":"(anonymous_6)","decl":{"start":{"line":184,"column":17},"end":{"line":184,"column":18}},"loc":{"start":{"line":184,"column":37},"end":{"line":210,"column":3}},"line":184}},"branchMap":{"0":{"loc":{"start":{"line":11,"column":6},"end":{"line":16,"column":7}},"type":"if","locations":[{"start":{"line":11,"column":6},"end":{"line":16,"column":7}},{"start":{},"end":{}}],"line":11},"1":{"loc":{"start":{"line":11,"column":10},"end":{"line":11,"column":45}},"type":"binary-expr","locations":[{"start":{"line":11,"column":10},"end":{"line":11,"column":16}},{"start":{"line":11,"column":20},"end":{"line":11,"column":29}},{"start":{"line":11,"column":33},"end":{"line":11,"column":45}}],"line":11},"2":{"loc":{"start":{"line":45,"column":6},"end":{"line":50,"column":7}},"type":"if","locations":[{"start":{"line":45,"column":6},"end":{"line":50,"column":7}},{"start":{},"end":{}}],"line":45},"3":{"loc":{"start":{"line":45,"column":10},"end":{"line":45,"column":29}},"type":"binary-expr","locations":[{"start":{"line":45,"column":10},"end":{"line":45,"column":16}},{"start":{"line":45,"column":20},"end":{"line":45,"column":29}}],"line":45},"4":{"loc":{"start":{"line":79,"column":6},"end":{"line":79,"column":56}},"type":"if","locations":[{"start":{"line":79,"column":6},"end":{"line":79,"column":56}},{"start":{},"end":{}}],"line":79},"5":{"loc":{"start":{"line":97,"column":6},"end":{"line":97,"column":70}},"type":"if","locations":[{"start":{"line":97,"column":6},"end":{"line":97,"column":70}},{"start":{},"end":{}}],"line":97},"6":{"loc":{"start":{"line":102,"column":18},"end":{"line":108,"column":16}},"type":"cond-expr","locations":[{"start":{"line":102,"column":38},"end":{"line":108,"column":11}},{"start":{"line":108,"column":14},"end":{"line":108,"column":16}}],"line":102},"7":{"loc":{"start":{"line":160,"column":6},"end":{"line":165,"column":7}},"type":"if","locations":[{"start":{"line":160,"column":6},"end":{"line":165,"column":7}},{"start":{},"end":{}}],"line":160},"8":{"loc":{"start":{"line":160,"column":10},"end":{"line":160,"column":42}},"type":"binary-expr","locations":[{"start":{"line":160,"column":10},"end":{"line":160,"column":26}},{"start":{"line":160,"column":30},"end":{"line":160,"column":42}}],"line":160},"9":{"loc":{"start":{"line":189,"column":6},"end":{"line":194,"column":7}},"type":"if","locations":[{"start":{"line":189,"column":6},"end":{"line":194,"column":7}},{"start":{},"end":{}}],"line":189}},"s":{"0":0,"1":0,"2":0,"3":0,"4":0,"5":0,"6":0,"7":0,"8":0,"9":0,"10":0,"11":0,"12":0,"13":0,"14":0,"15":0,"16":0,"17":0,"18":0,"19":0,"20":0,"21":0,"22":0,"23":0,"24":0,"25":0,"26":0,"27":0,"28":0,"29":0,"30":0,"31":0,"32":0,"33":0,"34":0,"35":0,"36":0,"37":0,"38":0,"39":0,"40":0,"41":0,"42":0,"43":0,"44":0,"45":0,"46":0,"47":0,"48":0,"49":0,"50":0,"51":0,"52":0,"53":0},"f":{"0":0,"1":0,"2":0,"3":0,"4":0,"5":0,"6":0},"b":{"0":[0,0],"1":[0,0,0],"2":[0,0],"3":[0,0],"4":[0,0],"5":[0,0],"6":[0,0],"7":[0,0],"8":[0,0],"9":[0,0]}}
,"/app/genea-app/server/src/controllers/comment.controller.js": {"path":"/app/genea-app/server/src/controllers/comment.controller.js","statementMap":{"0":{"start":{"line":1,"column":27},"end":{"line":1,"column":63}},"1":{"start":{"line":3,"column":26},"end":{"line":276,"column":1}},"2":{"start":{"line":6,"column":4},"end":{"line":89,"column":5}},"3":{"start":{"line":7,"column":42},"end":{"line":7,"column":50}},"4":{"start":{"line":8,"column":21},"end":{"line":8,"column":33}},"5":{"start":{"line":9,"column":23},"end":{"line":9,"column":56}},"6":{"start":{"line":10,"column":27},"end":{"line":10,"column":52}},"7":{"start":{"line":13,"column":49},"end":{"line":17,"column":17}},"8":{"start":{"line":19,"column":6},"end":{"line":24,"column":7}},"9":{"start":{"line":20,"column":8},"end":{"line":23,"column":11}},"10":{"start":{"line":27,"column":56},"end":{"line":31,"column":30}},"11":{"start":{"line":33,"column":6},"end":{"line":38,"column":7}},"12":{"start":{"line":34,"column":8},"end":{"line":37,"column":11}},"13":{"start":{"line":41,"column":53},"end":{"line":52,"column":17}},"14":{"start":{"line":54,"column":6},"end":{"line":54,"column":62}},"15":{"start":{"line":54,"column":24},"end":{"line":54,"column":62}},"16":{"start":{"line":57,"column":6},"end":{"line":75,"column":7}},"17":{"start":{"line":58,"column":37},"end":{"line":72,"column":10}},"18":{"start":{"line":59,"column":10},"end":{"line":71,"column":16}},"19":{"start":{"line":74,"column":8},"end":{"line":74,"column":48}},"20":{"start":{"line":77,"column":6},"end":{"line":81,"column":9}},"21":{"start":{"line":83,"column":6},"end":{"line":83,"column":57}},"22":{"start":{"line":84,"column":6},"end":{"line":88,"column":9}},"23":{"start":{"line":94,"column":4},"end":{"line":157,"column":5}},"24":{"start":{"line":95,"column":26},"end":{"line":95,"column":36}},"25":{"start":{"line":96,"column":39},"end":{"line":96,"column":48}},"26":{"start":{"line":97,"column":21},"end":{"line":97,"column":33}},"27":{"start":{"line":100,"column":49},"end":{"line":104,"column":17}},"28":{"start":{"line":106,"column":6},"end":{"line":111,"column":7}},"29":{"start":{"line":107,"column":8},"end":{"line":110,"column":11}},"30":{"start":{"line":114,"column":56},"end":{"line":118,"column":30}},"31":{"start":{"line":120,"column":6},"end":{"line":125,"column":7}},"32":{"start":{"line":121,"column":8},"end":{"line":124,"column":11}},"33":{"start":{"line":128,"column":19},"end":{"line":128,"column":37}},"34":{"start":{"line":129,"column":17},"end":{"line":129,"column":33}},"35":{"start":{"line":132,"column":62},"end":{"line":137,"column":24}},"36":{"start":{"line":139,"column":6},"end":{"line":139,"column":64}},"37":{"start":{"line":139,"column":25},"end":{"line":139,"column":64}},"38":{"start":{"line":141,"column":6},"end":{"line":149,"column":9}},"39":{"start":{"line":151,"column":6},"end":{"line":151,"column":60}},"40":{"start":{"line":152,"column":6},"end":{"line":156,"column":9}},"41":{"start":{"line":162,"column":4},"end":{"line":215,"column":5}},"42":{"start":{"line":163,"column":28},"end":{"line":163,"column":38}},"43":{"start":{"line":164,"column":33},"end":{"line":164,"column":41}},"44":{"start":{"line":165,"column":21},"end":{"line":165,"column":33}},"45":{"start":{"line":168,"column":53},"end":{"line":172,"column":17}},"46":{"start":{"line":174,"column":6},"end":{"line":179,"column":7}},"47":{"start":{"line":175,"column":8},"end":{"line":178,"column":11}},"48":{"start":{"line":182,"column":6},"end":{"line":187,"column":7}},"49":{"start":{"line":183,"column":8},"end":{"line":186,"column":11}},"50":{"start":{"line":190,"column":59},"end":{"line":199,"column":17}},"51":{"start":{"line":201,"column":6},"end":{"line":201,"column":60}},"52":{"start":{"line":201,"column":23},"end":{"line":201,"column":60}},"53":{"start":{"line":203,"column":6},"end":{"line":207,"column":9}},"54":{"start":{"line":209,"column":6},"end":{"line":209,"column":62}},"55":{"start":{"line":210,"column":6},"end":{"line":214,"column":9}},"56":{"start":{"line":220,"column":4},"end":{"line":274,"column":5}},"57":{"start":{"line":221,"column":28},"end":{"line":221,"column":38}},"58":{"start":{"line":222,"column":21},"end":{"line":222,"column":33}},"59":{"start":{"line":225,"column":53},"end":{"line":229,"column":17}},"60":{"start":{"line":231,"column":6},"end":{"line":236,"column":7}},"61":{"start":{"line":232,"column":8},"end":{"line":235,"column":11}},"62":{"start":{"line":239,"column":51},"end":{"line":244,"column":17}},"63":{"start":{"line":246,"column":22},"end":{"line":246,"column":59}},"64":{"start":{"line":248,"column":6},"end":{"line":253,"column":7}},"65":{"start":{"line":249,"column":8},"end":{"line":252,"column":11}},"66":{"start":{"line":256,"column":37},"end":{"line":259,"column":28}},"67":{"start":{"line":261,"column":6},"end":{"line":261,"column":60}},"68":{"start":{"line":261,"column":23},"end":{"line":261,"column":60}},"69":{"start":{"line":263,"column":6},"end":{"line":266,"column":9}},"70":{"start":{"line":268,"column":6},"end":{"line":268,"column":60}},"71":{"start":{"line":269,"column":6},"end":{"line":273,"column":9}},"72":{"start":{"line":278,"column":0},"end":{"line":278,"column":35}}},"fnMap":{"0":{"name":"(anonymous_0)","decl":{"start":{"line":5,"column":17},"end":{"line":5,"column":18}},"loc":{"start":{"line":5,"column":37},"end":{"line":90,"column":3}},"line":5},"1":{"name":"(anonymous_1)","decl":{"start":{"line":58,"column":50},"end":{"line":58,"column":51}},"loc":{"start":{"line":58,"column":61},"end":{"line":72,"column":9}},"line":58},"2":{"name":"(anonymous_2)","decl":{"start":{"line":93,"column":20},"end":{"line":93,"column":21}},"loc":{"start":{"line":93,"column":40},"end":{"line":158,"column":3}},"line":93},"3":{"name":"(anonymous_3)","decl":{"start":{"line":161,"column":17},"end":{"line":161,"column":18}},"loc":{"start":{"line":161,"column":37},"end":{"line":216,"column":3}},"line":161},"4":{"name":"(anonymous_4)","decl":{"start":{"line":219,"column":17},"end":{"line":219,"column":18}},"loc":{"start":{"line":219,"column":37},"end":{"line":275,"column":3}},"line":219}},"branchMap":{"0":{"loc":{"start":{"line":9,"column":23},"end":{"line":9,"column":56}},"type":"binary-expr","locations":[{"start":{"line":9,"column":23},"end":{"line":9,"column":43}},{"start":{"line":9,"column":47},"end":{"line":9,"column":56}}],"line":9},"1":{"loc":{"start":{"line":10,"column":27},"end":{"line":10,"column":52}},"type":"binary-expr","locations":[{"start":{"line":10,"column":27},"end":{"line":10,"column":44}},{"start":{"line":10,"column":48},"end":{"line":10,"column":52}}],"line":10},"2":{"loc":{"start":{"line":19,"column":6},"end":{"line":24,"column":7}},"type":"if","locations":[{"start":{"line":19,"column":6},"end":{"line":24,"column":7}},{"start":{},"end":{}}],"line":19},"3":{"loc":{"start":{"line":19,"column":10},"end":{"line":19,"column":30}},"type":"binary-expr","locations":[{"start":{"line":19,"column":10},"end":{"line":19,"column":20}},{"start":{"line":19,"column":24},"end":{"line":19,"column":30}}],"line":19},"4":{"loc":{"start":{"line":33,"column":6},"end":{"line":38,"column":7}},"type":"if","locations":[{"start":{"line":33,"column":6},"end":{"line":38,"column":7}},{"start":{},"end":{}}],"line":33},"5":{"loc":{"start":{"line":33,"column":10},"end":{"line":33,"column":65}},"type":"binary-expr","locations":[{"start":{"line":33,"column":10},"end":{"line":33,"column":21}},{"start":{"line":33,"column":25},"end":{"line":33,"column":37}},{"start":{"line":33,"column":41},"end":{"line":33,"column":65}}],"line":33},"6":{"loc":{"start":{"line":49,"column":20},"end":{"line":49,"column":34}},"type":"binary-expr","locations":[{"start":{"line":49,"column":20},"end":{"line":49,"column":28}},{"start":{"line":49,"column":32},"end":{"line":49,"column":34}}],"line":49},"7":{"loc":{"start":{"line":54,"column":6},"end":{"line":54,"column":62}},"type":"if","locations":[{"start":{"line":54,"column":6},"end":{"line":54,"column":62}},{"start":{},"end":{}}],"line":54},"8":{"loc":{"start":{"line":57,"column":6},"end":{"line":75,"column":7}},"type":"if","locations":[{"start":{"line":57,"column":6},"end":{"line":75,"column":7}},{"start":{},"end":{}}],"line":57},"9":{"loc":{"start":{"line":57,"column":10},"end":{"line":57,"column":41}},"type":"binary-expr","locations":[{"start":{"line":57,"column":10},"end":{"line":57,"column":18}},{"start":{"line":57,"column":22},"end":{"line":57,"column":41}}],"line":57},"10":{"loc":{"start":{"line":65,"column":98},"end":{"line":65,"column":127}},"type":"cond-expr","locations":[{"start":{"line":65,"column":117},"end":{"line":65,"column":122}},{"start":{"line":65,"column":125},"end":{"line":65,"column":127}}],"line":65},"11":{"loc":{"start":{"line":96,"column":14},"end":{"line":96,"column":22}},"type":"default-arg","locations":[{"start":{"line":96,"column":21},"end":{"line":96,"column":22}}],"line":96},"12":{"loc":{"start":{"line":96,"column":24},"end":{"line":96,"column":34}},"type":"default-arg","locations":[{"start":{"line":96,"column":32},"end":{"line":96,"column":34}}],"line":96},"13":{"loc":{"start":{"line":106,"column":6},"end":{"line":111,"column":7}},"type":"if","locations":[{"start":{"line":106,"column":6},"end":{"line":111,"column":7}},{"start":{},"end":{}}],"line":106},"14":{"loc":{"start":{"line":106,"column":10},"end":{"line":106,"column":30}},"type":"binary-expr","locations":[{"start":{"line":106,"column":10},"end":{"line":106,"column":20}},{"start":{"line":106,"column":24},"end":{"line":106,"column":30}}],"line":106},"15":{"loc":{"start":{"line":120,"column":6},"end":{"line":125,"column":7}},"type":"if","locations":[{"start":{"line":120,"column":6},"end":{"line":125,"column":7}},{"start":{},"end":{}}],"line":120},"16":{"loc":{"start":{"line":120,"column":10},"end":{"line":120,"column":65}},"type":"binary-expr","locations":[{"start":{"line":120,"column":10},"end":{"line":120,"column":21}},{"start":{"line":120,"column":25},"end":{"line":120,"column":37}},{"start":{"line":120,"column":41},"end":{"line":120,"column":65}}],"line":120},"17":{"loc":{"start":{"line":139,"column":6},"end":{"line":139,"column":64}},"type":"if","locations":[{"start":{"line":139,"column":6},"end":{"line":139,"column":64}},{"start":{},"end":{}}],"line":139},"18":{"loc":{"start":{"line":174,"column":6},"end":{"line":179,"column":7}},"type":"if","locations":[{"start":{"line":174,"column":6},"end":{"line":179,"column":7}},{"start":{},"end":{}}],"line":174},"19":{"loc":{"start":{"line":174,"column":10},"end":{"line":174,"column":34}},"type":"binary-expr","locations":[{"start":{"line":174,"column":10},"end":{"line":174,"column":22}},{"start":{"line":174,"column":26},"end":{"line":174,"column":34}}],"line":174},"20":{"loc":{"start":{"line":182,"column":6},"end":{"line":187,"column":7}},"type":"if","locations":[{"start":{"line":182,"column":6},"end":{"line":187,"column":7}},{"start":{},"end":{}}],"line":182},"21":{"loc":{"start":{"line":194,"column":20},"end":{"line":194,"column":48}},"type":"binary-expr","locations":[{"start":{"line":194,"column":20},"end":{"line":194,"column":28}},{"start":{"line":194,"column":32},"end":{"line":194,"column":48}}],"line":194},"22":{"loc":{"start":{"line":201,"column":6},"end":{"line":201,"column":60}},"type":"if","locations":[{"start":{"line":201,"column":6},"end":{"line":201,"column":60}},{"start":{},"end":{}}],"line":201},"23":{"loc":{"start":{"line":231,"column":6},"end":{"line":236,"column":7}},"type":"if","locations":[{"start":{"line":231,"column":6},"end":{"line":236,"column":7}},{"start":{},"end":{}}],"line":231},"24":{"loc":{"start":{"line":231,"column":10},"end":{"line":231,"column":34}},"type":"binary-expr","locations":[{"start":{"line":231,"column":10},"end":{"line":231,"column":22}},{"start":{"line":231,"column":26},"end":{"line":231,"column":34}}],"line":231},"25":{"loc":{"start":{"line":246,"column":22},"end":{"line":246,"column":59}},"type":"binary-expr","locations":[{"start":{"line":246,"column":22},"end":{"line":246,"column":30}},{"start":{"line":246,"column":34},"end":{"line":246,"column":59}}],"line":246},"26":{"loc":{"start":{"line":248,"column":6},"end":{"line":253,"column":7}},"type":"if","locations":[{"start":{"line":248,"column":6},"end":{"line":253,"column":7}},{"start":{},"end":{}}],"line":248},"27":{"loc":{"start":{"line":248,"column":10},"end":{"line":248,"column":48}},"type":"binary-expr","locations":[{"start":{"line":248,"column":10},"end":{"line":248,"column":36}},{"start":{"line":248,"column":40},"end":{"line":248,"column":48}}],"line":248},"28":{"loc":{"start":{"line":261,"column":6},"end":{"line":261,"column":60}},"type":"if","locations":[{"start":{"line":261,"column":6},"end":{"line":261,"column":60}},{"start":{},"end":{}}],"line":261}},"s":{"0":0,"1":0,"2":0,"3":0,"4":0,"5":0,"6":0,"7":0,"8":0,"9":0,"10":0,"11":0,"12":0,"13":0,"14":0,"15":0,"16":0,"17":0,"18":0,"19":0,"20":0,"21":0,"22":0,"23":0,"24":0,"25":0,"26":0,"27":0,"28":0,"29":0,"30":0,"31":0,"32":0,"33":0,"34":0,"35":0,"36":0,"37":0,"38":0,"39":0,"40":0,"41":0,"42":0,"43":0,"44":0,"45":0,"46":0,"47":0,"48":0,"49":0,"50":0,"51":0,"52":0,"53":0,"54":0,"55":0,"56":0,"57":0,"58":0,"59":0,"60":0,"61":0,"62":0,"63":0,"64":0,"65":0,"66":0,"67":0,"68":0,"69":0,"70":0,"71":0,"72":0},"f":{"0":0,"1":0,"2":0,"3":0,"4":0},"b":{"0":[0,0],"1":[0,0],"2":[0,0],"3":[0,0],"4":[0,0],"5":[0,0,0],"6":[0,0],"7":[0,0],"8":[0,0],"9":[0,0],"10":[0,0],"11":[0],"12":[0],"13":[0,0],"14":[0,0],"15":[0,0],"16":[0,0,0],"17":[0,0],"18":[0,0],"19":[0,0],"20":[0,0],"21":[0,0],"22":[0,0],"23":[0,0],"24":[0,0],"25":[0,0],"26":[0,0],"27":[0,0],"28":[0,0]}}
,"/app/genea-app/server/src/controllers/family.controller.js": {"path":"/app/genea-app/server/src/controllers/family.controller.js","statementMap":{"0":{"start":{"line":1,"column":27},"end":{"line":1,"column":63}},"1":{"start":{"line":4,"column":0},"end":{"line":52,"column":2}},"2":{"start":{"line":5,"column":2},"end":{"line":51,"column":3}},"3":{"start":{"line":6,"column":19},"end":{"line":6,"column":31}},"4":{"start":{"line":9,"column":57},"end":{"line":12,"column":28}},"5":{"start":{"line":14,"column":4},"end":{"line":14,"column":60}},"6":{"start":{"line":14,"column":22},"end":{"line":14,"column":60}},"7":{"start":{"line":16,"column":4},"end":{"line":22,"column":5}},"8":{"start":{"line":17,"column":6},"end":{"line":21,"column":9}},"9":{"start":{"line":24,"column":22},"end":{"line":24,"column":67}},"10":{"start":{"line":24,"column":50},"end":{"line":24,"column":66}},"11":{"start":{"line":27,"column":53},"end":{"line":36,"column":26}},"12":{"start":{"line":38,"column":4},"end":{"line":38,"column":62}},"13":{"start":{"line":38,"column":23},"end":{"line":38,"column":62}},"14":{"start":{"line":40,"column":4},"end":{"line":44,"column":7}},"15":{"start":{"line":46,"column":4},"end":{"line":50,"column":7}},"16":{"start":{"line":55,"column":0},"end":{"line":138,"column":2}},"17":{"start":{"line":56,"column":2},"end":{"line":137,"column":3}},"18":{"start":{"line":57,"column":21},"end":{"line":57,"column":34}},"19":{"start":{"line":58,"column":19},"end":{"line":58,"column":31}},"20":{"start":{"line":61,"column":54},"end":{"line":66,"column":15}},"21":{"start":{"line":68,"column":4},"end":{"line":73,"column":5}},"22":{"start":{"line":69,"column":6},"end":{"line":72,"column":9}},"23":{"start":{"line":76,"column":49},"end":{"line":87,"column":15}},"24":{"start":{"line":89,"column":4},"end":{"line":94,"column":5}},"25":{"start":{"line":90,"column":6},"end":{"line":93,"column":9}},"26":{"start":{"line":97,"column":51},"end":{"line":109,"column":32}},"27":{"start":{"line":111,"column":4},"end":{"line":111,"column":60}},"28":{"start":{"line":111,"column":22},"end":{"line":111,"column":60}},"29":{"start":{"line":114,"column":29},"end":{"line":122,"column":7}},"30":{"start":{"line":114,"column":52},"end":{"line":122,"column":5}},"31":{"start":{"line":125,"column":4},"end":{"line":125,"column":38}},"32":{"start":{"line":127,"column":4},"end":{"line":130,"column":7}},"33":{"start":{"line":132,"column":4},"end":{"line":136,"column":7}},"34":{"start":{"line":141,"column":0},"end":{"line":193,"column":2}},"35":{"start":{"line":142,"column":2},"end":{"line":192,"column":3}},"36":{"start":{"line":143,"column":34},"end":{"line":143,"column":42}},"37":{"start":{"line":144,"column":19},"end":{"line":144,"column":31}},"38":{"start":{"line":147,"column":4},"end":{"line":152,"column":5}},"39":{"start":{"line":148,"column":6},"end":{"line":151,"column":9}},"40":{"start":{"line":155,"column":49},"end":{"line":165,"column":15}},"41":{"start":{"line":167,"column":4},"end":{"line":167,"column":58}},"42":{"start":{"line":167,"column":21},"end":{"line":167,"column":58}},"43":{"start":{"line":170,"column":35},"end":{"line":178,"column":8}},"44":{"start":{"line":180,"column":4},"end":{"line":180,"column":58}},"45":{"start":{"line":180,"column":21},"end":{"line":180,"column":58}},"46":{"start":{"line":182,"column":4},"end":{"line":185,"column":7}},"47":{"start":{"line":187,"column":4},"end":{"line":191,"column":7}},"48":{"start":{"line":196,"column":0},"end":{"line":249,"column":2}},"49":{"start":{"line":197,"column":2},"end":{"line":248,"column":3}},"50":{"start":{"line":198,"column":21},"end":{"line":198,"column":34}},"51":{"start":{"line":199,"column":34},"end":{"line":199,"column":42}},"52":{"start":{"line":200,"column":19},"end":{"line":200,"column":31}},"53":{"start":{"line":203,"column":54},"end":{"line":208,"column":15}},"54":{"start":{"line":210,"column":4},"end":{"line":215,"column":5}},"55":{"start":{"line":211,"column":6},"end":{"line":214,"column":9}},"56":{"start":{"line":218,"column":56},"end":{"line":227,"column":15}},"57":{"start":{"line":229,"column":4},"end":{"line":229,"column":58}},"58":{"start":{"line":229,"column":21},"end":{"line":229,"column":58}},"59":{"start":{"line":231,"column":4},"end":{"line":236,"column":5}},"60":{"start":{"line":232,"column":6},"end":{"line":235,"column":9}},"61":{"start":{"line":238,"column":4},"end":{"line":241,"column":7}},"62":{"start":{"line":243,"column":4},"end":{"line":247,"column":7}},"63":{"start":{"line":252,"column":0},"end":{"line":307,"column":2}},"64":{"start":{"line":253,"column":2},"end":{"line":306,"column":3}},"65":{"start":{"line":254,"column":21},"end":{"line":254,"column":34}},"66":{"start":{"line":255,"column":19},"end":{"line":255,"column":31}},"67":{"start":{"line":258,"column":54},"end":{"line":263,"column":15}},"68":{"start":{"line":265,"column":4},"end":{"line":270,"column":5}},"69":{"start":{"line":266,"column":6},"end":{"line":269,"column":9}},"70":{"start":{"line":273,"column":42},"end":{"line":276,"column":32}},"71":{"start":{"line":278,"column":4},"end":{"line":278,"column":72}},"72":{"start":{"line":278,"column":28},"end":{"line":278,"column":72}},"73":{"start":{"line":281,"column":41},"end":{"line":284,"column":32}},"74":{"start":{"line":286,"column":4},"end":{"line":286,"column":70}},"75":{"start":{"line":286,"column":27},"end":{"line":286,"column":70}},"76":{"start":{"line":289,"column":41},"end":{"line":292,"column":25}},"77":{"start":{"line":294,"column":4},"end":{"line":294,"column":70}},"78":{"start":{"line":294,"column":27},"end":{"line":294,"column":70}},"79":{"start":{"line":296,"column":4},"end":{"line":299,"column":7}},"80":{"start":{"line":301,"column":4},"end":{"line":305,"column":7}},"81":{"start":{"line":310,"column":0},"end":{"line":393,"column":2}},"82":{"start":{"line":311,"column":2},"end":{"line":392,"column":3}},"83":{"start":{"line":312,"column":38},"end":{"line":312,"column":46}},"84":{"start":{"line":313,"column":29},"end":{"line":313,"column":41}},"85":{"start":{"line":316,"column":4},"end":{"line":321,"column":5}},"86":{"start":{"line":317,"column":6},"end":{"line":320,"column":9}},"87":{"start":{"line":324,"column":54},"end":{"line":329,"column":15}},"88":{"start":{"line":331,"column":4},"end":{"line":336,"column":5}},"89":{"start":{"line":332,"column":6},"end":{"line":335,"column":9}},"90":{"start":{"line":339,"column":49},"end":{"line":343,"column":15}},"91":{"start":{"line":345,"column":4},"end":{"line":350,"column":5}},"92":{"start":{"line":346,"column":6},"end":{"line":349,"column":9}},"93":{"start":{"line":352,"column":24},"end":{"line":352,"column":35}},"94":{"start":{"line":355,"column":59},"end":{"line":360,"column":15}},"95":{"start":{"line":362,"column":4},"end":{"line":367,"column":5}},"96":{"start":{"line":363,"column":6},"end":{"line":366,"column":9}},"97":{"start":{"line":370,"column":32},"end":{"line":378,"column":8}},"98":{"start":{"line":380,"column":4},"end":{"line":380,"column":52}},"99":{"start":{"line":380,"column":18},"end":{"line":380,"column":52}},"100":{"start":{"line":382,"column":4},"end":{"line":385,"column":7}},"101":{"start":{"line":387,"column":4},"end":{"line":391,"column":7}}},"fnMap":{"0":{"name":"(anonymous_0)","decl":{"start":{"line":4,"column":25},"end":{"line":4,"column":26}},"loc":{"start":{"line":4,"column":45},"end":{"line":52,"column":1}},"line":4},"1":{"name":"(anonymous_1)","decl":{"start":{"line":24,"column":40},"end":{"line":24,"column":41}},"loc":{"start":{"line":24,"column":50},"end":{"line":24,"column":66}},"line":24},"2":{"name":"(anonymous_2)","decl":{"start":{"line":55,"column":24},"end":{"line":55,"column":25}},"loc":{"start":{"line":55,"column":44},"end":{"line":138,"column":1}},"line":55},"3":{"name":"(anonymous_3)","decl":{"start":{"line":114,"column":41},"end":{"line":114,"column":42}},"loc":{"start":{"line":114,"column":52},"end":{"line":122,"column":5}},"line":114},"4":{"name":"(anonymous_4)","decl":{"start":{"line":141,"column":23},"end":{"line":141,"column":24}},"loc":{"start":{"line":141,"column":43},"end":{"line":193,"column":1}},"line":141},"5":{"name":"(anonymous_5)","decl":{"start":{"line":196,"column":23},"end":{"line":196,"column":24}},"loc":{"start":{"line":196,"column":43},"end":{"line":249,"column":1}},"line":196},"6":{"name":"(anonymous_6)","decl":{"start":{"line":252,"column":23},"end":{"line":252,"column":24}},"loc":{"start":{"line":252,"column":43},"end":{"line":307,"column":1}},"line":252},"7":{"name":"(anonymous_7)","decl":{"start":{"line":310,"column":26},"end":{"line":310,"column":27}},"loc":{"start":{"line":310,"column":46},"end":{"line":393,"column":1}},"line":310}},"branchMap":{"0":{"loc":{"start":{"line":14,"column":4},"end":{"line":14,"column":60}},"type":"if","locations":[{"start":{"line":14,"column":4},"end":{"line":14,"column":60}},{"start":{},"end":{}}],"line":14},"1":{"loc":{"start":{"line":16,"column":4},"end":{"line":22,"column":5}},"type":"if","locations":[{"start":{"line":16,"column":4},"end":{"line":22,"column":5}},{"start":{},"end":{}}],"line":16},"2":{"loc":{"start":{"line":16,"column":8},"end":{"line":16,"column":52}},"type":"binary-expr","locations":[{"start":{"line":16,"column":8},"end":{"line":16,"column":22}},{"start":{"line":16,"column":26},"end":{"line":16,"column":52}}],"line":16},"3":{"loc":{"start":{"line":38,"column":4},"end":{"line":38,"column":62}},"type":"if","locations":[{"start":{"line":38,"column":4},"end":{"line":38,"column":62}},{"start":{},"end":{}}],"line":38},"4":{"loc":{"start":{"line":68,"column":4},"end":{"line":73,"column":5}},"type":"if","locations":[{"start":{"line":68,"column":4},"end":{"line":73,"column":5}},{"start":{},"end":{}}],"line":68},"5":{"loc":{"start":{"line":68,"column":8},"end":{"line":68,"column":35}},"type":"binary-expr","locations":[{"start":{"line":68,"column":8},"end":{"line":68,"column":19}},{"start":{"line":68,"column":23},"end":{"line":68,"column":35}}],"line":68},"6":{"loc":{"start":{"line":89,"column":4},"end":{"line":94,"column":5}},"type":"if","locations":[{"start":{"line":89,"column":4},"end":{"line":94,"column":5}},{"start":{},"end":{}}],"line":89},"7":{"loc":{"start":{"line":89,"column":8},"end":{"line":89,"column":30}},"type":"binary-expr","locations":[{"start":{"line":89,"column":8},"end":{"line":89,"column":19}},{"start":{"line":89,"column":23},"end":{"line":89,"column":30}}],"line":89},"8":{"loc":{"start":{"line":111,"column":4},"end":{"line":111,"column":60}},"type":"if","locations":[{"start":{"line":111,"column":4},"end":{"line":111,"column":60}},{"start":{},"end":{}}],"line":111},"9":{"loc":{"start":{"line":120,"column":19},"end":{"line":120,"column":107}},"type":"binary-expr","locations":[{"start":{"line":120,"column":19},"end":{"line":120,"column":64}},{"start":{"line":120,"column":68},"end":{"line":120,"column":107}}],"line":120},"10":{"loc":{"start":{"line":147,"column":4},"end":{"line":152,"column":5}},"type":"if","locations":[{"start":{"line":147,"column":4},"end":{"line":152,"column":5}},{"start":{},"end":{}}],"line":147},"11":{"loc":{"start":{"line":167,"column":4},"end":{"line":167,"column":58}},"type":"if","locations":[{"start":{"line":167,"column":4},"end":{"line":167,"column":58}},{"start":{},"end":{}}],"line":167},"12":{"loc":{"start":{"line":180,"column":4},"end":{"line":180,"column":58}},"type":"if","locations":[{"start":{"line":180,"column":4},"end":{"line":180,"column":58}},{"start":{},"end":{}}],"line":180},"13":{"loc":{"start":{"line":210,"column":4},"end":{"line":215,"column":5}},"type":"if","locations":[{"start":{"line":210,"column":4},"end":{"line":215,"column":5}},{"start":{},"end":{}}],"line":210},"14":{"loc":{"start":{"line":210,"column":8},"end":{"line":210,"column":67}},"type":"binary-expr","locations":[{"start":{"line":210,"column":8},"end":{"line":210,"column":19}},{"start":{"line":210,"column":23},"end":{"line":210,"column":35}},{"start":{"line":210,"column":39},"end":{"line":210,"column":67}}],"line":210},"15":{"loc":{"start":{"line":229,"column":4},"end":{"line":229,"column":58}},"type":"if","locations":[{"start":{"line":229,"column":4},"end":{"line":229,"column":58}},{"start":{},"end":{}}],"line":229},"16":{"loc":{"start":{"line":231,"column":4},"end":{"line":236,"column":5}},"type":"if","locations":[{"start":{"line":231,"column":4},"end":{"line":236,"column":5}},{"start":{},"end":{}}],"line":231},"17":{"loc":{"start":{"line":265,"column":4},"end":{"line":270,"column":5}},"type":"if","locations":[{"start":{"line":265,"column":4},"end":{"line":270,"column":5}},{"start":{},"end":{}}],"line":265},"18":{"loc":{"start":{"line":265,"column":8},"end":{"line":265,"column":67}},"type":"binary-expr","locations":[{"start":{"line":265,"column":8},"end":{"line":265,"column":19}},{"start":{"line":265,"column":23},"end":{"line":265,"column":35}},{"start":{"line":265,"column":39},"end":{"line":265,"column":67}}],"line":265},"19":{"loc":{"start":{"line":278,"column":4},"end":{"line":278,"column":72}},"type":"if","locations":[{"start":{"line":278,"column":4},"end":{"line":278,"column":72}},{"start":{},"end":{}}],"line":278},"20":{"loc":{"start":{"line":286,"column":4},"end":{"line":286,"column":70}},"type":"if","locations":[{"start":{"line":286,"column":4},"end":{"line":286,"column":70}},{"start":{},"end":{}}],"line":286},"21":{"loc":{"start":{"line":294,"column":4},"end":{"line":294,"column":70}},"type":"if","locations":[{"start":{"line":294,"column":4},"end":{"line":294,"column":70}},{"start":{},"end":{}}],"line":294},"22":{"loc":{"start":{"line":316,"column":4},"end":{"line":321,"column":5}},"type":"if","locations":[{"start":{"line":316,"column":4},"end":{"line":321,"column":5}},{"start":{},"end":{}}],"line":316},"23":{"loc":{"start":{"line":316,"column":8},"end":{"line":316,"column":36}},"type":"binary-expr","locations":[{"start":{"line":316,"column":8},"end":{"line":316,"column":17}},{"start":{"line":316,"column":21},"end":{"line":316,"column":27}},{"start":{"line":316,"column":31},"end":{"line":316,"column":36}}],"line":316},"24":{"loc":{"start":{"line":331,"column":4},"end":{"line":336,"column":5}},"type":"if","locations":[{"start":{"line":331,"column":4},"end":{"line":336,"column":5}},{"start":{},"end":{}}],"line":331},"25":{"loc":{"start":{"line":331,"column":8},"end":{"line":331,"column":67}},"type":"binary-expr","locations":[{"start":{"line":331,"column":8},"end":{"line":331,"column":19}},{"start":{"line":331,"column":23},"end":{"line":331,"column":35}},{"start":{"line":331,"column":39},"end":{"line":331,"column":67}}],"line":331},"26":{"loc":{"start":{"line":345,"column":4},"end":{"line":350,"column":5}},"type":"if","locations":[{"start":{"line":345,"column":4},"end":{"line":350,"column":5}},{"start":{},"end":{}}],"line":345},"27":{"loc":{"start":{"line":345,"column":8},"end":{"line":345,"column":30}},"type":"binary-expr","locations":[{"start":{"line":345,"column":8},"end":{"line":345,"column":17}},{"start":{"line":345,"column":21},"end":{"line":345,"column":30}}],"line":345},"28":{"loc":{"start":{"line":362,"column":4},"end":{"line":367,"column":5}},"type":"if","locations":[{"start":{"line":362,"column":4},"end":{"line":367,"column":5}},{"start":{},"end":{}}],"line":362},"29":{"loc":{"start":{"line":380,"column":4},"end":{"line":380,"column":52}},"type":"if","locations":[{"start":{"line":380,"column":4},"end":{"line":380,"column":52}},{"start":{},"end":{}}],"line":380}},"s":{"0":1,"1":1,"2":2,"3":2,"4":2,"5":2,"6":2,"7":0,"8":0,"9":0,"10":0,"11":0,"12":0,"13":0,"14":0,"15":2,"16":1,"17":3,"18":3,"19":3,"20":3,"21":3,"22":3,"23":0,"24":0,"25":0,"26":0,"27":0,"28":0,"29":0,"30":0,"31":0,"32":0,"33":0,"34":1,"35":2,"36":2,"37":2,"38":2,"39":1,"40":1,"41":1,"42":1,"43":0,"44":0,"45":0,"46":0,"47":1,"48":1,"49":0,"50":0,"51":0,"52":0,"53":0,"54":0,"55":0,"56":0,"57":0,"58":0,"59":0,"60":0,"61":0,"62":0,"63":1,"64":0,"65":0,"66":0,"67":0,"68":0,"69":0,"70":0,"71":0,"72":0,"73":0,"74":0,"75":0,"76":0,"77":0,"78":0,"79":0,"80":0,"81":1,"82":2,"83":2,"84":2,"85":2,"86":2,"87":0,"88":0,"89":0,"90":0,"91":0,"92":0,"93":0,"94":0,"95":0,"96":0,"97":0,"98":0,"99":0,"100":0,"101":0},"f":{"0":2,"1":0,"2":3,"3":0,"4":2,"5":0,"6":0,"7":2},"b":{"0":[2,0],"1":[0,0],"2":[0,0],"3":[0,0],"4":[3,0],"5":[3,0],"6":[0,0],"7":[0,0],"8":[0,0],"9":[0,0],"10":[1,1],"11":[1,0],"12":[0,0],"13":[0,0],"14":[0,0,0],"15":[0,0],"16":[0,0],"17":[0,0],"18":[0,0,0],"19":[0,0],"20":[0,0],"21":[0,0],"22":[2,0],"23":[2,2,0],"24":[0,0],"25":[0,0,0],"26":[0,0],"27":[0,0],"28":[0,0],"29":[0,0]},"_coverageSchema":"1a1c01bbd47fc00a2c39e90264f33305004495a9","hash":"0f6fda52b265f70caa1ed4b96c03e6daa7e1d61e"}
,"/app/genea-app/server/src/controllers/gedcom.controller.js": {"path":"/app/genea-app/server/src/controllers/gedcom.controller.js","statementMap":{"0":{"start":{"line":1,"column":27},"end":{"line":1,"column":63}},"1":{"start":{"line":3,"column":25},"end":{"line":229,"column":1}},"2":{"start":{"line":6,"column":4},"end":{"line":227,"column":5}},"3":{"start":{"line":7,"column":27},"end":{"line":7,"column":37}},"4":{"start":{"line":8,"column":21},"end":{"line":8,"column":33}},"5":{"start":{"line":11,"column":56},"end":{"line":15,"column":30}},"6":{"start":{"line":17,"column":6},"end":{"line":22,"column":7}},"7":{"start":{"line":18,"column":8},"end":{"line":21,"column":11}},"8":{"start":{"line":25,"column":51},"end":{"line":29,"column":17}},"9":{"start":{"line":31,"column":6},"end":{"line":36,"column":7}},"10":{"start":{"line":32,"column":8},"end":{"line":35,"column":11}},"11":{"start":{"line":39,"column":53},"end":{"line":42,"column":34}},"12":{"start":{"line":44,"column":6},"end":{"line":44,"column":62}},"13":{"start":{"line":44,"column":24},"end":{"line":44,"column":62}},"14":{"start":{"line":47,"column":55},"end":{"line":50,"column":49}},"15":{"start":{"line":50,"column":43},"end":{"line":50,"column":47}},"16":{"start":{"line":52,"column":6},"end":{"line":52,"column":54}},"17":{"start":{"line":52,"column":20},"end":{"line":52,"column":54}},"18":{"start":{"line":55,"column":19},"end":{"line":55,"column":21}},"19":{"start":{"line":58,"column":6},"end":{"line":58,"column":28}},"20":{"start":{"line":59,"column":6},"end":{"line":59,"column":34}},"21":{"start":{"line":60,"column":6},"end":{"line":60,"column":28}},"22":{"start":{"line":61,"column":6},"end":{"line":61,"column":34}},"23":{"start":{"line":62,"column":6},"end":{"line":62,"column":43}},"24":{"start":{"line":63,"column":6},"end":{"line":63,"column":38}},"25":{"start":{"line":64,"column":6},"end":{"line":64,"column":32}},"26":{"start":{"line":65,"column":6},"end":{"line":65,"column":76}},"27":{"start":{"line":66,"column":6},"end":{"line":66,"column":70}},"28":{"start":{"line":67,"column":6},"end":{"line":67,"column":70}},"29":{"start":{"line":68,"column":6},"end":{"line":68,"column":67}},"30":{"start":{"line":69,"column":6},"end":{"line":69,"column":35}},"31":{"start":{"line":72,"column":6},"end":{"line":72,"column":35}},"32":{"start":{"line":73,"column":6},"end":{"line":73,"column":74}},"33":{"start":{"line":76,"column":6},"end":{"line":106,"column":9}},"34":{"start":{"line":77,"column":8},"end":{"line":77,"column":46}},"35":{"start":{"line":78,"column":8},"end":{"line":78,"column":79}},"36":{"start":{"line":80,"column":8},"end":{"line":82,"column":9}},"37":{"start":{"line":81,"column":10},"end":{"line":81,"column":106}},"38":{"start":{"line":84,"column":8},"end":{"line":91,"column":9}},"39":{"start":{"line":85,"column":10},"end":{"line":85,"column":32}},"40":{"start":{"line":86,"column":10},"end":{"line":86,"column":91}},"41":{"start":{"line":88,"column":10},"end":{"line":90,"column":11}},"42":{"start":{"line":89,"column":12},"end":{"line":89,"column":56}},"43":{"start":{"line":93,"column":8},"end":{"line":100,"column":9}},"44":{"start":{"line":94,"column":10},"end":{"line":94,"column":32}},"45":{"start":{"line":95,"column":10},"end":{"line":95,"column":91}},"46":{"start":{"line":97,"column":10},"end":{"line":99,"column":11}},"47":{"start":{"line":98,"column":12},"end":{"line":98,"column":56}},"48":{"start":{"line":103,"column":8},"end":{"line":105,"column":9}},"49":{"start":{"line":104,"column":10},"end":{"line":104,"column":80}},"50":{"start":{"line":109,"column":30},"end":{"line":109,"column":39}},"51":{"start":{"line":112,"column":35},"end":{"line":114,"column":7}},"52":{"start":{"line":113,"column":8},"end":{"line":113,"column":79}},"53":{"start":{"line":117,"column":30},"end":{"line":117,"column":93}},"54":{"start":{"line":117,"column":58},"end":{"line":117,"column":92}},"55":{"start":{"line":120,"column":6},"end":{"line":146,"column":9}},"56":{"start":{"line":121,"column":26},"end":{"line":121,"column":75}},"57":{"start":{"line":123,"column":8},"end":{"line":131,"column":9}},"58":{"start":{"line":124,"column":10},"end":{"line":130,"column":13}},"59":{"start":{"line":134,"column":24},"end":{"line":134,"column":66}},"60":{"start":{"line":134,"column":42},"end":{"line":134,"column":65}},"61":{"start":{"line":135,"column":24},"end":{"line":135,"column":66}},"62":{"start":{"line":135,"column":42},"end":{"line":135,"column":65}},"63":{"start":{"line":137,"column":8},"end":{"line":145,"column":9}},"64":{"start":{"line":138,"column":10},"end":{"line":144,"column":11}},"65":{"start":{"line":139,"column":12},"end":{"line":139,"column":64}},"66":{"start":{"line":140,"column":12},"end":{"line":140,"column":61}},"67":{"start":{"line":142,"column":12},"end":{"line":142,"column":64}},"68":{"start":{"line":143,"column":12},"end":{"line":143,"column":61}},"69":{"start":{"line":149,"column":6},"end":{"line":162,"column":9}},"70":{"start":{"line":150,"column":25},"end":{"line":150,"column":93}},"71":{"start":{"line":151,"column":24},"end":{"line":151,"column":92}},"72":{"start":{"line":154,"column":8},"end":{"line":161,"column":9}},"73":{"start":{"line":155,"column":10},"end":{"line":160,"column":11}},"74":{"start":{"line":156,"column":12},"end":{"line":158,"column":13}},"75":{"start":{"line":157,"column":14},"end":{"line":157,"column":44}},"76":{"start":{"line":159,"column":12},"end":{"line":159,"column":18}},"77":{"start":{"line":165,"column":26},"end":{"line":165,"column":27}},"78":{"start":{"line":166,"column":6},"end":{"line":211,"column":7}},"79":{"start":{"line":167,"column":8},"end":{"line":167,"column":49}},"80":{"start":{"line":169,"column":8},"end":{"line":177,"column":9}},"81":{"start":{"line":170,"column":10},"end":{"line":170,"column":53}},"82":{"start":{"line":173,"column":28},"end":{"line":173,"column":92}},"83":{"start":{"line":173,"column":53},"end":{"line":173,"column":91}},"84":{"start":{"line":174,"column":10},"end":{"line":176,"column":11}},"85":{"start":{"line":175,"column":12},"end":{"line":175,"column":74}},"86":{"start":{"line":179,"column":8},"end":{"line":187,"column":9}},"87":{"start":{"line":180,"column":10},"end":{"line":180,"column":50}},"88":{"start":{"line":183,"column":28},"end":{"line":183,"column":89}},"89":{"start":{"line":183,"column":53},"end":{"line":183,"column":88}},"90":{"start":{"line":184,"column":10},"end":{"line":186,"column":11}},"91":{"start":{"line":185,"column":12},"end":{"line":185,"column":74}},"92":{"start":{"line":190,"column":8},"end":{"line":198,"column":11}},"93":{"start":{"line":191,"column":10},"end":{"line":191,"column":46}},"94":{"start":{"line":194,"column":29},"end":{"line":194,"column":86}},"95":{"start":{"line":194,"column":54},"end":{"line":194,"column":85}},"96":{"start":{"line":195,"column":10},"end":{"line":197,"column":11}},"97":{"start":{"line":196,"column":12},"end":{"line":196,"column":75}},"98":{"start":{"line":201,"column":8},"end":{"line":208,"column":9}},"99":{"start":{"line":202,"column":10},"end":{"line":202,"column":32}},"100":{"start":{"line":203,"column":10},"end":{"line":203,"column":93}},"101":{"start":{"line":205,"column":10},"end":{"line":207,"column":11}},"102":{"start":{"line":206,"column":12},"end":{"line":206,"column":58}},"103":{"start":{"line":210,"column":8},"end":{"line":210,"column":24}},"104":{"start":{"line":214,"column":6},"end":{"line":214,"column":28}},"105":{"start":{"line":217,"column":6},"end":{"line":217,"column":50}},"106":{"start":{"line":218,"column":6},"end":{"line":218,"column":108}},"107":{"start":{"line":219,"column":6},"end":{"line":219,"column":34}},"108":{"start":{"line":221,"column":6},"end":{"line":221,"column":56}},"109":{"start":{"line":222,"column":6},"end":{"line":226,"column":9}},"110":{"start":{"line":231,"column":0},"end":{"line":231,"column":34}}},"fnMap":{"0":{"name":"(anonymous_0)","decl":{"start":{"line":5,"column":16},"end":{"line":5,"column":17}},"loc":{"start":{"line":5,"column":36},"end":{"line":228,"column":3}},"line":5},"1":{"name":"(anonymous_1)","decl":{"start":{"line":50,"column":38},"end":{"line":50,"column":39}},"loc":{"start":{"line":50,"column":43},"end":{"line":50,"column":47}},"line":50},"2":{"name":"(anonymous_2)","decl":{"start":{"line":76,"column":22},"end":{"line":76,"column":23}},"loc":{"start":{"line":76,"column":32},"end":{"line":106,"column":7}},"line":76},"3":{"name":"(anonymous_3)","decl":{"start":{"line":112,"column":56},"end":{"line":112,"column":57}},"loc":{"start":{"line":113,"column":8},"end":{"line":113,"column":79}},"line":113},"4":{"name":"(anonymous_4)","decl":{"start":{"line":117,"column":51},"end":{"line":117,"column":52}},"loc":{"start":{"line":117,"column":58},"end":{"line":117,"column":92}},"line":117},"5":{"name":"(anonymous_5)","decl":{"start":{"line":120,"column":30},"end":{"line":120,"column":31}},"loc":{"start":{"line":120,"column":37},"end":{"line":146,"column":7}},"line":120},"6":{"name":"(anonymous_6)","decl":{"start":{"line":134,"column":37},"end":{"line":134,"column":38}},"loc":{"start":{"line":134,"column":42},"end":{"line":134,"column":65}},"line":134},"7":{"name":"(anonymous_7)","decl":{"start":{"line":135,"column":37},"end":{"line":135,"column":38}},"loc":{"start":{"line":135,"column":42},"end":{"line":135,"column":65}},"line":135},"8":{"name":"(anonymous_8)","decl":{"start":{"line":149,"column":35},"end":{"line":149,"column":36}},"loc":{"start":{"line":149,"column":42},"end":{"line":162,"column":7}},"line":149},"9":{"name":"(anonymous_9)","decl":{"start":{"line":173,"column":45},"end":{"line":173,"column":46}},"loc":{"start":{"line":173,"column":53},"end":{"line":173,"column":91}},"line":173},"10":{"name":"(anonymous_10)","decl":{"start":{"line":183,"column":45},"end":{"line":183,"column":46}},"loc":{"start":{"line":183,"column":53},"end":{"line":183,"column":88}},"line":183},"11":{"name":"(anonymous_11)","decl":{"start":{"line":190,"column":32},"end":{"line":190,"column":33}},"loc":{"start":{"line":190,"column":43},"end":{"line":198,"column":9}},"line":190},"12":{"name":"(anonymous_12)","decl":{"start":{"line":194,"column":46},"end":{"line":194,"column":47}},"loc":{"start":{"line":194,"column":54},"end":{"line":194,"column":85}},"line":194}},"branchMap":{"0":{"loc":{"start":{"line":17,"column":6},"end":{"line":22,"column":7}},"type":"if","locations":[{"start":{"line":17,"column":6},"end":{"line":22,"column":7}},{"start":{},"end":{}}],"line":17},"1":{"loc":{"start":{"line":17,"column":10},"end":{"line":17,"column":65}},"type":"binary-expr","locations":[{"start":{"line":17,"column":10},"end":{"line":17,"column":21}},{"start":{"line":17,"column":25},"end":{"line":17,"column":37}},{"start":{"line":17,"column":41},"end":{"line":17,"column":65}}],"line":17},"2":{"loc":{"start":{"line":31,"column":6},"end":{"line":36,"column":7}},"type":"if","locations":[{"start":{"line":31,"column":6},"end":{"line":36,"column":7}},{"start":{},"end":{}}],"line":31},"3":{"loc":{"start":{"line":31,"column":10},"end":{"line":31,"column":32}},"type":"binary-expr","locations":[{"start":{"line":31,"column":10},"end":{"line":31,"column":21}},{"start":{"line":31,"column":25},"end":{"line":31,"column":32}}],"line":31},"4":{"loc":{"start":{"line":44,"column":6},"end":{"line":44,"column":62}},"type":"if","locations":[{"start":{"line":44,"column":6},"end":{"line":44,"column":62}},{"start":{},"end":{}}],"line":44},"5":{"loc":{"start":{"line":52,"column":6},"end":{"line":52,"column":54}},"type":"if","locations":[{"start":{"line":52,"column":6},"end":{"line":52,"column":54}},{"start":{},"end":{}}],"line":52},"6":{"loc":{"start":{"line":73,"column":28},"end":{"line":73,"column":70}},"type":"binary-expr","locations":[{"start":{"line":73,"column":28},"end":{"line":73,"column":48}},{"start":{"line":73,"column":52},"end":{"line":73,"column":70}}],"line":73},"7":{"loc":{"start":{"line":78,"column":52},"end":{"line":78,"column":74}},"type":"binary-expr","locations":[{"start":{"line":78,"column":52},"end":{"line":78,"column":68}},{"start":{"line":78,"column":72},"end":{"line":78,"column":74}}],"line":78},"8":{"loc":{"start":{"line":80,"column":8},"end":{"line":82,"column":9}},"type":"if","locations":[{"start":{"line":80,"column":8},"end":{"line":82,"column":9}},{"start":{},"end":{}}],"line":80},"9":{"loc":{"start":{"line":81,"column":31},"end":{"line":81,"column":102}},"type":"cond-expr","locations":[{"start":{"line":81,"column":58},"end":{"line":81,"column":61}},{"start":{"line":81,"column":64},"end":{"line":81,"column":102}}],"line":81},"10":{"loc":{"start":{"line":81,"column":64},"end":{"line":81,"column":102}},"type":"cond-expr","locations":[{"start":{"line":81,"column":93},"end":{"line":81,"column":96}},{"start":{"line":81,"column":99},"end":{"line":81,"column":102}}],"line":81},"11":{"loc":{"start":{"line":84,"column":8},"end":{"line":91,"column":9}},"type":"if","locations":[{"start":{"line":84,"column":8},"end":{"line":91,"column":9}},{"start":{},"end":{}}],"line":84},"12":{"loc":{"start":{"line":88,"column":10},"end":{"line":90,"column":11}},"type":"if","locations":[{"start":{"line":88,"column":10},"end":{"line":90,"column":11}},{"start":{},"end":{}}],"line":88},"13":{"loc":{"start":{"line":93,"column":8},"end":{"line":100,"column":9}},"type":"if","locations":[{"start":{"line":93,"column":8},"end":{"line":100,"column":9}},{"start":{},"end":{}}],"line":93},"14":{"loc":{"start":{"line":97,"column":10},"end":{"line":99,"column":11}},"type":"if","locations":[{"start":{"line":97,"column":10},"end":{"line":99,"column":11}},{"start":{},"end":{}}],"line":97},"15":{"loc":{"start":{"line":103,"column":8},"end":{"line":105,"column":9}},"type":"if","locations":[{"start":{"line":103,"column":8},"end":{"line":105,"column":9}},{"start":{},"end":{}}],"line":103},"16":{"loc":{"start":{"line":113,"column":8},"end":{"line":113,"column":79}},"type":"binary-expr","locations":[{"start":{"line":113,"column":8},"end":{"line":113,"column":42}},{"start":{"line":113,"column":46},"end":{"line":113,"column":79}}],"line":113},"17":{"loc":{"start":{"line":123,"column":8},"end":{"line":131,"column":9}},"type":"if","locations":[{"start":{"line":123,"column":8},"end":{"line":131,"column":9}},{"start":{},"end":{}}],"line":123},"18":{"loc":{"start":{"line":137,"column":8},"end":{"line":145,"column":9}},"type":"if","locations":[{"start":{"line":137,"column":8},"end":{"line":145,"column":9}},{"start":{},"end":{}}],"line":137},"19":{"loc":{"start":{"line":137,"column":12},"end":{"line":137,"column":30}},"type":"binary-expr","locations":[{"start":{"line":137,"column":12},"end":{"line":137,"column":19}},{"start":{"line":137,"column":23},"end":{"line":137,"column":30}}],"line":137},"20":{"loc":{"start":{"line":138,"column":10},"end":{"line":144,"column":11}},"type":"if","locations":[{"start":{"line":138,"column":10},"end":{"line":144,"column":11}},{"start":{"line":141,"column":17},"end":{"line":144,"column":11}}],"line":138},"21":{"loc":{"start":{"line":150,"column":25},"end":{"line":150,"column":93}},"type":"cond-expr","locations":[{"start":{"line":150,"column":62},"end":{"line":150,"column":76}},{"start":{"line":150,"column":79},"end":{"line":150,"column":93}}],"line":150},"22":{"loc":{"start":{"line":151,"column":24},"end":{"line":151,"column":92}},"type":"cond-expr","locations":[{"start":{"line":151,"column":61},"end":{"line":151,"column":75}},{"start":{"line":151,"column":78},"end":{"line":151,"column":92}}],"line":151},"23":{"loc":{"start":{"line":155,"column":10},"end":{"line":160,"column":11}},"type":"if","locations":[{"start":{"line":155,"column":10},"end":{"line":160,"column":11}},{"start":{},"end":{}}],"line":155},"24":{"loc":{"start":{"line":155,"column":14},"end":{"line":155,"column":69}},"type":"binary-expr","locations":[{"start":{"line":155,"column":14},"end":{"line":155,"column":41}},{"start":{"line":155,"column":45},"end":{"line":155,"column":69}}],"line":155},"25":{"loc":{"start":{"line":156,"column":12},"end":{"line":158,"column":13}},"type":"if","locations":[{"start":{"line":156,"column":12},"end":{"line":158,"column":13}},{"start":{},"end":{}}],"line":156},"26":{"loc":{"start":{"line":169,"column":8},"end":{"line":177,"column":9}},"type":"if","locations":[{"start":{"line":169,"column":8},"end":{"line":177,"column":9}},{"start":{},"end":{}}],"line":169},"27":{"loc":{"start":{"line":174,"column":10},"end":{"line":176,"column":11}},"type":"if","locations":[{"start":{"line":174,"column":10},"end":{"line":176,"column":11}},{"start":{},"end":{}}],"line":174},"28":{"loc":{"start":{"line":179,"column":8},"end":{"line":187,"column":9}},"type":"if","locations":[{"start":{"line":179,"column":8},"end":{"line":187,"column":9}},{"start":{},"end":{}}],"line":179},"29":{"loc":{"start":{"line":184,"column":10},"end":{"line":186,"column":11}},"type":"if","locations":[{"start":{"line":184,"column":10},"end":{"line":186,"column":11}},{"start":{},"end":{}}],"line":184},"30":{"loc":{"start":{"line":195,"column":10},"end":{"line":197,"column":11}},"type":"if","locations":[{"start":{"line":195,"column":10},"end":{"line":197,"column":11}},{"start":{},"end":{}}],"line":195},"31":{"loc":{"start":{"line":201,"column":8},"end":{"line":208,"column":9}},"type":"if","locations":[{"start":{"line":201,"column":8},"end":{"line":208,"column":9}},{"start":{},"end":{}}],"line":201},"32":{"loc":{"start":{"line":205,"column":10},"end":{"line":207,"column":11}},"type":"if","locations":[{"start":{"line":205,"column":10},"end":{"line":207,"column":11}},{"start":{},"end":{}}],"line":205}},"s":{"0":0,"1":0,"2":0,"3":0,"4":0,"5":0,"6":0,"7":0,"8":0,"9":0,"10":0,"11":0,"12":0,"13":0,"14":0,"15":0,"16":0,"17":0,"18":0,"19":0,"20":0,"21":0,"22":0,"23":0,"24":0,"25":0,"26":0,"27":0,"28":0,"29":0,"30":0,"31":0,"32":0,"33":0,"34":0,"35":0,"36":0,"37":0,"38":0,"39":0,"40":0,"41":0,"42":0,"43":0,"44":0,"45":0,"46":0,"47":0,"48":0,"49":0,"50":0,"51":0,"52":0,"53":0,"54":0,"55":0,"56":0,"57":0,"58":0,"59":0,"60":0,"61":0,"62":0,"63":0,"64":0,"65":0,"66":0,"67":0,"68":0,"69":0,"70":0,"71":0,"72":0,"73":0,"74":0,"75":0,"76":0,"77":0,"78":0,"79":0,"80":0,"81":0,"82":0,"83":0,"84":0,"85":0,"86":0,"87":0,"88":0,"89":0,"90":0,"91":0,"92":0,"93":0,"94":0,"95":0,"96":0,"97":0,"98":0,"99":0,"100":0,"101":0,"102":0,"103":0,"104":0,"105":0,"106":0,"107":0,"108":0,"109":0,"110":0},"f":{"0":0,"1":0,"2":0,"3":0,"4":0,"5":0,"6":0,"7":0,"8":0,"9":0,"10":0,"11":0,"12":0},"b":{"0":[0,0],"1":[0,0,0],"2":[0,0],"3":[0,0],"4":[0,0],"5":[0,0],"6":[0,0],"7":[0,0],"8":[0,0],"9":[0,0],"10":[0,0],"11":[0,0],"12":[0,0],"13":[0,0],"14":[0,0],"15":[0,0],"16":[0,0],"17":[0,0],"18":[0,0],"19":[0,0],"20":[0,0],"21":[0,0],"22":[0,0],"23":[0,0],"24":[0,0],"25":[0,0],"26":[0,0],"27":[0,0],"28":[0,0],"29":[0,0],"30":[0,0],"31":[0,0],"32":[0,0]}}
,"/app/genea-app/server/src/controllers/invitation.controller.js": {"path":"/app/genea-app/server/src/controllers/invitation.controller.js","statementMap":{"0":{"start":{"line":1,"column":42},"end":{"line":1,"column":78}},"1":{"start":{"line":2,"column":15},"end":{"line":2,"column":32}},"2":{"start":{"line":3,"column":19},"end":{"line":3,"column":40}},"3":{"start":{"line":6,"column":20},"end":{"line":12,"column":2}},"4":{"start":{"line":14,"column":29},"end":{"line":389,"column":1}},"5":{"start":{"line":17,"column":4},"end":{"line":126,"column":5}},"6":{"start":{"line":18,"column":47},"end":{"line":18,"column":55}},"7":{"start":{"line":19,"column":24},"end":{"line":19,"column":36}},"8":{"start":{"line":22,"column":51},"end":{"line":26,"column":17}},"9":{"start":{"line":28,"column":6},"end":{"line":33,"column":7}},"10":{"start":{"line":29,"column":8},"end":{"line":32,"column":11}},"11":{"start":{"line":36,"column":56},"end":{"line":41,"column":17}},"12":{"start":{"line":43,"column":6},"end":{"line":48,"column":7}},"13":{"start":{"line":44,"column":8},"end":{"line":47,"column":11}},"14":{"start":{"line":51,"column":67},"end":{"line":57,"column":17}},"15":{"start":{"line":59,"column":6},"end":{"line":64,"column":7}},"16":{"start":{"line":60,"column":8},"end":{"line":63,"column":11}},"17":{"start":{"line":67,"column":20},"end":{"line":67,"column":58}},"18":{"start":{"line":70,"column":24},"end":{"line":70,"column":34}},"19":{"start":{"line":71,"column":6},"end":{"line":71,"column":49}},"20":{"start":{"line":74,"column":55},"end":{"line":86,"column":17}},"21":{"start":{"line":88,"column":6},"end":{"line":88,"column":60}},"22":{"start":{"line":88,"column":23},"end":{"line":88,"column":60}},"23":{"start":{"line":91,"column":24},"end":{"line":91,"column":80}},"24":{"start":{"line":93,"column":26},"end":{"line":104,"column":7}},"25":{"start":{"line":106,"column":6},"end":{"line":106,"column":46}},"26":{"start":{"line":108,"column":6},"end":{"line":118,"column":9}},"27":{"start":{"line":120,"column":6},"end":{"line":120,"column":57}},"28":{"start":{"line":121,"column":6},"end":{"line":125,"column":9}},"29":{"start":{"line":131,"column":4},"end":{"line":158,"column":5}},"30":{"start":{"line":132,"column":21},"end":{"line":132,"column":33}},"31":{"start":{"line":134,"column":61},"end":{"line":143,"column":50}},"32":{"start":{"line":145,"column":6},"end":{"line":145,"column":70}},"33":{"start":{"line":145,"column":28},"end":{"line":145,"column":70}},"34":{"start":{"line":147,"column":6},"end":{"line":150,"column":9}},"35":{"start":{"line":152,"column":6},"end":{"line":152,"column":61}},"36":{"start":{"line":153,"column":6},"end":{"line":157,"column":9}},"37":{"start":{"line":163,"column":4},"end":{"line":193,"column":5}},"38":{"start":{"line":164,"column":24},"end":{"line":164,"column":38}},"39":{"start":{"line":165,"column":18},"end":{"line":165,"column":42}},"40":{"start":{"line":167,"column":61},"end":{"line":178,"column":50}},"41":{"start":{"line":180,"column":6},"end":{"line":180,"column":70}},"42":{"start":{"line":180,"column":28},"end":{"line":180,"column":70}},"43":{"start":{"line":182,"column":6},"end":{"line":185,"column":9}},"44":{"start":{"line":187,"column":6},"end":{"line":187,"column":61}},"45":{"start":{"line":188,"column":6},"end":{"line":192,"column":9}},"46":{"start":{"line":198,"column":4},"end":{"line":291,"column":5}},"47":{"start":{"line":199,"column":24},"end":{"line":199,"column":34}},"48":{"start":{"line":200,"column":21},"end":{"line":200,"column":33}},"49":{"start":{"line":201,"column":18},"end":{"line":201,"column":42}},"50":{"start":{"line":204,"column":59},"end":{"line":210,"column":17}},"51":{"start":{"line":212,"column":6},"end":{"line":217,"column":7}},"52":{"start":{"line":213,"column":8},"end":{"line":216,"column":11}},"53":{"start":{"line":220,"column":6},"end":{"line":225,"column":7}},"54":{"start":{"line":221,"column":8},"end":{"line":224,"column":11}},"55":{"start":{"line":228,"column":51},"end":{"line":232,"column":17}},"56":{"start":{"line":234,"column":6},"end":{"line":239,"column":7}},"57":{"start":{"line":235,"column":8},"end":{"line":238,"column":11}},"58":{"start":{"line":242,"column":59},"end":{"line":247,"column":17}},"59":{"start":{"line":249,"column":6},"end":{"line":266,"column":7}},"60":{"start":{"line":251,"column":8},"end":{"line":256,"column":9}},"61":{"start":{"line":252,"column":10},"end":{"line":255,"column":41}},"62":{"start":{"line":259,"column":8},"end":{"line":265,"column":14}},"63":{"start":{"line":269,"column":6},"end":{"line":272,"column":33}},"64":{"start":{"line":274,"column":6},"end":{"line":283,"column":9}},"65":{"start":{"line":285,"column":6},"end":{"line":285,"column":59}},"66":{"start":{"line":286,"column":6},"end":{"line":290,"column":9}},"67":{"start":{"line":296,"column":4},"end":{"line":339,"column":5}},"68":{"start":{"line":297,"column":24},"end":{"line":297,"column":34}},"69":{"start":{"line":300,"column":59},"end":{"line":305,"column":17}},"70":{"start":{"line":307,"column":6},"end":{"line":312,"column":7}},"71":{"start":{"line":308,"column":8},"end":{"line":311,"column":11}},"72":{"start":{"line":315,"column":6},"end":{"line":320,"column":7}},"73":{"start":{"line":316,"column":8},"end":{"line":319,"column":11}},"74":{"start":{"line":323,"column":6},"end":{"line":326,"column":33}},"75":{"start":{"line":328,"column":6},"end":{"line":331,"column":9}},"76":{"start":{"line":333,"column":6},"end":{"line":333,"column":60}},"77":{"start":{"line":334,"column":6},"end":{"line":338,"column":9}},"78":{"start":{"line":344,"column":4},"end":{"line":387,"column":5}},"79":{"start":{"line":345,"column":31},"end":{"line":345,"column":41}},"80":{"start":{"line":346,"column":21},"end":{"line":346,"column":33}},"81":{"start":{"line":349,"column":59},"end":{"line":353,"column":17}},"82":{"start":{"line":355,"column":6},"end":{"line":360,"column":7}},"83":{"start":{"line":356,"column":8},"end":{"line":359,"column":11}},"84":{"start":{"line":363,"column":6},"end":{"line":368,"column":7}},"85":{"start":{"line":364,"column":8},"end":{"line":367,"column":11}},"86":{"start":{"line":371,"column":6},"end":{"line":374,"column":32}},"87":{"start":{"line":376,"column":6},"end":{"line":379,"column":9}},"88":{"start":{"line":381,"column":6},"end":{"line":381,"column":60}},"89":{"start":{"line":382,"column":6},"end":{"line":386,"column":9}},"90":{"start":{"line":391,"column":0},"end":{"line":391,"column":38}}},"fnMap":{"0":{"name":"(anonymous_0)","decl":{"start":{"line":16,"column":20},"end":{"line":16,"column":21}},"loc":{"start":{"line":16,"column":40},"end":{"line":127,"column":3}},"line":16},"1":{"name":"(anonymous_1)","decl":{"start":{"line":130,"column":22},"end":{"line":130,"column":23}},"loc":{"start":{"line":130,"column":42},"end":{"line":159,"column":3}},"line":130},"2":{"name":"(anonymous_2)","decl":{"start":{"line":162,"column":26},"end":{"line":162,"column":27}},"loc":{"start":{"line":162,"column":46},"end":{"line":194,"column":3}},"line":162},"3":{"name":"(anonymous_3)","decl":{"start":{"line":197,"column":20},"end":{"line":197,"column":21}},"loc":{"start":{"line":197,"column":40},"end":{"line":292,"column":3}},"line":197},"4":{"name":"(anonymous_4)","decl":{"start":{"line":295,"column":20},"end":{"line":295,"column":21}},"loc":{"start":{"line":295,"column":40},"end":{"line":340,"column":3}},"line":295},"5":{"name":"(anonymous_5)","decl":{"start":{"line":343,"column":20},"end":{"line":343,"column":21}},"loc":{"start":{"line":343,"column":40},"end":{"line":388,"column":3}},"line":343}},"branchMap":{"0":{"loc":{"start":{"line":7,"column":11},"end":{"line":7,"column":47}},"type":"binary-expr","locations":[{"start":{"line":7,"column":11},"end":{"line":7,"column":36}},{"start":{"line":7,"column":40},"end":{"line":7,"column":47}}],"line":7},"1":{"loc":{"start":{"line":28,"column":6},"end":{"line":33,"column":7}},"type":"if","locations":[{"start":{"line":28,"column":6},"end":{"line":33,"column":7}},{"start":{},"end":{}}],"line":28},"2":{"loc":{"start":{"line":28,"column":10},"end":{"line":28,"column":32}},"type":"binary-expr","locations":[{"start":{"line":28,"column":10},"end":{"line":28,"column":21}},{"start":{"line":28,"column":25},"end":{"line":28,"column":32}}],"line":28},"3":{"loc":{"start":{"line":43,"column":6},"end":{"line":48,"column":7}},"type":"if","locations":[{"start":{"line":43,"column":6},"end":{"line":48,"column":7}},{"start":{},"end":{}}],"line":43},"4":{"loc":{"start":{"line":43,"column":10},"end":{"line":43,"column":69}},"type":"binary-expr","locations":[{"start":{"line":43,"column":10},"end":{"line":43,"column":21}},{"start":{"line":43,"column":25},"end":{"line":43,"column":37}},{"start":{"line":43,"column":41},"end":{"line":43,"column":69}}],"line":43},"5":{"loc":{"start":{"line":59,"column":6},"end":{"line":64,"column":7}},"type":"if","locations":[{"start":{"line":59,"column":6},"end":{"line":64,"column":7}},{"start":{},"end":{}}],"line":59},"6":{"loc":{"start":{"line":88,"column":6},"end":{"line":88,"column":60}},"type":"if","locations":[{"start":{"line":88,"column":6},"end":{"line":88,"column":60}},{"start":{},"end":{}}],"line":88},"7":{"loc":{"start":{"line":145,"column":6},"end":{"line":145,"column":70}},"type":"if","locations":[{"start":{"line":145,"column":6},"end":{"line":145,"column":70}},{"start":{},"end":{}}],"line":145},"8":{"loc":{"start":{"line":180,"column":6},"end":{"line":180,"column":70}},"type":"if","locations":[{"start":{"line":180,"column":6},"end":{"line":180,"column":70}},{"start":{},"end":{}}],"line":180},"9":{"loc":{"start":{"line":212,"column":6},"end":{"line":217,"column":7}},"type":"if","locations":[{"start":{"line":212,"column":6},"end":{"line":217,"column":7}},{"start":{},"end":{}}],"line":212},"10":{"loc":{"start":{"line":212,"column":10},"end":{"line":212,"column":40}},"type":"binary-expr","locations":[{"start":{"line":212,"column":10},"end":{"line":212,"column":25}},{"start":{"line":212,"column":29},"end":{"line":212,"column":40}}],"line":212},"11":{"loc":{"start":{"line":220,"column":6},"end":{"line":225,"column":7}},"type":"if","locations":[{"start":{"line":220,"column":6},"end":{"line":225,"column":7}},{"start":{},"end":{}}],"line":220},"12":{"loc":{"start":{"line":234,"column":6},"end":{"line":239,"column":7}},"type":"if","locations":[{"start":{"line":234,"column":6},"end":{"line":239,"column":7}},{"start":{},"end":{}}],"line":234},"13":{"loc":{"start":{"line":234,"column":10},"end":{"line":234,"column":32}},"type":"binary-expr","locations":[{"start":{"line":234,"column":10},"end":{"line":234,"column":21}},{"start":{"line":234,"column":25},"end":{"line":234,"column":32}}],"line":234},"14":{"loc":{"start":{"line":249,"column":6},"end":{"line":266,"column":7}},"type":"if","locations":[{"start":{"line":249,"column":6},"end":{"line":266,"column":7}},{"start":{"line":257,"column":13},"end":{"line":266,"column":7}}],"line":249},"15":{"loc":{"start":{"line":251,"column":8},"end":{"line":256,"column":9}},"type":"if","locations":[{"start":{"line":251,"column":8},"end":{"line":256,"column":9}},{"start":{},"end":{}}],"line":251},"16":{"loc":{"start":{"line":307,"column":6},"end":{"line":312,"column":7}},"type":"if","locations":[{"start":{"line":307,"column":6},"end":{"line":312,"column":7}},{"start":{},"end":{}}],"line":307},"17":{"loc":{"start":{"line":307,"column":10},"end":{"line":307,"column":40}},"type":"binary-expr","locations":[{"start":{"line":307,"column":10},"end":{"line":307,"column":25}},{"start":{"line":307,"column":29},"end":{"line":307,"column":40}}],"line":307},"18":{"loc":{"start":{"line":315,"column":6},"end":{"line":320,"column":7}},"type":"if","locations":[{"start":{"line":315,"column":6},"end":{"line":320,"column":7}},{"start":{},"end":{}}],"line":315},"19":{"loc":{"start":{"line":355,"column":6},"end":{"line":360,"column":7}},"type":"if","locations":[{"start":{"line":355,"column":6},"end":{"line":360,"column":7}},{"start":{},"end":{}}],"line":355},"20":{"loc":{"start":{"line":355,"column":10},"end":{"line":355,"column":40}},"type":"binary-expr","locations":[{"start":{"line":355,"column":10},"end":{"line":355,"column":25}},{"start":{"line":355,"column":29},"end":{"line":355,"column":40}}],"line":355},"21":{"loc":{"start":{"line":363,"column":6},"end":{"line":368,"column":7}},"type":"if","locations":[{"start":{"line":363,"column":6},"end":{"line":368,"column":7}},{"start":{},"end":{}}],"line":363}},"s":{"0":0,"1":0,"2":0,"3":0,"4":0,"5":0,"6":0,"7":0,"8":0,"9":0,"10":0,"11":0,"12":0,"13":0,"14":0,"15":0,"16":0,"17":0,"18":0,"19":0,"20":0,"21":0,"22":0,"23":0,"24":0,"25":0,"26":0,"27":0,"28":0,"29":0,"30":0,"31":0,"32":0,"33":0,"34":0,"35":0,"36":0,"37":0,"38":0,"39":0,"40":0,"41":0,"42":0,"43":0,"44":0,"45":0,"46":0,"47":0,"48":0,"49":0,"50":0,"51":0,"52":0,"53":0,"54":0,"55":0,"56":0,"57":0,"58":0,"59":0,"60":0,"61":0,"62":0,"63":0,"64":0,"65":0,"66":0,"67":0,"68":0,"69":0,"70":0,"71":0,"72":0,"73":0,"74":0,"75":0,"76":0,"77":0,"78":0,"79":0,"80":0,"81":0,"82":0,"83":0,"84":0,"85":0,"86":0,"87":0,"88":0,"89":0,"90":0},"f":{"0":0,"1":0,"2":0,"3":0,"4":0,"5":0},"b":{"0":[0,0],"1":[0,0],"2":[0,0],"3":[0,0],"4":[0,0,0],"5":[0,0],"6":[0,0],"7":[0,0],"8":[0,0],"9":[0,0],"10":[0,0],"11":[0,0],"12":[0,0],"13":[0,0],"14":[0,0],"15":[0,0],"16":[0,0],"17":[0,0],"18":[0,0],"19":[0,0],"20":[0,0],"21":[0,0]}}
,"/app/genea-app/server/src/controllers/media.controller.js": {"path":"/app/genea-app/server/src/controllers/media.controller.js","statementMap":{"0":{"start":{"line":1,"column":27},"end":{"line":1,"column":63}},"1":{"start":{"line":2,"column":23},"end":{"line":2,"column":61}},"2":{"start":{"line":3,"column":11},"end":{"line":3,"column":24}},"3":{"start":{"line":6,"column":0},"end":{"line":94,"column":2}},"4":{"start":{"line":7,"column":2},"end":{"line":93,"column":3}},"5":{"start":{"line":8,"column":4},"end":{"line":13,"column":5}},"6":{"start":{"line":9,"column":6},"end":{"line":12,"column":9}},"7":{"start":{"line":15,"column":21},"end":{"line":15,"column":40}},"8":{"start":{"line":16,"column":19},"end":{"line":16,"column":31}},"9":{"start":{"line":19,"column":49},"end":{"line":23,"column":15}},"10":{"start":{"line":25,"column":4},"end":{"line":33,"column":5}},"11":{"start":{"line":27,"column":6},"end":{"line":27,"column":35}},"12":{"start":{"line":29,"column":6},"end":{"line":32,"column":9}},"13":{"start":{"line":36,"column":54},"end":{"line":40,"column":28}},"14":{"start":{"line":42,"column":4},"end":{"line":50,"column":5}},"15":{"start":{"line":44,"column":6},"end":{"line":44,"column":35}},"16":{"start":{"line":46,"column":6},"end":{"line":49,"column":9}},"17":{"start":{"line":53,"column":25},"end":{"line":57,"column":5}},"18":{"start":{"line":60,"column":56},"end":{"line":68,"column":15}},"19":{"start":{"line":70,"column":4},"end":{"line":70,"column":58}},"20":{"start":{"line":70,"column":21},"end":{"line":70,"column":58}},"21":{"start":{"line":72,"column":4},"end":{"line":79,"column":7}},"22":{"start":{"line":81,"column":4},"end":{"line":81,"column":62}},"23":{"start":{"line":84,"column":4},"end":{"line":86,"column":5}},"24":{"start":{"line":85,"column":6},"end":{"line":85,"column":35}},"25":{"start":{"line":88,"column":4},"end":{"line":92,"column":7}},"26":{"start":{"line":97,"column":0},"end":{"line":193,"column":2}},"27":{"start":{"line":98,"column":2},"end":{"line":192,"column":3}},"28":{"start":{"line":99,"column":4},"end":{"line":104,"column":5}},"29":{"start":{"line":100,"column":6},"end":{"line":103,"column":9}},"30":{"start":{"line":106,"column":21},"end":{"line":106,"column":40}},"31":{"start":{"line":107,"column":19},"end":{"line":107,"column":31}},"32":{"start":{"line":108,"column":25},"end":{"line":108,"column":52}},"33":{"start":{"line":111,"column":49},"end":{"line":115,"column":15}},"34":{"start":{"line":117,"column":4},"end":{"line":125,"column":5}},"35":{"start":{"line":119,"column":6},"end":{"line":119,"column":58}},"36":{"start":{"line":119,"column":32},"end":{"line":119,"column":56}},"37":{"start":{"line":121,"column":6},"end":{"line":124,"column":9}},"38":{"start":{"line":128,"column":54},"end":{"line":132,"column":28}},"39":{"start":{"line":134,"column":4},"end":{"line":142,"column":5}},"40":{"start":{"line":136,"column":6},"end":{"line":136,"column":58}},"41":{"start":{"line":136,"column":32},"end":{"line":136,"column":56}},"42":{"start":{"line":138,"column":6},"end":{"line":141,"column":9}},"43":{"start":{"line":145,"column":27},"end":{"line":168,"column":6}},"44":{"start":{"line":146,"column":27},"end":{"line":150,"column":7}},"45":{"start":{"line":153,"column":55},"end":{"line":163,"column":17}},"46":{"start":{"line":165,"column":6},"end":{"line":165,"column":58}},"47":{"start":{"line":165,"column":22},"end":{"line":165,"column":58}},"48":{"start":{"line":167,"column":6},"end":{"line":167,"column":25}},"49":{"start":{"line":170,"column":26},"end":{"line":170,"column":59}},"50":{"start":{"line":172,"column":4},"end":{"line":178,"column":7}},"51":{"start":{"line":180,"column":4},"end":{"line":180,"column":57}},"52":{"start":{"line":183,"column":4},"end":{"line":185,"column":5}},"53":{"start":{"line":184,"column":6},"end":{"line":184,"column":58}},"54":{"start":{"line":184,"column":32},"end":{"line":184,"column":56}},"55":{"start":{"line":187,"column":4},"end":{"line":191,"column":7}},"56":{"start":{"line":195,"column":0},"end":{"line":291,"column":2}},"57":{"start":{"line":196,"column":2},"end":{"line":290,"column":3}},"58":{"start":{"line":197,"column":4},"end":{"line":202,"column":5}},"59":{"start":{"line":198,"column":6},"end":{"line":201,"column":9}},"60":{"start":{"line":204,"column":21},"end":{"line":204,"column":40}},"61":{"start":{"line":205,"column":19},"end":{"line":205,"column":31}},"62":{"start":{"line":206,"column":25},"end":{"line":206,"column":52}},"63":{"start":{"line":209,"column":49},"end":{"line":213,"column":15}},"64":{"start":{"line":215,"column":4},"end":{"line":223,"column":5}},"65":{"start":{"line":217,"column":6},"end":{"line":217,"column":58}},"66":{"start":{"line":217,"column":32},"end":{"line":217,"column":56}},"67":{"start":{"line":219,"column":6},"end":{"line":222,"column":9}},"68":{"start":{"line":226,"colu
[...]
line":184,"column":6},"end":{"line":184,"column":18}},"60":{"start":{"line":186,"column":6},"end":{"line":186,"column":18}},"61":{"start":{"line":191,"column":0},"end":{"line":191,"column":29}}},"fnMap":{"0":{"name":"(anonymous_0)","decl":{"start":{"line":12,"column":2},"end":{"line":12,"column":3}},"loc":{"start":{"line":12,"column":47},"end":{"line":47,"column":3}},"line":12},"1":{"name":"(anonymous_1)","decl":{"start":{"line":50,"column":2},"end":{"line":50,"column":3}},"loc":{"start":{"line":50,"column":31},"end":{"line":84,"column":3}},"line":50},"2":{"name":"(anonymous_2)","decl":{"start":{"line":87,"column":2},"end":{"line":87,"column":3}},"loc":{"start":{"line":87,"column":21},"end":{"line":94,"column":3}},"line":87},"3":{"name":"(anonymous_3)","decl":{"start":{"line":97,"column":2},"end":{"line":97,"column":3}},"loc":{"start":{"line":97,"column":36},"end":{"line":130,"column":3}},"line":97},"4":{"name":"(anonymous_4)","decl":{"start":{"line":133,"column":2},"end":{"line":133,"column":3}},"loc":{"start":{"line":133,"column":61},"end":{"line":160,"column":3}},"line":133},"5":{"name":"(anonymous_5)","decl":{"start":{"line":163,"column":2},"end":{"line":163,"column":3}},"loc":{"start":{"line":163,"column":29},"end":{"line":171,"column":3}},"line":163},"6":{"name":"(anonymous_6)","decl":{"start":{"line":174,"column":2},"end":{"line":174,"column":3}},"loc":{"start":{"line":174,"column":28},"end":{"line":188,"column":3}},"line":174}},"branchMap":{"0":{"loc":{"start":{"line":5,"column":0},"end":{"line":7,"column":1}},"type":"if","locations":[{"start":{"line":5,"column":0},"end":{"line":7,"column":1}},{"start":{},"end":{}}],"line":5},"1":{"loc":{"start":{"line":8,"column":23},"end":{"line":8,"column":57}},"type":"binary-expr","locations":[{"start":{"line":8,"column":23},"end":{"line":8,"column":49}},{"start":{"line":8,"column":53},"end":{"line":8,"column":57}}],"line":8},"2":{"loc":{"start":{"line":21,"column":6},"end":{"line":21,"column":56}},"type":"if","locations":[{"start":{"line":21,"column":6},"end":{"line":21,"column":56}},{"start":{},"end":{}}],"line":21},"3":{"loc":{"start":{"line":40,"column":20},"end":{"line":40,"column":64}},"type":"binary-expr","locations":[{"start":{"line":40,"column":20},"end":{"line":40,"column":56}},{"start":{"line":40,"column":60},"end":{"line":40,"column":64}}],"line":40},"4":{"loc":{"start":{"line":41,"column":25},"end":{"line":41,"column":72}},"type":"cond-expr","locations":[{"start":{"line":41,"column":60},"end":{"line":41,"column":64}},{"start":{"line":41,"column":67},"end":{"line":41,"column":72}}],"line":41},"5":{"loc":{"start":{"line":58,"column":6},"end":{"line":58,"column":56}},"type":"if","locations":[{"start":{"line":58,"column":6},"end":{"line":58,"column":56}},{"start":{},"end":{}}],"line":58},"6":{"loc":{"start":{"line":65,"column":23},"end":{"line":65,"column":85}},"type":"binary-expr","locations":[{"start":{"line":65,"column":23},"end":{"line":65,"column":62}},{"start":{"line":65,"column":66},"end":{"line":65,"column":85}}],"line":65},"7":{"loc":{"start":{"line":76,"column":23},"end":{"line":76,"column":85}},"type":"binary-expr","locations":[{"start":{"line":76,"column":23},"end":{"line":76,"column":62}},{"start":{"line":76,"column":66},"end":{"line":76,"column":85}}],"line":76},"8":{"loc":{"start":{"line":77,"column":20},"end":{"line":77,"column":64}},"type":"binary-expr","locations":[{"start":{"line":77,"column":20},"end":{"line":77,"column":56}},{"start":{"line":77,"column":60},"end":{"line":77,"column":64}}],"line":77},"9":{"loc":{"start":{"line":78,"column":25},"end":{"line":78,"column":72}},"type":"cond-expr","locations":[{"start":{"line":78,"column":60},"end":{"line":78,"column":64}},{"start":{"line":78,"column":67},"end":{"line":78,"column":72}}],"line":78},"10":{"loc":{"start":{"line":102,"column":6},"end":{"line":102,"column":62}},"type":"if","locations":[{"start":{"line":102,"column":6},"end":{"line":102,"column":62}},{"start":{},"end":{}}],"line":102},"11":{"loc":{"start":{"line":103,"column":6},"end":{"line":103,"column":62}},"type":"if","locations":[{"start":{"line":103,"column":6},"end":{"line":103,"column":62}},{"start":{},"end":{}}],"line":103},"12":{"loc":{"start":{"line":108,"column":21},"end":{"line":108,"column":80}},"type":"binary-expr","locations":[{"start":{"line":108,"column":21},"end":{"line":108,"column":37}},{"start":{"line":108,"column":41},"end":{"line":108,"column":80}}],"line":108},"13":{"loc":{"start":{"line":109,"column":18},"end":{"line":109,"column":71}},"type":"binary-expr","locations":[{"start":{"line":109,"column":18},"end":{"line":109,"column":31}},{"start":{"line":109,"column":35},"end":{"line":109,"column":71}}],"line":109},"14":{"loc":{"start":{"line":118,"column":6},"end":{"line":118,"column":60}},"type":"if","locations":[{"start":{"line":118,"column":6},"end":{"line":118,"column":60}},{"start":{},"end":{}}],"line":118},"15":{"loc":{"start":{"line":125,"column":23},"end":{"line":125,"column":73}},"type":"cond-expr","locations":[{"start":{"line":125,"column":61},"end":{"line":125,"column":65}},{"start":{"line":125,"column":68},"end":{"line":125,"column":73}}],"line":125},"16":{"loc":{"start":{"line":138,"column":6},"end":{"line":138,"column":62}},"type":"if","locations":[{"start":{"line":138,"column":6},"end":{"line":138,"column":62}},{"start":{},"end":{}}],"line":138},"17":{"loc":{"start":{"line":146,"column":6},"end":{"line":146,"column":71}},"type":"if","locations":[{"start":{"line":146,"column":6},"end":{"line":146,"column":71}},{"start":{},"end":{}}],"line":146},"18":{"loc":{"start":{"line":154,"column":6},"end":{"line":154,"column":60}},"type":"if","locations":[{"start":{"line":154,"column":6},"end":{"line":154,"column":60}},{"start":{},"end":{}}],"line":154},"19":{"loc":{"start":{"line":166,"column":6},"end":{"line":166,"column":48}},"type":"if","locations":[{"start":{"line":166,"column":6},"end":{"line":166,"column":48}},{"start":{},"end":{}}],"line":166},"20":{"loc":{"start":{"line":183,"column":6},"end":{"line":183,"column":48}},"type":"if","locations":[{"start":{"line":183,"column":6},"end":{"line":183,"column":48}},{"start":{},"end":{}}],"line":183}},"s":{"0":1,"1":1,"2":1,"3":1,"4":1,"5":1,"6":1,"7":0,"8":0,"9":0,"10":0,"11":0,"12":0,"13":0,"14":0,"15":0,"16":0,"17":0,"18":0,"19":0,"20":0,"21":0,"22":0,"23":0,"24":0,"25":0,"26":0,"27":0,"28":0,"29":0,"30":0,"31":0,"32":0,"33":0,"34":0,"35":0,"36":0,"37":0,"38":0,"39":0,"40":0,"41":0,"42":0,"43":0,"44":0,"45":0,"46":0,"47":0,"48":0,"49":0,"50":0,"51":0,"52":0,"53":0,"54":0,"55":0,"56":0,"57":0,"58":0,"59":0,"60":0,"61":1},"f":{"0":0,"1":0,"2":0,"3":0,"4":0,"5":0,"6":0},"b":{"0":[1,0],"1":[1,1],"2":[0,0],"3":[0,0],"4":[0,0],"5":[0,0],"6":[0,0],"7":[0,0],"8":[0,0],"9":[0,0],"10":[0,0],"11":[0,0],"12":[0,0],"13":[0,0],"14":[0,0],"15":[0,0],"16":[0,0],"17":[0,0],"18":[0,0],"19":[0,0],"20":[0,0]},"_coverageSchema":"1a1c01bbd47fc00a2c39e90264f33305004495a9","hash":"ce31cc213e7f78ec9f6c39e9d7e96f45538a227e"}
,"/app/genea-app/server/src/services/storage.service.js": {"path":"/app/genea-app/server/src/services/storage.service.js","statementMap":{"0":{"start":{"line":1,"column":42},"end":{"line":1,"column":78}},"1":{"start":{"line":2,"column":13},"end":{"line":2,"column":28}},"2":{"start":{"line":3,"column":11},"end":{"line":3,"column":24}},"3":{"start":{"line":6,"column":20},"end":{"line":6,"column":33}},"4":{"start":{"line":9,"column":23},"end":{"line":142,"column":1}},"5":{"start":{"line":12,"column":4},"end":{"line":34,"column":5}},"6":{"start":{"line":14,"column":32},"end":{"line":14,"column":73}},"7":{"start":{"line":15,"column":27},"end":{"line":15,"column":78}},"8":{"start":{"line":15,"column":50},"end":{"line":15,"column":77}},"9":{"start":{"line":18,"column":6},"end":{"line":30,"column":7}},"10":{"start":{"line":19,"column":26},"end":{"line":22,"column":10}},"11":{"start":{"line":24,"column":8},"end":{"line":24,"column":78}},"12":{"start":{"line":24,"column":19},"end":{"line":24,"column":78}},"13":{"start":{"line":27,"column":8},"end":{"line":27,"column":41}},"14":{"start":{"line":29,"column":8},"end":{"line":29,"column":66}},"15":{"start":{"line":32,"column":6},"end":{"line":32,"column":59}},"16":{"start":{"line":33,"column":6},"end":{"line":33,"column":18}},"17":{"start":{"line":39,"column":4},"end":{"line":64,"column":5}},"18":{"start":{"line":41,"column":6},"end":{"line":48,"column":9}},"19":{"start":{"line":51,"column":6},"end":{"line":58,"column":9}},"20":{"start":{"line":60,"column":6},"end":{"line":60,"column":68}},"21":{"start":{"line":62,"column":6},"end":{"line":62,"column":71}},"22":{"start":{"line":63,"column":6},"end":{"line":63,"column":18}},"23":{"start":{"line":69,"column":4},"end":{"line":107,"column":5}},"24":{"start":{"line":71,"column":23},"end":{"line":71,"column":76}},"25":{"start":{"line":74,"column":25},"end":{"line":74,"column":51}},"26":{"start":{"line":77,"column":30},"end":{"line":86,"column":10}},"27":{"start":{"line":88,"column":6},"end":{"line":88,"column":77}},"28":{"start":{"line":88,"column":17},"end":{"line":88,"column":77}},"29":{"start":{"line":91,"column":6},"end":{"line":91,"column":31}},"30":{"start":{"line":94,"column":32},"end":{"line":96,"column":48}},"31":{"start":{"line":98,"column":6},"end":{"line":103,"column":8}},"32":{"start":{"line":105,"column":6},"end":{"line":105,"column":54}},"33":{"start":{"line":106,"column":6},"end":{"line":106,"column":18}},"34":{"start":{"line":112,"column":4},"end":{"line":124,"column":5}},"35":{"start":{"line":114,"column":30},"end":{"line":116,"column":48}},"36":{"start":{"line":118,"column":6},"end":{"line":118,"column":75}},"37":{"start":{"line":118,"column":17},"end":{"line":118,"column":75}},"38":{"start":{"line":120,"column":6},"end":{"line":120,"column":28}},"39":{"start":{"line":122,"column":6},"end":{"line":122,"column":63}},"40":{"start":{"line":123,"column":6},"end":{"line":123,"column":18}},"41":{"start":{"line":129,"column":4},"end":{"line":140,"column":5}},"42":{"start":{"line":130,"column":24},"end":{"line":132,"column":27}},"43":{"start":{"line":134,"column":6},"end":{"line":134,"column":80}},"44":{"start":{"line":134,"column":17},"end":{"line":134,"column":80}},"45":{"start":{"line":136,"column":6},"end":{"line":136,"column":18}},"46":{"start":{"line":138,"column":6},"end":{"line":138,"column":57}},"47":{"start":{"line":139,"column":6},"end":{"line":139,"column":18}},"48":{"start":{"line":144,"column":0},"end":{"line":144,"column":32}}},"fnMap":{"0":{"name":"(anonymous_0)","decl":{"start":{"line":11,"column":2},"end":{"line":11,"column":3}},"loc":{"start":{"line":11,"column":21},"end":{"line":35,"column":3}},"line":11},"1":{"name":"(anonymous_1)","decl":{"start":{"line":15,"column":40},"end":{"line":15,"column":41}},"loc":{"start":{"line":15,"column":50},"end":{"line":15,"column":77}},"line":15},"2":{"name":"(anonymous_2)","decl":{"start":{"line":38,"column":2},"end":{"line":38,"column":3}},"loc":{"start":{"line":38,"column":30},"end":{"line":65,"column":3}},"line":38},"3":{"name":"(anonymous_3)","decl":{"start":{"line":68,"column":2},"end":{"line":68,"column":3}},"loc":{"start":{"line":68,"column":46},"end":{"line":108,"column":3}},"line":68},"4":{"name":"(anonymous_4)","decl":{"start":{"line":111,"column":2},"end":{"line":111,"column":3}},"loc":{"start":{"line":111,"column":29},"end":{"line":125,"column":3}},"line":111},"5":{"name":"(anonymous_5)","decl":{"start":{"line":128,"column":2},"end":{"line":128,"column":3}},"loc":{"start":{"line":128,"column":29},"end":{"line":141,"column":3}},"line":128}},"branchMap":{"0":{"loc":{"start":{"line":18,"column":6},"end":{"line":30,"column":7}},"type":"if","locations":[{"start":{"line":18,"column":6},"end":{"line":30,"column":7}},{"start":{},"end":{}}],"line":18},"1":{"loc":{"start":{"line":24,"column":8},"end":{"line":24,"column":78}},"type":"if","locations":[{"start":{"line":24,"column":8},"end":{"line":24,"column":78}},{"start":{},"end":{}}],"line":24},"2":{"loc":{"start":{"line":68,"column":33},"end":{"line":68,"column":44}},"type":"default-arg","locations":[{"start":{"line":68,"column":42},"end":{"line":68,"column":44}}],"line":68},"3":{"loc":{"start":{"line":71,"column":23},"end":{"line":71,"column":76}},"type":"cond-expr","locations":[{"start":{"line":71,"column":32},"end":{"line":71,"column":60}},{"start":{"line":71,"column":63},"end":{"line":71,"column":76}}],"line":71},"4":{"loc":{"start":{"line":88,"column":6},"end":{"line":88,"column":77}},"type":"if","locations":[{"start":{"line":88,"column":6},"end":{"line":88,"column":77}},{"start":{},"end":{}}],"line":88},"5":{"loc":{"start":{"line":118,"column":6},"end":{"line":118,"column":75}},"type":"if","locations":[{"start":{"line":118,"column":6},"end":{"line":118,"column":75}},{"start":{},"end":{}}],"line":118},"6":{"loc":{"start":{"line":134,"column":6},"end":{"line":134,"column":80}},"type":"if","locations":[{"start":{"line":134,"column":6},"end":{"line":134,"column":80}},{"start":{},"end":{}}],"line":134}},"s":{"0":1,"1":1,"2":1,"3":1,"4":1,"5":0,"6":0,"7":0,"8":0,"9":0,"10":0,"11":0,"12":0,"13":0,"14":0,"15":0,"16":0,"17":0,"18":0,"19":0,"20":0,"21":0,"22":0,"23":0,"24":0,"25":0,"26":0,"27":0,"28":0,"29":0,"30":0,"31":0,"32":0,"33":0,"34":0,"35":0,"36":0,"37":0,"38":0,"39":0,"40":0,"41":0,"42":0,"43":0,"44":0,"45":0,"46":0,"47":0,"48":1},"f":{"0":0,"1":0,"2":0,"3":0,"4":0,"5":0},"b":{"0":[0,0],"1":[0,0],"2":[0],"3":[0,0],"4":[0,0],"5":[0,0],"6":[0,0]},"_coverageSchema":"1a1c01bbd47fc00a2c39e90264f33305004495a9","hash":"dbc6182542289c6554f05689f71f15e8af343071"}
,"/app/genea-app/server/src/tests/setup.js": {"path":"/app/genea-app/server/src/tests/setup.js","statementMap":{"0":{"start":{"line":1,"column":17},"end":{"line":1,"column":36}},"1":{"start":{"line":2,"column":13},"end":{"line":2,"column":28}},"2":{"start":{"line":3,"column":15},"end":{"line":3,"column":32}},"3":{"start":{"line":6,"column":0},"end":{"line":6,"column":65}},"4":{"start":{"line":9,"column":0},"end":{"line":18,"column":4}},"5":{"start":{"line":9,"column":35},"end":{"line":18,"column":1}},"6":{"start":{"line":11,"column":15},"end":{"line":17,"column":3}},"7":{"start":{"line":21,"column":0},"end":{"line":25,"column":4}},"8":{"start":{"line":21,"column":23},"end":{"line":25,"column":1}}},"fnMap":{"0":{"name":"(anonymous_0)","decl":{"start":{"line":9,"column":28},"end":{"line":9,"column":29}},"loc":{"start":{"line":9,"column":35},"end":{"line":18,"column":1}},"line":9},"1":{"name":"(anonymous_1)","decl":{"start":{"line":11,"column":8},"end":{"line":11,"column":9}},"loc":{"start":{"line":11,"column":15},"end":{"line":17,"column":3}},"line":11},"2":{"name":"(anonymous_2)","decl":{"start":{"line":21,"column":16},"end":{"line":21,"column":17}},"loc":{"start":{"line":21,"column":23},"end":{"line":25,"column":1}},"line":21}},"branchMap":{},"s":{"0":0,"1":0,"2":0,"3":0,"4":0,"5":0,"6":0,"7":0,"8":0},"f":{"0":0,"1":0,"2":0},"b":{}}
,"/app/genea-app/server/src/utils/env-validator.js": {"path":"/app/genea-app/server/src/utils/env-validator.js","statementMap":{"0":{"start":{"line":5,"column":20},"end":{"line":41,"column":1}},"1":{"start":{"line":6,"column":26},"end":{"line":11,"column":3}},"2":{"start":{"line":13,"column":29},"end":{"line":18,"column":3}},"3":{"start":{"line":21,"column":22},"end":{"line":21,"column":76}},"4":{"start":{"line":21,"column":55},"end":{"line":21,"column":75}},"5":{"start":{"line":23,"column":2},"end":{"line":27,"column":3}},"6":{"start":{"line":24,"column":4},"end":{"line":24,"column":80}},"7":{"start":{"line":25,"column":4},"end":{"line":25,"column":64}},"8":{"start":{"line":25,"column":34},"end":{"line":25,"column":62}},"9":{"start":{"line":26,"column":4},"end":{"line":26,"column":17}},"10":{"start":{"line":30,"column":2},"end":{"line":38,"column":3}},"11":{"start":{"line":31,"column":28},"end":{"line":31,"column":85}},"12":{"start":{"line":31,"column":64},"end":{"line":31,"column":84}},"13":{"start":{"line":33,"column":4},"end":{"line":37,"column":5}},"14":{"start":{"line":34,"column":6},"end":{"line":34,"column":96}},"15":{"start":{"line":35,"column":6},"end":{"line":35,"column":70}},"16":{"start":{"line":35,"column":40},"end":{"line":35,"column":68}},"17":{"start":{"line":36,"column":6},"end":{"line":36,"column":19}},"18":{"start":{"line":40,"column":2},"end":{"line":40,"column":14}},"19":{"start":{"line":43,"column":0},"end":{"line":43,"column":29}}},"fnMap":{"0":{"name":"(anonymous_0)","decl":{"start":{"line":5,"column":20},"end":{"line":5,"column":21}},"loc":{"start":{"line":5,"column":26},"end":{"line":41,"column":1}},"line":5},"1":{"name":"(anonymous_1)","decl":{"start":{"line":21,"column":45},"end":{"line":21,"column":46}},"loc":{"start":{"line":21,"column":55},"end":{"line":21,"column":75}},"line":21},"2":{"name":"(anonymous_2)","decl":{"start":{"line":25,"column":24},"end":{"line":25,"column":25}},"loc":{"start":{"line":25,"column":34},"end":{"line":25,"column":62}},"line":25},"3":{"name":"(anonymous_3)","decl":{"start":{"line":31,"column":54},"end":{"line":31,"column":55}},"loc":{"start":{"line":31,"column":64},"end":{"line":31,"column":84}},"line":31},"4":{"name":"(anonymous_4)","decl":{"start":{"line":35,"column":30},"end":{"line":35,"column":31}},"loc":{"start":{"line":35,"column":40},"end":{"line":35,"column":68}},"line":35}},"branchMap":{"0":{"loc":{"start":{"line":23,"column":2},"end":{"line":27,"column":3}},"type":"if","locations":[{"start":{"line":23,"column":2},"end":{"line":27,"column":3}},{"start":{},"end":{}}],"line":23},"1":{"loc":{"start":{"line":30,"column":2},"end":{"line":38,"column":3}},"type":"if","locations":[{"start":{"line":30,"column":2},"end":{"line":38,"column":3}},{"start":{},"end":{}}],"line":30},"2":{"loc":{"start":{"line":33,"column":4},"end":{"line":37,"column":5}},"type":"if","locations":[{"start":{"line":33,"column":4},"end":{"line":37,"column":5}},{"start":{},"end":{}}],"line":33}},"s":{"0":0,"1":0,"2":0,"3":0,"4":0,"5":0,"6":0,"7":0,"8":0,"9":0,"10":0,"11":0,"12":0,"13":0,"14":0,"15":0,"16":0,"17":0,"18":0,"19":0},"f":{"0":0,"1":0,"2":0,"3":0,"4":0},"b":{"0":[0,0],"1":[0,0],"2":[0,0]}}
,"/app/genea-app/server/src/utils/supabase-init.js": {"path":"/app/genea-app/server/src/utils/supabase-init.js","statementMap":{"0":{"start":{"line":4,"column":26},"end":{"line":4,"column":62}},"1":{"start":{"line":5,"column":23},"end":{"line":5,"column":61}},"2":{"start":{"line":7,"column":27},"end":{"line":35,"column":1}},"3":{"start":{"line":8,"column":2},"end":{"line":34,"column":3}},"4":{"start":{"line":9,"column":4},"end":{"line":9,"column":45}},"5":{"start":{"line":12,"column":28},"end":{"line":12,"column":65}},"6":{"start":{"line":14,"column":4},"end":{"line":17,"column":5}},"7":{"start":{"line":15,"column":6},"end":{"line":15,"column":70}},"8":{"start":{"line":16,"column":6},"end":{"line":16,"column":19}},"9":{"start":{"line":19,"column":4},"end":{"line":19,"column":65}},"10":{"start":{"line":22,"column":4},"end":{"line":28,"column":5}},"11":{"start":{"line":23,"column":6},"end":{"line":23,"column":40}},"12":{"start":{"line":24,"column":6},"end":{"line":24,"column":73}},"13":{"start":{"line":26,"column":6},"end":{"line":26,"column":92}},"14":{"start":{"line":30,"column":4},"end":{"line":30,"column":16}},"15":{"start":{"line":32,"column":4},"end":{"line":32,"column":67}},"16":{"start":{"line":33,"column":4},"end":{"line":33,"column":17}},"17":{"start":{"line":37,"column":0},"end":{"line":37,"column":36}}},"fnMap":{"0":{"name":"(anonymous_0)","decl":{"start":{"line":7,"column":27},"end":{"line":7,"column":28}},"loc":{"start":{"line":7,"column":39},"end":{"line":35,"column":1}},"line":7}},"branchMap":{"0":{"loc":{"start":{"line":14,"column":4},"end":{"line":17,"column":5}},"type":"if","locations":[{"start":{"line":14,"column":4},"end":{"line":17,"column":5}},{"start":{},"end":{}}],"line":14}},"s":{"0":0,"1":0,"2":0,"3":0,"4":0,"5":0,"6":0,"7":0,"8":0,"9":0,"10":0,"11":0,"12":0,"13":0,"14":0,"15":0,"16":0,"17":0},"f":{"0":0},"b":{"0":[0,0]}}
}
