TN:
SF:src/create-tables.js
FN:5,(anonymous_0)
FNF:1
FNH:0
FNDA:0,(anonymous_0)
DA:1,0
DA:3,0
DA:5,0
DA:6,0
DA:7,0
DA:17,0
DA:20,0
DA:22,0
DA:26,0
LF:9
LH:0
BRF:0
BRH:0
end_of_record
TN:
SF:src/supabase.js
FNF:0
FNH:0
DA:1,0
DA:3,0
DA:4,0
DA:6,0
DA:8,0
LF:5
LH:0
BRF:0
BRH:0
end_of_record
TN:
SF:src/config/supabase.config.js
FNF:0
FNH:0
DA:1,0
DA:2,0
DA:4,0
DA:7,0
DA:8,0
DA:9,0
DA:11,0
DA:12,0
DA:13,0
DA:17,0
DA:20,0
DA:22,0
LF:12
LH:0
BRDA:11,0,0,0
BRDA:11,0,1,0
BRDA:11,1,0,0
BRDA:11,1,1,0
BRDA:11,1,2,0
BRF:5
BRH:0
end_of_record
TN:
SF:src/controllers/ai.controller.js
FN:6,(anonymous_0)
FN:44,(anonymous_1)
FN:49,(anonymous_2)
FN:74,(anonymous_3)
FN:120,(anonymous_4)
FN:156,(anonymous_5)
FNF:6
FNH:0
FNDA:0,(anonymous_0)
FNDA:0,(anonymous_1)
FNDA:0,(anonymous_2)
FNDA:0,(anonymous_3)
FNDA:0,(anonymous_4)
FNDA:0,(anonymous_5)
DA:1,0
DA:2,0
DA:4,0
DA:7,0
DA:8,0
DA:9,0
DA:12,0
DA:19,0
DA:20,0
DA:27,0
DA:32,0
DA:35,0
DA:38,0
DA:42,0
DA:43,0
DA:44,0
DA:45,0
DA:46,0
DA:49,0
DA:50,0
DA:53,0
DA:58,0
DA:65,0
DA:66,0
DA:75,0
DA:76,0
DA:77,0
DA:80,0
DA:87,0
DA:88,0
DA:95,0
DA:100,0
DA:103,0
DA:105,0
DA:111,0
DA:112,0
DA:121,0
DA:122,0
DA:123,0
DA:126,0
DA:138,0
DA:140,0
DA:147,0
DA:148,0
DA:157,0
DA:158,0
DA:159,0
DA:162,0
DA:172,0
DA:178,0
DA:179,0
DA:187,0
LF:52
LH:0
BRDA:19,0,0,0
BRDA:19,0,1,0
BRDA:19,1,0,0
BRDA:19,1,1,0
BRDA:32,2,0,0
BRDA:32,2,1,0
BRDA:42,3,0,0
BRDA:42,3,1,0
BRDA:87,4,0,0
BRDA:87,4,1,0
BRDA:87,5,0,0
BRDA:87,5,1,0
BRDA:100,6,0,0
BRDA:100,6,1,0
BRDA:138,7,0,0
BRDA:138,7,1,0
BRF:16
BRH:0
end_of_record
TN:
SF:src/controllers/auth.controller.js
FN:6,(anonymous_0)
FN:40,(anonymous_1)
FN:74,(anonymous_2)
FN:102,(anonymous_3)
FN:128,(anonymous_4)
FN:155,(anonymous_5)
FN:184,(anonymous_6)
FNF:7
FNH:0
FNDA:0,(anonymous_0)
FNDA:0,(anonymous_1)
FNDA:0,(anonymous_2)
FNDA:0,(anonymous_3)
FNDA:0,(anonymous_4)
FNDA:0,(anonymous_5)
FNDA:0,(anonymous_6)
DA:1,0
DA:2,0
DA:4,0
DA:7,0
DA:8,0
DA:11,0
DA:12,0
DA:19,0
DA:21,0
DA:30,0
DA:31,0
DA:41,0
DA:42,0
DA:45,0
DA:46,0
DA:53,0
DA:55,0
DA:64,0
DA:65,0
DA:75,0
DA:77,0
DA:79,0
DA:82,0
DA:97,0
DA:100,0
DA:102,0
DA:111,0
DA:118,0
DA:119,0
DA:129,0
DA:130,0
DA:132,0
DA:137,0
DA:145,0
DA:146,0
DA:156,0
DA:157,0
DA:160,0
DA:161,0
DA:167,0
DA:169,0
DA:174,0
DA:175,0
DA:185,0
DA:186,0
DA:189,0
DA:190,0
DA:196,0
DA:198,0
DA:203,0
DA:204,0
DA:213,0
LF:52
LH:0
BRDA:11,0,0,0
BRDA:11,0,1,0
BRDA:11,1,0,0
BRDA:11,1,1,0
BRDA:11,1,2,0
BRDA:45,2,0,0
BRDA:45,2,1,0
BRDA:45,3,0,0
BRDA:45,3,1,0
BRDA:79,4,0,0
BRDA:79,4,1,0
BRDA:97,5,0,0
BRDA:97,5,1,0
BRDA:102,6,0,0
BRDA:102,6,1,0
BRDA:160,7,0,0
BRDA:160,7,1,0
BRDA:160,8,0,0
BRDA:160,8,1,0
BRDA:189,9,0,0
BRDA:189,9,1,0
BRF:21
BRH:0
end_of_record
TN:
SF:src/controllers/comment.controller.js
FN:5,(anonymous_0)
FN:58,(anonymous_1)
FN:93,(anonymous_2)
FN:161,(anonymous_3)
FN:219,(anonymous_4)
FNF:5
FNH:0
FNDA:0,(anonymous_0)
FNDA:0,(anonymous_1)
FNDA:0,(anonymous_2)
FNDA:0,(anonymous_3)
FNDA:0,(anonymous_4)
DA:1,0
DA:3,0
DA:6,0
DA:7,0
DA:8,0
DA:9,0
DA:10,0
DA:13,0
DA:19,0
DA:20,0
DA:27,0
DA:33,0
DA:34,0
DA:41,0
DA:54,0
DA:57,0
DA:58,0
DA:59,0
DA:74,0
DA:77,0
DA:83,0
DA:84,0
DA:94,0
DA:95,0
DA:96,0
DA:97,0
DA:100,0
DA:106,0
DA:107,0
DA:114,0
DA:120,0
DA:121,0
DA:128,0
DA:129,0
DA:132,0
DA:139,0
DA:141,0
DA:151,0
DA:152,0
DA:162,0
DA:163,0
DA:164,0
DA:165,0
DA:168,0
DA:174,0
DA:175,0
DA:182,0
DA:183,0
DA:190,0
DA:201,0
DA:203,0
DA:209,0
DA:210,0
DA:220,0
DA:221,0
DA:222,0
DA:225,0
DA:231,0
DA:232,0
DA:239,0
DA:246,0
DA:248,0
DA:249,0
DA:256,0
DA:261,0
DA:263,0
DA:268,0
DA:269,0
DA:278,0
LF:69
LH:0
BRDA:9,0,0,0
BRDA:9,0,1,0
BRDA:10,1,0,0
BRDA:10,1,1,0
BRDA:19,2,0,0
BRDA:19,2,1,0
BRDA:19,3,0,0
BRDA:19,3,1,0
BRDA:33,4,0,0
BRDA:33,4,1,0
BRDA:33,5,0,0
BRDA:33,5,1,0
BRDA:33,5,2,0
BRDA:49,6,0,0
BRDA:49,6,1,0
BRDA:54,7,0,0
BRDA:54,7,1,0
BRDA:57,8,0,0
BRDA:57,8,1,0
BRDA:57,9,0,0
BRDA:57,9,1,0
BRDA:65,10,0,0
BRDA:65,10,1,0
BRDA:96,11,0,0
BRDA:96,12,0,0
BRDA:106,13,0,0
BRDA:106,13,1,0
BRDA:106,14,0,0
BRDA:106,14,1,0
BRDA:120,15,0,0
BRDA:120,15,1,0
BRDA:120,16,0,0
BRDA:120,16,1,0
BRDA:120,16,2,0
BRDA:139,17,0,0
BRDA:139,17,1,0
BRDA:174,18,0,0
BRDA:174,18,1,0
BRDA:174,19,0,0
BRDA:174,19,1,0
BRDA:182,20,0,0
BRDA:182,20,1,0
BRDA:194,21,0,0
BRDA:194,21,1,0
BRDA:201,22,0,0
BRDA:201,22,1,0
BRDA:231,23,0,0
BRDA:231,23,1,0
BRDA:231,24,0,0
BRDA:231,24,1,0
BRDA:246,25,0,0
BRDA:246,25,1,0
BRDA:248,26,0,0
BRDA:248,26,1,0
BRDA:248,27,0,0
BRDA:248,27,1,0
BRDA:261,28,0,0
BRDA:261,28,1,0
BRF:58
BRH:0
end_of_record
TN:
SF:src/controllers/descendant.controller.js
FN:5,(anonymous_0)
FN:66,(anonymous_1)
FNF:2
FNH:0
FNDA:0,(anonymous_0)
FNDA:0,(anonymous_1)
DA:1,0
DA:2,0
DA:5,0
DA:6,0
DA:7,0
DA:8,0
DA:11,0
DA:17,0
DA:18,0
DA:25,0
DA:27,0
DA:29,0
DA:40,0
DA:42,0
DA:50,0
DA:57,0
DA:66,0
DA:67,0
DA:68,0
DA:69,0
DA:72,0
DA:78,0
DA:79,0
DA:85,0
DA:87,0
DA:99,0
LF:26
LH:0
BRDA:17,0,0,0
BRDA:17,0,1,0
BRDA:17,1,0,0
BRDA:17,1,1,0
BRDA:17,1,2,0
BRDA:27,2,0,0
BRDA:27,2,1,0
BRDA:40,3,0,0
BRDA:40,3,1,0
BRDA:78,4,0,0
BRDA:78,4,1,0
BRDA:78,5,0,0
BRDA:78,5,1,0
BRDA:78,5,2,0
BRDA:92,6,0,0
BRDA:92,6,1,0
BRF:16
BRH:0
end_of_record
TN:
SF:src/controllers/family.controller.js
FN:5,(anonymous_0)
FN:25,(anonymous_1)
FN:56,(anonymous_2)
FN:115,(anonymous_3)
FN:142,(anonymous_4)
FN:157,(anonymous_5)
FN:220,(anonymous_6)
FN:276,(anonymous_7)
FN:334,(anonymous_8)
FNF:9
FNH:5
FNDA:2,(anonymous_0)
FNDA:0,(anonymous_1)
FNDA:3,(anonymous_2)
FNDA:0,(anonymous_3)
FNDA:2,(anonymous_4)
FNDA:28,(anonymous_5)
FNDA:0,(anonymous_6)
FNDA:0,(anonymous_7)
FNDA:2,(anonymous_8)
DA:1,1
DA:2,1
DA:5,1
DA:6,2
DA:7,2
DA:10,2
DA:15,2
DA:17,2
DA:18,2
DA:25,0
DA:28,0
DA:39,0
DA:41,0
DA:47,0
DA:56,1
DA:57,3
DA:58,3
DA:59,3
DA:62,3
DA:69,0
DA:70,0
DA:77,0
DA:90,0
DA:91,0
DA:98,0
DA:112,0
DA:115,0
DA:126,0
DA:128,0
DA:133,3
DA:142,1
DA:143,2
DA:144,2
DA:145,2
DA:148,2
DA:149,1
DA:156,1
DA:157,28
DA:159,1
DA:165,1
DA:166,0
DA:178,1
DA:191,1
DA:194,1
DA:204,1
DA:206,1
DA:211,0
DA:220,1
DA:221,0
DA:222,0
DA:223,0
DA:224,0
DA:227,0
DA:234,0
DA:235,0
DA:242,0
DA:253,0
DA:255,0
DA:256,0
DA:262,0
DA:267,0
DA:276,1
DA:277,0
DA:278,0
DA:279,0
DA:282,0
DA:289,0
DA:290,0
DA:297,0
DA:302,0
DA:305,0
DA:310,0
DA:313,0
DA:318,0
DA:320,0
DA:325,0
DA:334,1
DA:335,2
DA:336,2
DA:337,2
DA:340,2
DA:341,2
DA:348,0
DA:355,0
DA:356,0
DA:363,0
DA:369,0
DA:370,0
DA:376,0
DA:379,0
DA:386,0
DA:387,0
DA:394,0
DA:404,0
DA:406,0
DA:411,0
LF:96
LH:38
BRDA:15,0,0,0
BRDA:15,0,1,2
BRDA:17,1,0,2
BRDA:17,1,1,0
BRDA:17,2,0,2
BRDA:17,2,1,0
BRDA:39,3,0,0
BRDA:39,3,1,0
BRDA:69,4,0,0
BRDA:69,4,1,0
BRDA:69,5,0,0
BRDA:69,5,1,0
BRDA:90,6,0,0
BRDA:90,6,1,0
BRDA:90,7,0,0
BRDA:90,7,1,0
BRDA:112,8,0,0
BRDA:112,8,1,0
BRDA:121,9,0,0
BRDA:121,9,1,0
BRDA:148,10,0,1
BRDA:148,10,1,1
BRDA:165,11,0,0
BRDA:165,11,1,1
BRDA:191,12,0,0
BRDA:191,12,1,1
BRDA:204,13,0,0
BRDA:204,13,1,1
BRDA:234,14,0,0
BRDA:234,14,1,0
BRDA:234,15,0,0
BRDA:234,15,1,0
BRDA:234,15,2,0
BRDA:253,16,0,0
BRDA:253,16,1,0
BRDA:255,17,0,0
BRDA:255,17,1,0
BRDA:289,18,0,0
BRDA:289,18,1,0
BRDA:289,19,0,0
BRDA:289,19,1,0
BRDA:289,19,2,0
BRDA:302,20,0,0
BRDA:302,20,1,0
BRDA:310,21,0,0
BRDA:310,21,1,0
BRDA:318,22,0,0
BRDA:318,22,1,0
BRDA:340,23,0,2
BRDA:340,23,1,0
BRDA:340,24,0,2
BRDA:340,24,1,2
BRDA:340,24,2,0
BRDA:355,25,0,0
BRDA:355,25,1,0
BRDA:355,26,0,0
BRDA:355,26,1,0
BRDA:355,26,2,0
BRDA:369,27,0,0
BRDA:369,27,1,0
BRDA:369,28,0,0
BRDA:369,28,1,0
BRDA:386,29,0,0
BRDA:386,29,1,0
BRDA:404,30,0,0
BRDA:404,30,1,0
BRF:66
BRH:11
end_of_record
TN:
SF:src/controllers/gedcom.controller.js
FN:5,(anonymous_0)
FN:50,(anonymous_1)
FN:76,(anonymous_2)
FN:112,(anonymous_3)
FN:117,(anonymous_4)
FN:120,(anonymous_5)
FN:134,(anonymous_6)
FN:135,(anonymous_7)
FN:149,(anonymous_8)
FN:173,(anonymous_9)
FN:183,(anonymous_10)
FN:190,(anonymous_11)
FN:194,(anonymous_12)
FNF:13
FNH:0
FNDA:0,(anonymous_0)
FNDA:0,(anonymous_1)
FNDA:0,(anonymous_2)
FNDA:0,(anonymous_3)
FNDA:0,(anonymous_4)
FNDA:0,(anonymous_5)
FNDA:0,(anonymous_6)
FNDA:0,(anonymous_7)
FNDA:0,(anonymous_8)
FNDA:0,(anonymous_9)
FNDA:0,(anonymous_10)
FNDA:0,(anonymous_11)
FNDA:0,(anonymous_12)
DA:1,0
DA:3,0
DA:6,0
DA:7,0
DA:8,0
DA:11,0
DA:17,0
DA:18,0
DA:25,0
DA:31,0
DA:32,0
DA:39,0
DA:44,0
DA:47,0
DA:50,0
DA:52,0
DA:55,0
DA:58,0
DA:59,0
DA:60,0
DA:61,0
DA:62,0
DA:63,0
DA:64,0
DA:65,0
DA:66,0
DA:67,0
DA:68,0
DA:69,0
DA:72,0
DA:73,0
DA:76,0
DA:77,0
DA:78,0
DA:80,0
DA:81,0
DA:84,0
DA:85,0
DA:86,0
DA:88,0
DA:89,0
DA:93,0
DA:94,0
DA:95,0
DA:97,0
DA:98,0
DA:103,0
DA:104,0
DA:109,0
DA:112,0
DA:113,0
DA:117,0
DA:120,0
DA:121,0
DA:123,0
DA:124,0
DA:134,0
DA:135,0
DA:137,0
DA:138,0
DA:139,0
DA:140,0
DA:142,0
DA:143,0
DA:149,0
DA:150,0
DA:151,0
DA:154,0
DA:155,0
DA:156,0
DA:157,0
DA:159,0
DA:165,0
DA:166,0
DA:167,0
DA:169,0
DA:170,0
DA:173,0
DA:174,0
DA:175,0
DA:179,0
DA:180,0
DA:183,0
DA:184,0
DA:185,0
DA:190,0
DA:191,0
DA:194,0
DA:195,0
DA:196,0
DA:201,0
DA:202,0
DA:203,0
DA:205,0
DA:206,0
DA:210,0
DA:214,0
DA:217,0
DA:218,0
DA:219,0
DA:221,0
DA:222,0
DA:231,0
LF:103
LH:0
BRDA:17,0,0,0
BRDA:17,0,1,0
BRDA:17,1,0,0
BRDA:17,1,1,0
BRDA:17,1,2,0
BRDA:31,2,0,0
BRDA:31,2,1,0
BRDA:31,3,0,0
BRDA:31,3,1,0
BRDA:44,4,0,0
BRDA:44,4,1,0
BRDA:52,5,0,0
BRDA:52,5,1,0
BRDA:73,6,0,0
BRDA:73,6,1,0
BRDA:78,7,0,0
BRDA:78,7,1,0
BRDA:80,8,0,0
BRDA:80,8,1,0
BRDA:81,9,0,0
BRDA:81,9,1,0
BRDA:81,10,0,0
BRDA:81,10,1,0
BRDA:84,11,0,0
BRDA:84,11,1,0
BRDA:88,12,0,0
BRDA:88,12,1,0
BRDA:93,13,0,0
BRDA:93,13,1,0
BRDA:97,14,0,0
BRDA:97,14,1,0
BRDA:103,15,0,0
BRDA:103,15,1,0
BRDA:113,16,0,0
BRDA:113,16,1,0
BRDA:123,17,0,0
BRDA:123,17,1,0
BRDA:137,18,0,0
BRDA:137,18,1,0
BRDA:137,19,0,0
BRDA:137,19,1,0
BRDA:138,20,0,0
BRDA:138,20,1,0
BRDA:150,21,0,0
BRDA:150,21,1,0
BRDA:151,22,0,0
BRDA:151,22,1,0
BRDA:155,23,0,0
BRDA:155,23,1,0
BRDA:155,24,0,0
BRDA:155,24,1,0
BRDA:156,25,0,0
BRDA:156,25,1,0
BRDA:169,26,0,0
BRDA:169,26,1,0
BRDA:174,27,0,0
BRDA:174,27,1,0
BRDA:179,28,0,0
BRDA:179,28,1,0
BRDA:184,29,0,0
BRDA:184,29,1,0
BRDA:195,30,0,0
BRDA:195,30,1,0
BRDA:201,31,0,0
BRDA:201,31,1,0
BRDA:205,32,0,0
BRDA:205,32,1,0
BRF:67
BRH:0
end_of_record
TN:
SF:src/controllers/invitation.controller.js
FN:16,(anonymous_0)
FN:167,(anonymous_1)
FN:199,(anonymous_2)
FN:234,(anonymous_3)
FN:332,(anonymous_4)
FN:380,(anonymous_5)
FNF:6
FNH:0
FNDA:0,(anonymous_0)
FNDA:0,(anonymous_1)
FNDA:0,(anonymous_2)
FNDA:0,(anonymous_3)
FNDA:0,(anonymous_4)
FNDA:0,(anonymous_5)
DA:1,0
DA:2,0
DA:3,0
DA:6,0
DA:14,0
DA:17,0
DA:18,0
DA:19,0
DA:22,0
DA:23,0
DA:30,0
DA:36,0
DA:37,0
DA:44,0
DA:51,0
DA:52,0
DA:59,0
DA:65,0
DA:66,0
DA:68,0
DA:69,0
DA:72,0
DA:74,0
DA:75,0
DA:82,0
DA:85,0
DA:86,0
DA:89,0
DA:99,0
DA:100,0
DA:102,0
DA:108,0
DA:111,0
DA:113,0
DA:114,0
DA:127,0
DA:128,0
DA:130,0
DA:135,0
DA:136,0
DA:137,0
DA:140,0
DA:157,0
DA:158,0
DA:168,0
DA:169,0
DA:171,0
DA:182,0
DA:184,0
DA:189,0
DA:190,0
DA:200,0
DA:201,0
DA:202,0
DA:204,0
DA:217,0
DA:219,0
DA:224,0
DA:225,0
DA:235,0
DA:236,0
DA:237,0
DA:238,0
DA:241,0
DA:249,0
DA:250,0
DA:257,0
DA:258,0
DA:265,0
DA:271,0
DA:272,0
DA:279,0
DA:286,0
DA:288,0
DA:289,0
DA:296,0
DA:306,0
DA:311,0
DA:322,0
DA:323,0
DA:333,0
DA:334,0
DA:337,0
DA:344,0
DA:345,0
DA:352,0
DA:353,0
DA:360,0
DA:365,0
DA:370,0
DA:371,0
DA:381,0
DA:382,0
DA:383,0
DA:386,0
DA:392,0
DA:393,0
DA:400,0
DA:401,0
DA:408,0
DA:413,0
DA:418,0
DA:419,0
DA:428,0
LF:104
LH:0
BRDA:7,0,0,0
BRDA:7,0,1,0
BRDA:22,1,0,0
BRDA:22,1,1,0
BRDA:22,2,0,0
BRDA:22,2,1,0
BRDA:36,3,0,0
BRDA:36,3,1,0
BRDA:36,4,0,0
BRDA:36,4,1,0
BRDA:51,5,0,0
BRDA:51,5,1,0
BRDA:51,6,0,0
BRDA:51,6,1,0
BRDA:51,6,2,0
BRDA:65,7,0,0
BRDA:65,7,1,0
BRDA:68,8,0,0
BRDA:68,8,1,0
BRDA:74,9,0,0
BRDA:74,9,1,0
BRDA:96,10,0,0
BRDA:96,10,1,0
BRDA:99,11,0,0
BRDA:99,11,1,0
BRDA:100,12,0,0
BRDA:100,12,1,0
BRDA:108,13,0,0
BRDA:108,13,1,0
BRDA:113,14,0,0
BRDA:113,14,1,0
BRDA:113,15,0,0
BRDA:113,15,1,0
BRDA:113,15,2,0
BRDA:136,16,0,0
BRDA:136,16,1,0
BRDA:136,17,0,0
BRDA:136,17,1,0
BRDA:136,17,2,0
BRDA:153,18,0,0
BRDA:153,18,1,0
BRDA:182,19,0,0
BRDA:182,19,1,0
BRDA:217,20,0,0
BRDA:217,20,1,0
BRDA:249,21,0,0
BRDA:249,21,1,0
BRDA:249,22,0,0
BRDA:249,22,1,0
BRDA:257,23,0,0
BRDA:257,23,1,0
BRDA:271,24,0,0
BRDA:271,24,1,0
BRDA:271,25,0,0
BRDA:271,25,1,0
BRDA:286,26,0,0
BRDA:286,26,1,0
BRDA:288,27,0,0
BRDA:288,27,1,0
BRDA:344,28,0,0
BRDA:344,28,1,0
BRDA:344,29,0,0
BRDA:344,29,1,0
BRDA:352,30,0,0
BRDA:352,30,1,0
BRDA:392,31,0,0
BRDA:392,31,1,0
BRDA:392,32,0,0
BRDA:392,32,1,0
BRDA:400,33,0,0
BRDA:400,33,1,0
BRF:71
BRH:0
end_of_record
TN:
SF:src/controllers/license.controller.js
FN:5,(anonymous_0)
FN:62,(anonymous_1)
FN:113,(anonymous_2)
FNF:3
FNH:1
FNDA:3,(anonymous_0)
FNDA:0,(anonymous_1)
FNDA:0,(anonymous_2)
DA:1,1
DA:2,1
DA:5,1
DA:6,3
DA:7,3
DA:54,0
DA:62,1
DA:63,0
DA:64,0
DA:65,0
DA:68,0
DA:82,0
DA:84,0
DA:104,0
DA:105,0
DA:113,1
DA:114,0
DA:115,0
DA:117,0
DA:118,0
DA:121,0
DA:130,0
DA:133,0
DA:141,0
DA:150,0
DA:151,0
DA:158,1
LF:27
LH:8
BRDA:82,0,0,0
BRDA:82,0,1,0
BRDA:115,1,0,0
BRDA:130,2,0,0
BRDA:130,2,1,0
BRF:5
BRH:0
end_of_record
TN:
SF:src/controllers/media.controller.js
FN:6,(anonymous_0)
FN:97,(anonymous_1)
FN:119,(anonymous_2)
FN:136,(anonymous_3)
FN:145,(anonymous_4)
FN:184,(anonymous_5)
FN:195,(anonymous_6)
FN:217,(anonymous_7)
FN:234,(anonymous_8)
FN:243,(anonymous_9)
FN:282,(anonymous_10)
FN:294,(anonymous_11)
FN:337,(anonymous_12)
FN:361,(anonymous_13)
FNF:14
FNH:4
FNDA:3,(anonymous_0)
FNDA:1,(anonymous_1)
FNDA:0,(anonymous_2)
FNDA:0,(anonymous_3)
FNDA:0,(anonymous_4)
FNDA:2,(anonymous_5)
FNDA:0,(anonymous_6)
FNDA:0,(anonymous_7)
FNDA:0,(anonymous_8)
FNDA:0,(anonymous_9)
FNDA:0,(anonymous_10)
FNDA:0,(anonymous_11)
FNDA:0,(anonymous_12)
FNDA:2,(anonymous_13)
DA:1,1
DA:2,1
DA:3,1
DA:6,1
DA:7,3
DA:8,3
DA:9,0
DA:15,3
DA:16,3
DA:19,0
DA:25,0
DA:27,0
DA:29,0
DA:36,0
DA:42,0
DA:44,0
DA:46,0
DA:53,0
DA:60,0
DA:70,0
DA:72,0
DA:81,3
DA:84,3
DA:85,3
DA:88,3
DA:97,1
DA:98,1
DA:99,1
DA:100,0
DA:106,1
DA:107,1
DA:108,0
DA:111,0
DA:117,0
DA:119,0
DA:121,0
DA:128,0
DA:134,0
DA:136,0
DA:138,0
DA:145,0
DA:146,0
DA:153,0
DA:165,0
DA:167,0
DA:170,0
DA:172,0
DA:180,1
DA:183,1
DA:184,2
DA:187,1
DA:195,1
DA:196,0
DA:197,0
DA:198,0
DA:204,0
DA:205,0
DA:206,0
DA:209,0
DA:215,0
DA:217,0
DA:219,0
DA:226,0
DA:232,0
DA:234,0
DA:236,0
DA:243,0
DA:244,0
DA:251,0
DA:263,0
DA:265,0
DA:268,0
DA:270,0
DA:278,0
DA:281,0
DA:282,0
DA:285,0
DA:294,1
DA:295,0
DA:296,0
DA:297,0
DA:300,0
DA:306,0
DA:307,0
DA:314,0
DA:320,0
DA:321,0
DA:328,0
DA:334,0
DA:337,0
DA:338,0
DA:339,0
DA:345,0
DA:351,0
DA:352,0
DA:361,1
DA:362,2
DA:363,2
DA:364,2
DA:367,0
DA:373,0
DA:374,0
DA:381,0
DA:388,0
DA:389,0
DA:396,0
DA:399,0
DA:404,0
DA:406,0
DA:411,2
DA:412,2
LF:111
LH:29
BRDA:8,0,0,0
BRDA:8,0,1,3
BRDA:25,1,0,0
BRDA:25,1,1,0
BRDA:25,2,0,0
BRDA:25,2,1,0
BRDA:42,3,0,0
BRDA:42,3,1,0
BRDA:42,4,0,0
BRDA:42,4,1,0
BRDA:42,4,2,0
BRDA:70,5,0,0
BRDA:70,5,1,0
BRDA:84,6,0,3
BRDA:84,6,1,0
BRDA:99,7,0,0
BRDA:99,7,1,1
BRDA:99,8,0,1
BRDA:99,8,1,1
BRDA:108,9,0,0
BRDA:108,9,1,0
BRDA:117,10,0,0
BRDA:117,10,1,0
BRDA:117,11,0,0
BRDA:117,11,1,0
BRDA:134,12,0,0
BRDA:134,12,1,0
BRDA:134,13,0,0
BRDA:134,13,1,0
BRDA:134,13,2,0
BRDA:160,14,0,0
BRDA:160,14,1,0
BRDA:165,15,0,0
BRDA:165,15,1,0
BRDA:183,16,0,1
BRDA:183,16,1,0
BRDA:197,17,0,0
BRDA:197,17,1,0
BRDA:197,18,0,0
BRDA:197,18,1,0
BRDA:206,19,0,0
BRDA:206,19,1,0
BRDA:215,20,0,0
BRDA:215,20,1,0
BRDA:215,21,0,0
BRDA:215,21,1,0
BRDA:232,22,0,0
BRDA:232,22,1,0
BRDA:232,23,0,0
BRDA:232,23,1,0
BRDA:232,23,2,0
BRDA:258,24,0,0
BRDA:258,24,1,0
BRDA:263,25,0,0
BRDA:263,25,1,0
BRDA:281,26,0,0
BRDA:281,26,1,0
BRDA:306,27,0,0
BRDA:306,27,1,0
BRDA:306,28,0,0
BRDA:306,28,1,0
BRDA:320,29,0,0
BRDA:320,29,1,0
BRDA:320,30,0,0
BRDA:320,30,1,0
BRDA:320,30,2,0
BRDA:334,31,0,0
BRDA:334,31,1,0
BRDA:373,32,0,0
BRDA:373,32,1,0
BRDA:373,33,0,0
BRDA:373,33,1,0
BRDA:388,34,0,0
BRDA:388,34,1,0
BRDA:388,35,0,0
BRDA:388,35,1,0
BRDA:388,35,2,0
BRDA:404,36,0,0
BRDA:404,36,1,0
BRF:79
BRH:6
end_of_record
TN:
SF:src/controllers/notification.controller.js
FN:5,(anonymous_0)
FN:61,(anonymous_1)
FN:107,(anonymous_2)
FN:150,(anonymous_3)
FN:178,(anonymous_4)
FN:221,(anonymous_5)
FNF:6
FNH:0
FNDA:0,(anonymous_0)
FNDA:0,(anonymous_1)
FNDA:0,(anonymous_2)
FNDA:0,(anonymous_3)
FNDA:0,(anonymous_4)
FNDA:0,(anonymous_5)
DA:1,0
DA:3,0
DA:6,0
DA:7,0
DA:8,0
DA:12,0
DA:19,0
DA:20,0
DA:22,0
DA:23,0
DA:30,0
DA:43,0
DA:45,0
DA:51,0
DA:52,0
DA:62,0
DA:63,0
DA:64,0
DA:67,0
DA:68,0
DA:71,0
DA:76,0
DA:77,0
DA:81,0
DA:85,0
DA:87,0
DA:97,0
DA:98,0
DA:108,0
DA:109,0
DA:110,0
DA:113,0
DA:120,0
DA:121,0
DA:128,0
DA:133,0
DA:135,0
DA:140,0
DA:141,0
DA:151,0
DA:152,0
DA:155,0
DA:161,0
DA:163,0
DA:168,0
DA:169,0
DA:179,0
DA:180,0
DA:181,0
DA:184,0
DA:191,0
DA:192,0
DA:199,0
DA:204,0
DA:206,0
DA:211,0
DA:212,0
DA:222,0
DA:223,0
DA:226,0
DA:232,0
DA:234,0
DA:239,0
DA:240,0
DA:249,0
LF:65
LH:0
BRDA:19,0,0,0
BRDA:19,0,1,0
BRDA:22,1,0,0
BRDA:22,1,1,0
BRDA:22,2,0,0
BRDA:22,2,1,0
BRDA:43,3,0,0
BRDA:43,3,1,0
BRDA:64,4,0,0
BRDA:64,5,0,0
BRDA:64,6,0,0
BRDA:76,7,0,0
BRDA:76,7,1,0
BRDA:85,8,0,0
BRDA:85,8,1,0
BRDA:120,9,0,0
BRDA:120,9,1,0
BRDA:120,10,0,0
BRDA:120,10,1,0
BRDA:133,11,0,0
BRDA:133,11,1,0
BRDA:161,12,0,0
BRDA:161,12,1,0
BRDA:191,13,0,0
BRDA:191,13,1,0
BRDA:191,14,0,0
BRDA:191,14,1,0
BRDA:204,15,0,0
BRDA:204,15,1,0
BRDA:232,16,0,0
BRDA:232,16,1,0
BRF:31
BRH:0
end_of_record
TN:
SF:src/controllers/payment.controller.js
FN:13,(anonymous_0)
FN:95,(anonymous_1)
FN:118,(anonymous_2)
FNF:3
FNH:0
FNDA:0,(anonymous_0)
FNDA:0,(anonymous_1)
FNDA:0,(anonymous_2)
DA:1,0
DA:2,0
DA:5,0
DA:10,0
DA:13,0
DA:14,0
DA:15,0
DA:16,0
DA:19,0
DA:25,0
DA:26,0
DA:33,0
DA:60,0
DA:63,0
DA:76,0
DA:86,0
DA:87,0
DA:95,0
DA:96,0
DA:97,0
DA:99,0
DA:100,0
DA:104,0
DA:110,0
DA:112,0
DA:113,0
DA:118,0
DA:119,0
DA:120,0
DA:123,0
DA:129,0
DA:130,0
DA:136,0
DA:142,0
DA:143,0
LF:35
LH:0
BRDA:25,0,0,0
BRDA:25,0,1,0
BRDA:25,1,0,0
BRDA:25,1,1,0
BRDA:54,2,0,0
BRDA:54,2,1,0
BRDA:99,3,0,0
BRDA:99,3,1,0
BRDA:129,4,0,0
BRDA:129,4,1,0
BRDA:129,5,0,0
BRDA:129,5,1,0
BRF:12
BRH:0
end_of_record
TN:
SF:src/controllers/person.controller.js
FN:4,(anonymous_0)
FN:51,(anonymous_1)
FN:87,(anonymous_2)
FN:137,(anonymous_3)
FN:156,(anonymous_4)
FN:162,(anonymous_5)
FN:218,(anonymous_6)
FN:295,(anonymous_7)
FN:377,(anonymous_8)
FN:449,(anonymous_9)
FN:549,(anonymous_10)
FN:614,(anonymous_11)
FNF:12
FNH:6
FNDA:2,(anonymous_0)
FNDA:0,(anonymous_1)
FNDA:2,(anonymous_2)
FNDA:0,(anonymous_3)
FNDA:0,(anonymous_4)
FNDA:0,(anonymous_5)
FNDA:2,(anonymous_6)
FNDA:3,(anonymous_7)
FNDA:3,(anonymous_8)
FNDA:3,(anonymous_9)
FNDA:0,(anonymous_10)
FNDA:0,(anonymous_11)
DA:1,1
DA:4,1
DA:5,2
DA:6,2
DA:7,2
DA:10,2
DA:11,0
DA:17,0
DA:18,0
DA:26,2
DA:31,2
DA:32,0
DA:35,2
DA:40,2
DA:42,2
DA:43,2
DA:51,0
DA:52,0
DA:56,0
DA:57,0
DA:61,0
DA:62,0
DA:67,0
DA:69,0
DA:71,0
DA:78,0
DA:87,1
DA:88,2
DA:89,2
DA:90,2
DA:93,2
DA:99,2
DA:100,2
DA:107,0
DA:113,0
DA:114,0
DA:121,0
DA:126,0
DA:129,0
DA:130,0
DA:131,0
DA:132,0
DA:134,0
DA:136,0
DA:137,0
DA:138,0
DA:139,0
DA:141,0
DA:146,0
DA:151,0
DA:154,0
DA:155,0
DA:156,0
DA:157,0
DA:162,0
DA:163,0
DA:164,0
DA:166,0
DA:168,0
DA:170,0
DA:171,0
DA:173,0
DA:175,0
DA:177,0
DA:178,0
DA:180,0
DA:182,0
DA:184,0
DA:185,0
DA:187,0
DA:193,0
DA:199,0
DA:200,0
DA:201,0
DA:202,0
DA:204,0
DA:209,0
DA:218,1
DA:219,2
DA:232,2
DA:234,2
DA:237,2
DA:238,2
DA:245,0
DA:251,0
DA:252,0
DA:259,0
DA:279,0
DA:281,0
DA:286,0
DA:295,1
DA:296,3
DA:297,3
DA:309,3
DA:311,3
DA:314,3
DA:320,3
DA:321,3
DA:328,0
DA:334,0
DA:335,0
DA:342,0
DA:361,0
DA:363,0
DA:368,0
DA:377,1
DA:378,3
DA:379,3
DA:380,3
DA:383,3
DA:389,3
DA:390,3
DA:397,0
DA:404,0
DA:405,0
DA:412,0
DA:417,0
DA:420,0
DA:425,0
DA:428,0
DA:433,0
DA:435,0
DA:440,0
DA:449,1
DA:450,3
DA:451,3
DA:452,3
DA:455,3
DA:456,0
DA:463,3
DA:468,0
DA:469,0
DA:476,0
DA:477,0
DA:478,0
DA:485,0
DA:492,0
DA:493,0
DA:500,0
DA:506,0
DA:508,0
DA:509,0
DA:516,0
DA:523,0
DA:524,0
DA:525,0
DA:526,0
DA:529,0
DA:533,0
DA:535,0
DA:540,3
DA:549,1
DA:550,0
DA:551,0
DA:552,0
DA:555,0
DA:556,0
DA:563,0
DA:569,0
DA:570,0
DA:577,0
DA:584,0
DA:585,0
DA:592,0
DA:598,0
DA:600,0
DA:605,0
DA:614,1
DA:615,0
DA:616,0
DA:617,0
DA:620,0
DA:626,0
DA:627,0
DA:634,0
DA:640,0
DA:641,0
DA:648,0
DA:653,0
DA:656,0
DA:660,0
DA:662,0
DA:671,0
LF:183
LH:49
BRDA:6,0,0,2
BRDA:6,1,0,2
BRDA:10,2,0,0
BRDA:10,2,1,2
BRDA:17,3,0,0
BRDA:17,3,1,0
BRDA:17,4,0,0
BRDA:17,4,1,0
BRDA:17,4,2,0
BRDA:31,5,0,0
BRDA:31,5,1,2
BRDA:40,6,0,0
BRDA:40,6,1,2
BRDA:42,7,0,2
BRDA:42,7,1,0
BRDA:42,8,0,2
BRDA:42,8,1,0
BRDA:56,9,0,0
BRDA:56,9,1,0
BRDA:69,10,0,0
BRDA:69,10,1,0
BRDA:99,11,0,2
BRDA:99,11,1,0
BRDA:99,12,0,2
BRDA:99,12,1,2
BRDA:113,13,0,0
BRDA:113,13,1,0
BRDA:113,14,0,0
BRDA:113,14,1,0
BRDA:113,14,2,0
BRDA:126,15,0,0
BRDA:126,15,1,0
BRDA:134,16,0,0
BRDA:134,16,1,0
BRDA:134,17,0,0
BRDA:134,17,1,0
BRDA:138,18,0,0
BRDA:138,18,1,0
BRDA:151,19,0,0
BRDA:151,19,1,0
BRDA:155,20,0,0
BRDA:155,20,1,0
BRDA:163,21,0,0
BRDA:163,21,1,0
BRDA:166,22,0,0
BRDA:166,22,1,0
BRDA:168,23,0,0
BRDA:168,23,1,0
BRDA:168,23,2,0
BRDA:168,23,3,0
BRDA:170,24,0,0
BRDA:170,24,1,0
BRDA:177,25,0,0
BRDA:177,25,1,0
BRDA:237,26,0,2
BRDA:237,26,1,0
BRDA:237,27,0,2
BRDA:237,27,1,0
BRDA:251,28,0,0
BRDA:251,28,1,0
BRDA:251,29,0,0
BRDA:251,29,1,0
BRDA:251,29,2,0
BRDA:265,30,0,0
BRDA:265,30,1,0
BRDA:266,31,0,0
BRDA:266,31,1,0
BRDA:267,32,0,0
BRDA:267,32,1,0
BRDA:268,33,0,0
BRDA:268,33,1,0
BRDA:269,34,0,0
BRDA:269,34,1,0
BRDA:270,35,0,0
BRDA:270,35,1,0
BRDA:271,36,0,0
BRDA:271,36,1,0
BRDA:272,37,0,0
BRDA:272,37,1,0
BRDA:273,38,0,0
BRDA:273,38,1,0
BRDA:279,39,0,0
BRDA:279,39,1,0
BRDA:320,40,0,3
BRDA:320,40,1,0
BRDA:320,41,0,3
BRDA:320,41,1,3
BRDA:334,42,0,0
BRDA:334,42,1,0
BRDA:334,43,0,0
BRDA:334,43,1,0
BRDA:334,43,2,0
BRDA:361,44,0,0
BRDA:361,44,1,0
BRDA:389,45,0,3
BRDA:389,45,1,0
BRDA:389,46,0,3
BRDA:389,46,1,3
BRDA:404,47,0,0
BRDA:404,47,1,0
BRDA:404,48,0,0
BRDA:404,48,1,0
BRDA:404,48,2,0
BRDA:417,49,0,0
BRDA:417,49,1,0
BRDA:425,50,0,0
BRDA:425,50,1,0
BRDA:433,51,0,0
BRDA:433,51,1,0
BRDA:455,52,0,0
BRDA:455,52,1,3
BRDA:455,53,0,3
BRDA:455,53,1,3
BRDA:455,53,2,3
BRDA:468,54,0,0
BRDA:468,54,1,0
BRDA:468,55,0,0
BRDA:468,55,1,0
BRDA:468,55,2,0
BRDA:477,56,0,0
BRDA:477,56,1,0
BRDA:492,57,0,0
BRDA:492,57,1,0
BRDA:492,58,0,0
BRDA:492,58,1,0
BRDA:492,58,2,0
BRDA:506,59,0,0
BRDA:506,59,1,0
BRDA:508,60,0,0
BRDA:508,60,1,0
BRDA:508,61,0,0
BRDA:508,61,1,0
BRDA:523,62,0,0
BRDA:523,62,1,0
BRDA:524,63,0,0
BRDA:524,63,1,0
BRDA:525,64,0,0
BRDA:525,64,1,0
BRDA:526,65,0,0
BRDA:526,65,1,0
BRDA:533,66,0,0
BRDA:533,66,1,0
BRDA:555,67,0,0
BRDA:555,67,1,0
BRDA:555,68,0,0
BRDA:555,68,1,0
BRDA:555,68,2,0
BRDA:569,69,0,0
BRDA:569,69,1,0
BRDA:569,70,0,0
BRDA:569,70,1,0
BRDA:584,71,0,0
BRDA:584,71,1,0
BRDA:584,72,0,0
BRDA:584,72,1,0
BRDA:584,72,2,0
BRDA:598,73,0,0
BRDA:598,73,1,0
BRDA:626,74,0,0
BRDA:626,74,1,0
BRDA:626,75,0,0
BRDA:626,75,1,0
BRDA:640,76,0,0
BRDA:640,76,1,0
BRDA:640,77,0,0
BRDA:640,77,1,0
BRDA:640,77,2,0
BRDA:653,78,0,0
BRDA:653,78,1,0
BRDA:660,79,0,0
BRDA:660,79,1,0
BRDA:665,80,0,0
BRDA:665,80,1,0
BRDA:666,81,0,0
BRDA:666,81,1,0
BRF:175
BRH:22
end_of_record
TN:
SF:src/controllers/research.controller.js
FN:6,(anonymous_0)
FN:47,(anonymous_1)
FN:75,(anonymous_2)
FN:90,(anonymous_3)
FN:111,(anonymous_4)
FN:128,getSuggestedSources
FNF:6
FNH:0
FNDA:0,(anonymous_0)
FNDA:0,(anonymous_1)
FNDA:0,(anonymous_2)
FNDA:0,(anonymous_3)
FNDA:0,(anonymous_4)
FNDA:0,getSuggestedSources
DA:1,0
DA:2,0
DA:4,0
DA:7,0
DA:8,0
DA:9,0
DA:11,0
DA:20,0
DA:23,0
DA:32,0
DA:38,0
DA:39,0
DA:48,0
DA:49,0
DA:51,0
DA:58,0
DA:60,0
DA:66,0
DA:67,0
DA:76,0
DA:77,0
DA:78,0
DA:81,0
DA:86,0
DA:88,0
DA:90,0
DA:91,0
DA:93,0
DA:94,0
DA:95,0
DA:96,0
DA:97,0
DA:99,0
DA:100,0
DA:111,0
DA:113,0
DA:119,0
DA:120,0
DA:129,0
DA:131,0
DA:132,0
DA:133,0
DA:136,0
DA:137,0
DA:138,0
DA:141,0
DA:142,0
DA:143,0
DA:147,0
DA:148,0
DA:149,0
DA:152,0
DA:155,0
LF:53
LH:0
BRDA:58,0,0,0
BRDA:58,0,1,0
BRDA:86,1,0,0
BRDA:86,1,1,0
BRDA:93,2,0,0
BRDA:93,2,1,0
BRDA:94,3,0,0
BRDA:94,3,1,0
BRDA:95,4,0,0
BRDA:95,4,1,0
BRDA:95,5,0,0
BRDA:95,5,1,0
BRDA:96,6,0,0
BRDA:96,6,1,0
BRDA:97,7,0,0
BRDA:97,7,1,0
BRDA:99,8,0,0
BRDA:99,8,1,0
BRDA:131,9,0,0
BRDA:131,9,1,0
BRDA:131,10,0,0
BRDA:131,10,1,0
BRDA:136,11,0,0
BRDA:136,11,1,0
BRDA:141,12,0,0
BRDA:141,12,1,0
BRDA:141,13,0,0
BRDA:141,13,1,0
BRDA:147,14,0,0
BRDA:147,14,1,0
BRDA:147,15,0,0
BRDA:147,15,1,0
BRF:32
BRH:0
end_of_record
TN:
SF:src/controllers/social.controller.js
FN:6,(anonymous_0)
FN:39,(anonymous_1)
FN:63,(anonymous_2)
FN:76,(anonymous_3)
FN:150,(anonymous_4)
FN:162,(anonymous_5)
FN:195,(anonymous_6)
FN:221,(anonymous_7)
FN:283,(anonymous_8)
FN:295,(anonymous_9)
FNF:10
FNH:0
FNDA:0,(anonymous_0)
FNDA:0,(anonymous_1)
FNDA:0,(anonymous_2)
FNDA:0,(anonymous_3)
FNDA:0,(anonymous_4)
FNDA:0,(anonymous_5)
FNDA:0,(anonymous_6)
FNDA:0,(anonymous_7)
FNDA:0,(anonymous_8)
FNDA:0,(anonymous_9)
DA:1,0
DA:2,0
DA:4,0
DA:7,0
DA:8,0
DA:9,0
DA:12,0
DA:17,0
DA:20,0
DA:33,0
DA:35,0
DA:38,0
DA:39,0
DA:40,0
DA:45,0
DA:46,0
DA:48,0
DA:49,0
DA:61,0
DA:63,0
DA:67,0
DA:68,0
DA:77,0
DA:78,0
DA:79,0
DA:82,0
DA:88,0
DA:89,0
DA:96,0
DA:111,0
DA:114,0
DA:120,0
DA:121,0
DA:122,0
DA:135,0
DA:141,0
DA:142,0
DA:151,0
DA:152,0
DA:155,0
DA:160,0
DA:162,0
DA:165,0
DA:178,0
DA:180,0
DA:186,0
DA:187,0
DA:196,0
DA:197,0
DA:198,0
DA:199,0
DA:202,0
DA:213,0
DA:214,0
DA:220,0
DA:221,0
DA:224,0
DA:225,0
DA:232,0
DA:242,0
DA:245,0
DA:246,0
DA:258,0
DA:268,0
DA:274,0
DA:275,0
DA:284,0
DA:285,0
DA:288,0
DA:293,0
DA:295,0
DA:298,0
DA:306,0
DA:312,0
DA:313,0
DA:317,0
DA:323,0
DA:324,0
DA:327,0
DA:333,0
DA:334,0
DA:342,0
LF:82
LH:0
BRDA:17,0,0,0
BRDA:17,0,1,0
BRDA:33,1,0,0
BRDA:33,1,1,0
BRDA:40,2,0,0
BRDA:40,2,1,0
BRDA:40,2,2,0
BRDA:48,3,0,0
BRDA:48,3,1,0
BRDA:88,4,0,0
BRDA:88,4,1,0
BRDA:88,5,0,0
BRDA:88,5,1,0
BRDA:111,6,0,0
BRDA:111,6,1,0
BRDA:120,7,0,0
BRDA:120,7,1,0
BRDA:120,8,0,0
BRDA:120,8,1,0
BRDA:160,9,0,0
BRDA:160,9,1,0
BRDA:178,10,0,0
BRDA:178,10,1,0
BRDA:213,11,0,0
BRDA:213,11,1,0
BRDA:213,12,0,0
BRDA:213,12,1,0
BRDA:221,13,0,0
BRDA:221,13,1,0
BRDA:224,14,0,0
BRDA:224,14,1,0
BRDA:235,15,0,0
BRDA:235,15,1,0
BRDA:242,16,0,0
BRDA:242,16,1,0
BRDA:245,17,0,0
BRDA:245,17,1,0
BRDA:263,18,0,0
BRDA:263,18,1,0
BRDA:264,19,0,0
BRDA:264,19,1,0
BRDA:270,20,0,0
BRDA:270,20,1,0
BRDA:293,21,0,0
BRDA:293,21,1,0
BRDA:312,22,0,0
BRDA:312,22,1,0
BRDA:323,23,0,0
BRDA:323,23,1,0
BRF:49
BRH:0
end_of_record
TN:
SF:src/controllers/stats.controller.js
FN:5,(anonymous_0)
FN:34,(anonymous_1)
FN:35,(anonymous_2)
FN:41,(anonymous_3)
FN:42,(anonymous_4)
FN:48,(anonymous_5)
FN:52,(anonymous_6)
FN:53,(anonymous_7)
FN:56,(anonymous_8)
FN:57,(anonymous_9)
FN:60,(anonymous_10)
FN:61,(anonymous_11)
FN:68,(anonymous_12)
FN:72,(anonymous_13)
FN:73,(anonymous_14)
FN:76,(anonymous_15)
FN:81,(anonymous_16)
FN:86,(anonymous_17)
FN:88,(anonymous_18)
FN:91,(anonymous_19)
FN:93,(anonymous_20)
FN:97,(anonymous_21)
FN:98,(anonymous_22)
FN:101,(anonymous_23)
FN:106,(anonymous_24)
FN:108,(anonymous_25)
FN:115,(anonymous_26)
FN:121,(anonymous_27)
FNF:28
FNH:0
FNDA:0,(anonymous_0)
FNDA:0,(anonymous_1)
FNDA:0,(anonymous_2)
FNDA:0,(anonymous_3)
FNDA:0,(anonymous_4)
FNDA:0,(anonymous_5)
FNDA:0,(anonymous_6)
FNDA:0,(anonymous_7)
FNDA:0,(anonymous_8)
FNDA:0,(anonymous_9)
FNDA:0,(anonymous_10)
FNDA:0,(anonymous_11)
FNDA:0,(anonymous_12)
FNDA:0,(anonymous_13)
FNDA:0,(anonymous_14)
FNDA:0,(anonymous_15)
FNDA:0,(anonymous_16)
FNDA:0,(anonymous_17)
FNDA:0,(anonymous_18)
FNDA:0,(anonymous_19)
FNDA:0,(anonymous_20)
FNDA:0,(anonymous_21)
FNDA:0,(anonymous_22)
FNDA:0,(anonymous_23)
FNDA:0,(anonymous_24)
FNDA:0,(anonymous_25)
FNDA:0,(anonymous_26)
FNDA:0,(anonymous_27)
DA:1,0
DA:3,0
DA:6,0
DA:7,0
DA:8,0
DA:11,0
DA:17,0
DA:18,0
DA:25,0
DA:30,0
DA:33,0
DA:34,0
DA:35,0
DA:36,0
DA:39,0
DA:40,0
DA:41,0
DA:43,0
DA:44,0
DA:47,0
DA:48,0
DA:51,0
DA:52,0
DA:53,0
DA:55,0
DA:56,0
DA:57,0
DA:60,0
DA:61,0
DA:62,0
DA:63,0
DA:64,0
DA:67,0
DA:68,0
DA:72,0
DA:73,0
DA:75,0
DA:76,0
DA:77,0
DA:80,0
DA:81,0
DA:82,0
DA:85,0
DA:86,0
DA:88,0
DA:90,0
DA:91,0
DA:93,0
DA:96,0
DA:97,0
DA:98,0
DA:100,0
DA:101,0
DA:102,0
DA:105,0
DA:106,0
DA:108,0
DA:111,0
DA:115,0
DA:117,0
DA:120,0
DA:121,0
DA:122,0
DA:123,0
DA:126,0
DA:129,0
DA:163,0
DA:164,0
DA:173,0
LF:69
LH:0
BRDA:17,0,0,0
BRDA:17,0,1,0
BRDA:17,1,0,0
BRDA:17,1,1,0
BRDA:17,1,2,0
BRDA:30,2,0,0
BRDA:30,2,1,0
BRDA:41,3,0,0
BRDA:41,3,1,0
BRDA:47,4,0,0
BRDA:47,4,1,0
BRDA:51,5,0,0
BRDA:51,5,1,0
BRDA:55,6,0,0
BRDA:55,6,1,0
BRDA:60,7,0,0
BRDA:60,7,1,0
BRDA:67,8,0,0
BRDA:67,8,1,0
BRDA:77,9,0,0
BRDA:77,9,1,0
BRDA:82,10,0,0
BRDA:82,10,1,0
BRDA:102,11,0,0
BRDA:102,11,1,0
BRDA:117,12,0,0
BRDA:117,12,1,0
BRDA:141,13,0,0
BRDA:141,13,1,0
BRDA:143,14,0,0
BRDA:143,14,1,0
BRDA:146,15,0,0
BRDA:146,15,1,0
BRDA:148,16,0,0
BRDA:148,16,1,0
BRF:35
BRH:0
end_of_record
TN:
SF:src/controllers/timeline.controller.js
FN:5,(anonymous_0)
FN:36,(anonymous_1)
FN:54,(anonymous_2)
FN:61,(anonymous_3)
FN:67,(anonymous_4)
FN:68,(anonymous_5)
FN:85,(anonymous_6)
FN:103,(anonymous_7)
FN:107,(anonymous_8)
FN:116,(anonymous_9)
FN:119,(anonymous_10)
FN:136,(anonymous_11)
FN:191,(anonymous_12)
FN:193,(anonymous_13)
FN:209,(anonymous_14)
FN:214,(anonymous_15)
FN:230,(anonymous_16)
FN:235,(anonymous_17)
FN:265,(anonymous_18)
FNF:19
FNH:0
FNDA:0,(anonymous_0)
FNDA:0,(anonymous_1)
FNDA:0,(anonymous_2)
FNDA:0,(anonymous_3)
FNDA:0,(anonymous_4)
FNDA:0,(anonymous_5)
FNDA:0,(anonymous_6)
FNDA:0,(anonymous_7)
FNDA:0,(anonymous_8)
FNDA:0,(anonymous_9)
FNDA:0,(anonymous_10)
FNDA:0,(anonymous_11)
FNDA:0,(anonymous_12)
FNDA:0,(anonymous_13)
FNDA:0,(anonymous_14)
FNDA:0,(anonymous_15)
FNDA:0,(anonymous_16)
FNDA:0,(anonymous_17)
FNDA:0,(anonymous_18)
DA:1,0
DA:3,0
DA:6,0
DA:7,0
DA:8,0
DA:11,0
DA:17,0
DA:18,0
DA:25,0
DA:30,0
DA:33,0
DA:36,0
DA:37,0
DA:38,0
DA:50,0
DA:54,0
DA:56,0
DA:59,0
DA:61,0
DA:63,0
DA:64,0
DA:65,0
DA:67,0
DA:68,0
DA:70,0
DA:71,0
DA:85,0
DA:86,0
DA:87,0
DA:88,0
DA:90,0
DA:103,0
DA:106,0
DA:107,0
DA:108,0
DA:109,0
DA:110,0
DA:112,0
DA:116,0
DA:119,0
DA:121,0
DA:126,0
DA:127,0
DA:137,0
DA:138,0
DA:139,0
DA:142,0
DA:148,0
DA:149,0
DA:156,0
DA:162,0
DA:163,0
DA:170,0
DA:173,0
DA:174,0
DA:183,0
DA:188,0
DA:191,0
DA:193,0
DA:194,0
DA:196,0
DA:197,0
DA:209,0
DA:210,0
DA:214,0
DA:215,0
DA:217,0
DA:218,0
DA:230,0
DA:231,0
DA:235,0
DA:236,0
DA:238,0
DA:239,0
DA:251,0
DA:252,0
DA:253,0
DA:255,0
DA:265,0
DA:267,0
DA:276,0
DA:277,0
DA:286,0
LF:83
LH:0
BRDA:17,0,0,0
BRDA:17,0,1,0
BRDA:17,1,0,0
BRDA:17,1,1,0
BRDA:17,1,2,0
BRDA:30,2,0,0
BRDA:30,2,1,0
BRDA:37,3,0,0
BRDA:37,3,1,0
BRDA:42,4,0,0
BRDA:42,4,1,0
BRDA:43,5,0,0
BRDA:43,5,1,0
BRDA:44,6,0,0
BRDA:44,6,1,0
BRDA:56,7,0,0
BRDA:56,7,1,0
BRDA:64,8,0,0
BRDA:64,8,1,0
BRDA:70,9,0,0
BRDA:70,9,1,0
BRDA:70,10,0,0
BRDA:70,10,1,0
BRDA:70,10,2,0
BRDA:75,11,0,0
BRDA:75,11,1,0
BRDA:77,12,0,0
BRDA:77,12,1,0
BRDA:78,13,0,0
BRDA:78,13,1,0
BRDA:78,14,0,0
BRDA:78,14,1,0
BRDA:79,15,0,0
BRDA:79,15,1,0
BRDA:86,16,0,0
BRDA:86,16,1,0
BRDA:87,17,0,0
BRDA:87,17,1,0
BRDA:94,18,0,0
BRDA:94,18,1,0
BRDA:95,19,0,0
BRDA:95,19,1,0
BRDA:96,20,0,0
BRDA:96,20,1,0
BRDA:97,21,0,0
BRDA:97,21,1,0
BRDA:109,22,0,0
BRDA:109,22,1,0
BRDA:148,23,0,0
BRDA:148,23,1,0
BRDA:148,24,0,0
BRDA:148,24,1,0
BRDA:162,25,0,0
BRDA:162,25,1,0
BRDA:162,26,0,0
BRDA:162,26,1,0
BRDA:162,26,2,0
BRDA:173,27,0,0
BRDA:173,27,1,0
BRDA:177,28,0,0
BRDA:177,28,1,0
BRDA:178,29,0,0
BRDA:178,29,1,0
BRDA:188,30,0,0
BRDA:188,30,1,0
BRDA:194,31,0,0
BRDA:194,31,1,0
BRDA:196,32,0,0
BRDA:196,32,1,0
BRDA:196,33,0,0
BRDA:196,33,1,0
BRDA:201,34,0,0
BRDA:201,34,1,0
BRDA:202,35,0,0
BRDA:202,35,1,0
BRDA:203,36,0,0
BRDA:203,36,1,0
BRDA:210,37,0,0
BRDA:210,37,1,0
BRDA:210,37,2,0
BRDA:210,37,3,0
BRDA:215,38,0,0
BRDA:215,38,1,0
BRDA:217,39,0,0
BRDA:217,39,1,0
BRDA:217,40,0,0
BRDA:217,40,1,0
BRDA:222,41,0,0
BRDA:222,41,1,0
BRDA:223,42,0,0
BRDA:223,42,1,0
BRDA:224,43,0,0
BRDA:224,43,1,0
BRDA:231,44,0,0
BRDA:231,44,1,0
BRDA:231,44,2,0
BRDA:231,44,3,0
BRDA:236,45,0,0
BRDA:236,45,1,0
BRDA:238,46,0,0
BRDA:238,46,1,0
BRDA:238,47,0,0
BRDA:238,47,1,0
BRDA:243,48,0,0
BRDA:243,48,1,0
BRDA:244,49,0,0
BRDA:244,49,1,0
BRDA:244,50,0,0
BRDA:244,50,1,0
BRDA:245,51,0,0
BRDA:245,51,1,0
BRDA:251,52,0,0
BRDA:251,52,1,0
BRDA:252,53,0,0
BRDA:252,53,1,0
BRDA:258,54,0,0
BRDA:258,54,1,0
BRDA:259,55,0,0
BRDA:259,55,1,0
BRDA:260,56,0,0
BRDA:260,56,1,0
BRDA:271,57,0,0
BRDA:271,57,1,0
BRF:123
BRH:0
end_of_record
TN:
SF:src/middleware/auth.middleware.js
FN:4,(anonymous_0)
FNF:1
FNH:0
FNDA:0,(anonymous_0)
DA:1,1
DA:2,1
DA:4,1
DA:5,0
DA:7,0
DA:8,0
DA:9,0
DA:15,0
DA:19,0
DA:20,0
DA:22,0
DA:29,0
DA:31,0
DA:32,0
DA:39,0
DA:47,0
DA:49,0
DA:50,0
DA:58,1
LF:19
LH:4
BRDA:8,0,0,0
BRDA:8,0,1,0
BRDA:8,1,0,0
BRDA:8,1,1,0
BRDA:31,2,0,0
BRDA:31,2,1,0
BRDA:31,3,0,0
BRDA:31,3,1,0
BRDA:42,4,0,0
BRDA:42,4,1,0
BRDA:43,5,0,0
BRDA:43,5,1,0
BRDA:44,6,0,0
BRDA:44,6,1,0
BRF:14
BRH:0
end_of_record
TN:
SF:src/middleware/license.middleware.js
FN:29,(anonymous_0)
FN:62,(anonymous_1)
FNF:2
FNH:0
FNDA:0,(anonymous_0)
FNDA:0,(anonymous_1)
DA:1,2
DA:2,2
DA:3,2
DA:6,2
DA:23,2
DA:29,2
DA:30,0
DA:31,0
DA:34,0
DA:47,0
DA:50,0
DA:51,0
DA:55,0
DA:57,0
DA:58,0
DA:59,0
DA:62,0
DA:63,0
DA:68,0
DA:69,0
DA:70,0
DA:74,0
DA:75,0
DA:76,0
DA:77,0
DA:81,0
DA:82,0
DA:83,0
DA:84,0
DA:88,0
DA:89,0
DA:90,0
DA:92,0
DA:93,0
DA:94,0
DA:99,0
DA:103,0
DA:104,0
DA:105,0
DA:106,0
DA:107,0
DA:111,0
DA:116,0
DA:117,0
DA:141,0
DA:143,0
DA:144,0
DA:151,2
LF:48
LH:7
BRDA:47,0,0,0
BRDA:47,0,1,0
BRDA:50,1,0,0
BRDA:50,1,1,0
BRDA:50,2,0,0
BRDA:50,2,1,0
BRDA:63,3,0,0
BRDA:63,3,1,0
BRDA:63,3,2,0
BRDA:68,4,0,0
BRDA:68,4,1,0
BRDA:75,5,0,0
BRDA:75,5,1,0
BRDA:82,6,0,0
BRDA:82,6,1,0
BRDA:92,7,0,0
BRDA:92,7,1,0
BRDA:92,8,0,0
BRDA:92,8,1,0
BRDA:103,9,0,0
BRDA:103,9,1,0
BRDA:105,10,0,0
BRDA:105,10,1,0
BRDA:116,11,0,0
BRDA:116,11,1,0
BRF:25
BRH:0
end_of_record
TN:
SF:src/models/comment.model.js
FNF:0
FNH:0
DA:1,0
DA:3,0
DA:40,0
DA:42,0
DA:44,0
LF:5
LH:0
BRF:0
BRH:0
end_of_record
TN:
SF:src/models/family.model.js
FN:78,(anonymous_0)
FNF:1
FNH:0
FNDA:0,(anonymous_0)
DA:1,0
DA:2,0
DA:4,0
DA:78,0
DA:79,0
DA:80,0
DA:83,0
LF:7
LH:0
BRF:0
BRH:0
end_of_record
TN:
SF:src/models/invitation.model.js
FN:34,(anonymous_0)
FNF:1
FNH:0
FNDA:0,(anonymous_0)
DA:1,0
DA:3,0
DA:34,0
DA:41,0
DA:44,0
DA:46,0
DA:48,0
LF:7
LH:0
BRF:0
BRH:0
end_of_record
TN:
SF:src/models/notification.model.js
FNF:0
FNH:0
DA:1,0
DA:3,0
DA:39,0
DA:41,0
DA:43,0
LF:5
LH:0
BRF:0
BRH:0
end_of_record
TN:
SF:src/models/person.model.js
FN:116,(anonymous_0)
FNF:1
FNH:0
FNDA:0,(anonymous_0)
DA:1,0
DA:2,0
DA:4,0
DA:116,0
DA:117,0
DA:118,0
DA:121,0
LF:7
LH:0
BRF:0
BRH:0
end_of_record
TN:
SF:src/models/user.model.js
FNF:0
FNH:0
DA:1,0
DA:2,0
DA:4,0
DA:76,0
LF:4
LH:0
BRF:0
BRH:0
end_of_record
TN:
SF:src/routes/ai.routes.js
FNF:0
FNH:0
DA:1,0
DA:2,0
DA:3,0
DA:4,0
DA:5,0
DA:8,0
DA:9,0
DA:12,0
DA:15,0
DA:18,0
DA:21,0
DA:23,0
LF:12
LH:0
BRF:0
BRH:0
end_of_record
TN:
SF:src/routes/auth.routes.js
FNF:0
FNH:0
DA:1,0
DA:2,0
DA:3,0
DA:4,0
DA:7,0
DA:8,0
DA:11,0
DA:12,0
DA:13,0
DA:15,0
LF:10
LH:0
BRF:0
BRH:0
end_of_record
TN:
SF:src/routes/comment.routes.js
FNF:0
FNH:0
DA:1,0
DA:2,0
DA:3,0
DA:4,0
DA:7,0
DA:10,0
DA:13,0
DA:16,0
DA:19,0
DA:21,0
LF:10
LH:0
BRF:0
BRH:0
end_of_record
TN:
SF:src/routes/descendant.routes.js
FNF:0
FNH:0
DA:1,0
DA:2,0
DA:3,0
DA:4,0
DA:7,0
DA:10,0
DA:13,0
DA:15,0
LF:8
LH:0
BRF:0
BRH:0
end_of_record
TN:
SF:src/routes/family.routes.js
FNF:0
FNH:0
DA:1,0
DA:2,0
DA:3,0
DA:4,0
DA:7,0
DA:10,0
DA:11,0
DA:12,0
DA:13,0
DA:14,0
DA:17,0
DA:19,0
LF:12
LH:0
BRF:0
BRH:0
end_of_record
TN:
SF:src/routes/gedcom.routes.js
FNF:0
FNH:0
DA:1,0
DA:2,0
DA:3,0
DA:4,0
DA:7,0
DA:10,0
DA:12,0
LF:7
LH:0
BRF:0
BRH:0
end_of_record
TN:
SF:src/routes/invitation.routes.js
FNF:0
FNH:0
DA:1,0
DA:2,0
DA:3,0
DA:4,0
DA:7,0
DA:10,0
DA:13,0
DA:16,0
DA:19,0
DA:22,0
DA:25,0
DA:27,0
LF:12
LH:0
BRF:0
BRH:0
end_of_record
TN:
SF:src/routes/license.routes.js
FNF:0
FNH:0
DA:1,0
DA:2,0
DA:3,0
DA:4,0
DA:7,0
DA:10,0
DA:11,0
DA:13,0
LF:8
LH:0
BRF:0
BRH:0
end_of_record
TN:
SF:src/routes/media.routes.js
FN:11,(anonymous_0)
FN:21,(anonymous_1)
FN:30,(anonymous_2)
FNF:3
FNH:0
FNDA:0,(anonymous_0)
FNDA:0,(anonymous_1)
FNDA:0,(anonymous_2)
DA:1,0
DA:2,0
DA:3,0
DA:4,0
DA:5,0
DA:6,0
DA:7,0
DA:10,0
DA:12,0
DA:15,0
DA:16,0
DA:19,0
DA:23,0
DA:24,0
DA:25,0
DA:30,0
DA:32,0
DA:33,0
DA:34,0
DA:36,0
DA:37,0
DA:39,0
DA:43,0
DA:50,0
DA:53,0
DA:56,0
DA:59,0
DA:62,0
DA:64,0
LF:29
LH:0
BRDA:15,0,0,0
BRDA:15,0,1,0
BRDA:36,1,0,0
BRDA:36,1,1,0
BRDA:36,2,0,0
BRDA:36,2,1,0
BRF:6
BRH:0
end_of_record
TN:
SF:src/routes/notification.routes.js
FNF:0
FNH:0
DA:1,0
DA:2,0
DA:3,0
DA:4,0
DA:7,0
DA:10,0
DA:13,0
DA:16,0
DA:19,0
DA:22,0
DA:25,0
DA:27,0
LF:12
LH:0
BRF:0
BRH:0
end_of_record
TN:
SF:src/routes/payment.routes.js
FNF:0
FNH:0
DA:1,0
DA:2,0
DA:3,0
DA:4,0
DA:7,0
DA:10,0
DA:13,0
DA:15,0
LF:8
LH:0
BRF:0
BRH:0
end_of_record
TN:
SF:src/routes/person.routes.js
FNF:0
FNH:0
DA:1,0
DA:2,0
DA:3,0
DA:4,0
DA:7,0
DA:10,0
DA:11,0
DA:12,0
DA:13,0
DA:14,0
DA:17,0
DA:18,0
DA:21,0
DA:23,0
LF:14
LH:0
BRF:0
BRH:0
end_of_record
TN:
SF:src/routes/research.routes.js
FNF:0
FNH:0
DA:1,0
DA:2,0
DA:3,0
DA:4,0
DA:5,0
DA:8,0
DA:9,0
DA:12,0
DA:15,0
DA:18,0
DA:20,0
LF:11
LH:0
BRF:0
BRH:0
end_of_record
TN:
SF:src/routes/social.routes.js
FNF:0
FNH:0
DA:1,0
DA:2,0
DA:3,0
DA:4,0
DA:5,0
DA:8,0
DA:9,0
DA:12,0
DA:15,0
DA:18,0
DA:21,0
DA:24,0
DA:26,0
LF:13
LH:0
BRF:0
BRH:0
end_of_record
TN:
SF:src/routes/stats.routes.js
FNF:0
FNH:0
DA:1,0
DA:2,0
DA:3,0
DA:4,0
DA:7,0
DA:10,0
DA:12,0
LF:7
LH:0
BRF:0
BRH:0
end_of_record
TN:
SF:src/routes/timeline.routes.js
FNF:0
FNH:0
DA:1,0
DA:2,0
DA:3,0
DA:4,0
DA:7,0
DA:10,0
DA:13,0
DA:15,0
LF:8
LH:0
BRF:0
BRH:0
end_of_record
TN:
SF:src/routes/tree.routes.js
FN:10,(anonymous_0)
FN:25,(anonymous_1)
FN:51,(anonymous_2)
FN:68,(anonymous_3)
FN:73,(anonymous_4)
FNF:5
FNH:0
FNDA:0,(anonymous_0)
FNDA:0,(anonymous_1)
FNDA:0,(anonymous_2)
FNDA:0,(anonymous_3)
FNDA:0,(anonymous_4)
DA:1,0
DA:2,0
DA:3,0
DA:4,0
DA:7,0
DA:10,0
DA:11,0
DA:12,0
DA:13,0
DA:16,0
DA:17,0
DA:18,0
DA:25,0
DA:26,0
DA:28,0
DA:37,0
DA:40,0
DA:50,0
DA:51,0
DA:67,0
DA:68,0
DA:69,0
DA:72,0
DA:73,0
DA:76,0
DA:80,0
DA:82,0
DA:87,0
DA:88,0
DA:96,0
LF:30
LH:0
BRDA:13,0,0,0
BRDA:13,1,0,0
BRDA:17,2,0,0
BRDA:17,2,1,0
BRDA:26,3,0,0
BRDA:26,3,1,0
BRDA:37,4,0,0
BRDA:37,4,1,0
BRDA:50,5,0,0
BRDA:50,5,1,0
BRDA:50,6,0,0
BRDA:50,6,1,0
BRDA:50,6,2,0
BRDA:67,7,0,0
BRDA:67,7,1,0
BRDA:67,8,0,0
BRDA:67,8,1,0
BRF:17
BRH:0
end_of_record
TN:
SF:src/services/ai.service.js
FN:2,(anonymous_0)
FN:22,(anonymous_1)
FN:45,(anonymous_2)
FN:48,(anonymous_3)
FN:86,(anonymous_4)
FN:122,(anonymous_5)
FN:161,(anonymous_6)
FN:185,(anonymous_7)
FN:207,(anonymous_8)
FN:220,(anonymous_9)
FN:248,(anonymous_10)
FN:258,(anonymous_11)
FN:259,(anonymous_12)
FN:268,(anonymous_13)
FN:292,(anonymous_14)
FN:325,(anonymous_15)
FNF:16
FNH:13
FNDA:1,(anonymous_0)
FNDA:1,(anonymous_1)
FNDA:4,(anonymous_2)
FNDA:3,(anonymous_3)
FNDA:3,(anonymous_4)
FNDA:4,(anonymous_5)
FNDA:3,(anonymous_6)
FNDA:3,(anonymous_7)
FNDA:0,(anonymous_8)
FNDA:0,(anonymous_9)
FNDA:3,(anonymous_10)
FNDA:13,(anonymous_11)
FNDA:6,(anonymous_12)
FNDA:1,(anonymous_13)
FNDA:2,(anonymous_14)
FNDA:0,(anonymous_15)
DA:3,1
DA:23,1
DA:25,1
DA:26,3
DA:27,3
DA:28,3
DA:30,3
DA:32,3
DA:33,3
DA:45,4
DA:49,3
DA:57,3
DA:58,3
DA:59,3
DA:60,3
DA:61,3
DA:65,3
DA:66,3
DA:67,3
DA:68,3
DA:69,3
DA:73,3
DA:74,3
DA:75,3
DA:76,3
DA:77,3
DA:81,3
DA:83,3
DA:87,3
DA:88,3
DA:90,3
DA:91,3
DA:99,0
DA:100,0
DA:102,0
DA:103,0
DA:111,0
DA:112,0
DA:119,0
DA:123,4
DA:124,0
DA:127,4
DA:128,4
DA:129,4
DA:131,4
DA:132,1
DA:140,3
DA:141,3
DA:149,0
DA:150,0
DA:158,0
DA:162,3
DA:163,3
DA:165,3
DA:166,3
DA:174,0
DA:175,0
DA:182,0
DA:186,3
DA:188,3
DA:189,1
DA:192,2
DA:193,2
DA:196,0
DA:197,0
DA:200,0
DA:201,0
DA:204,0
DA:208,0
DA:211,0
DA:212,0
DA:214,0
DA:216,0
DA:217,0
DA:221,0
DA:223,0
DA:224,0
DA:227,0
DA:228,0
DA:231,0
DA:232,0
DA:233,0
DA:234,0
DA:236,0
DA:245,0
DA:250,3
DA:257,3
DA:258,13
DA:259,6
DA:260,2
DA:264,1
DA:269,1
DA:271,1
DA:272,2
DA:273,1
DA:274,1
DA:276,1
DA:278,1
DA:279,0
DA:289,1
DA:293,2
DA:294,2
DA:297,2
DA:298,2
DA:299,2
DA:300,2
DA:301,0
DA:302,0
DA:307,2
DA:308,2
DA:309,2
DA:310,2
DA:315,2
DA:316,2
DA:317,2
DA:318,2
DA:322,2
DA:326,0
DA:328,0
DA:329,0
DA:332,0
DA:333,0
DA:336,0
DA:337,0
DA:340,0
DA:344,1
LF:126
LH:79
BRDA:32,0,0,3
BRDA:32,0,1,0
BRDA:59,1,0,3
BRDA:59,1,1,0
BRDA:67,2,0,3
BRDA:67,2,1,0
BRDA:75,3,0,3
BRDA:75,3,1,0
BRDA:87,4,0,3
BRDA:87,4,1,0
BRDA:88,5,0,3
BRDA:88,5,1,0
BRDA:90,6,0,3
BRDA:90,6,1,0
BRDA:90,7,0,3
BRDA:90,7,1,3
BRDA:99,8,0,0
BRDA:99,8,1,0
BRDA:100,9,0,0
BRDA:100,9,1,0
BRDA:102,10,0,0
BRDA:102,10,1,0
BRDA:102,11,0,0
BRDA:102,11,1,0
BRDA:111,12,0,0
BRDA:111,12,1,0
BRDA:123,13,0,0
BRDA:123,13,1,4
BRDA:123,14,0,4
BRDA:123,14,1,4
BRDA:131,15,0,1
BRDA:131,15,1,3
BRDA:140,16,0,3
BRDA:140,16,1,0
BRDA:140,17,0,3
BRDA:140,17,1,3
BRDA:149,18,0,0
BRDA:149,18,1,0
BRDA:149,19,0,0
BRDA:149,19,1,0
BRDA:162,20,0,3
BRDA:162,20,1,0
BRDA:163,21,0,3
BRDA:163,21,1,0
BRDA:165,22,0,3
BRDA:165,22,1,0
BRDA:165,23,0,3
BRDA:165,23,1,3
BRDA:174,24,0,0
BRDA:174,24,1,0
BRDA:186,25,0,0
BRDA:186,25,1,3
BRDA:188,26,0,1
BRDA:188,26,1,2
BRDA:192,27,0,2
BRDA:192,27,1,0
BRDA:192,28,0,2
BRDA:192,28,1,2
BRDA:196,29,0,0
BRDA:196,29,1,0
BRDA:196,30,0,0
BRDA:196,30,1,0
BRDA:200,31,0,0
BRDA:200,31,1,0
BRDA:200,32,0,0
BRDA:200,32,1,0
BRDA:208,33,0,0
BRDA:208,33,1,0
BRDA:208,34,0,0
BRDA:208,34,1,0
BRDA:211,35,0,0
BRDA:211,35,1,0
BRDA:212,36,0,0
BRDA:212,36,1,0
BRDA:214,37,0,0
BRDA:214,37,1,0
BRDA:233,38,0,0
BRDA:233,38,1,0
BRDA:258,39,0,2
BRDA:258,39,1,5
BRDA:258,40,0,7
BRDA:258,40,1,4
BRDA:258,40,2,3
BRDA:258,40,3,3
BRDA:278,41,0,0
BRDA:278,41,1,1
BRDA:297,42,0,2
BRDA:297,42,1,0
BRDA:297,43,0,2
BRDA:297,43,1,2
BRDA:299,44,0,2
BRDA:299,44,1,0
BRDA:301,45,0,0
BRDA:301,45,1,0
BRDA:307,46,0,2
BRDA:307,46,1,0
BRDA:307,47,0,2
BRDA:307,47,1,2
BRDA:309,48,0,2
BRDA:309,48,1,0
BRDA:315,49,0,2
BRDA:315,49,1,0
BRDA:315,50,0,2
BRDA:315,50,1,2
BRDA:317,51,0,2
BRDA:317,51,1,0
BRDA:322,52,0,2
BRDA:322,52,1,0
BRDA:328,53,0,0
BRDA:328,53,1,0
BRDA:332,54,0,0
BRDA:332,54,1,0
BRDA:336,55,0,0
BRDA:336,55,1,0
BRF:114
BRH:48
end_of_record
TN:
SF:src/services/auth.service.js
FN:12,(anonymous_0)
FN:50,(anonymous_1)
FN:87,(anonymous_2)
FN:97,(anonymous_3)
FN:133,(anonymous_4)
FN:163,(anonymous_5)
FN:174,(anonymous_6)
FNF:7
FNH:0
FNDA:0,(anonymous_0)
FNDA:0,(anonymous_1)
FNDA:0,(anonymous_2)
FNDA:0,(anonymous_3)
FNDA:0,(anonymous_4)
FNDA:0,(anonymous_5)
FNDA:0,(anonymous_6)
DA:1,1
DA:2,1
DA:4,1
DA:5,1
DA:6,1
DA:8,1
DA:10,1
DA:13,0
DA:15,0
DA:21,0
DA:24,0
DA:34,0
DA:45,0
DA:51,0
DA:53,0
DA:58,0
DA:61,0
DA:71,0
DA:82,0
DA:88,0
DA:89,0
DA:90,0
DA:92,0
DA:98,0
DA:100,0
DA:102,0
DA:103,0
DA:106,0
DA:113,0
DA:118,0
DA:120,0
DA:128,0
DA:134,0
DA:136,0
DA:138,0
DA:141,0
DA:146,0
DA:149,0
DA:154,0
DA:156,0
DA:158,0
DA:164,0
DA:165,0
DA:166,0
DA:167,0
DA:169,0
DA:175,0
DA:178,0
DA:183,0
DA:184,0
DA:186,0
DA:191,1
LF:52
LH:8
BRDA:5,0,0,1
BRDA:5,0,1,0
BRDA:8,1,0,1
BRDA:8,1,1,1
BRDA:21,2,0,0
BRDA:21,2,1,0
BRDA:40,3,0,0
BRDA:40,3,1,0
BRDA:41,4,0,0
BRDA:41,4,1,0
BRDA:58,5,0,0
BRDA:58,5,1,0
BRDA:65,6,0,0
BRDA:65,6,1,0
BRDA:76,7,0,0
BRDA:76,7,1,0
BRDA:77,8,0,0
BRDA:77,8,1,0
BRDA:78,9,0,0
BRDA:78,9,1,0
BRDA:102,10,0,0
BRDA:102,10,1,0
BRDA:103,11,0,0
BRDA:103,11,1,0
BRDA:108,12,0,0
BRDA:108,12,1,0
BRDA:109,13,0,0
BRDA:109,13,1,0
BRDA:118,14,0,0
BRDA:118,14,1,0
BRDA:125,15,0,0
BRDA:125,15,1,0
BRDA:138,16,0,0
BRDA:138,16,1,0
BRDA:146,17,0,0
BRDA:146,17,1,0
BRDA:154,18,0,0
BRDA:154,18,1,0
BRDA:166,19,0,0
BRDA:166,19,1,0
BRDA:183,20,0,0
BRDA:183,20,1,0
BRF:42
BRH:3
end_of_record
TN:
SF:src/services/registroCivil.service.js
FN:4,(anonymous_0)
FN:10,(anonymous_1)
FN:42,(anonymous_2)
FN:75,(anonymous_3)
FN:105,(anonymous_4)
FN:133,(anonymous_5)
FN:189,(anonymous_6)
FN:193,(anonymous_7)
FN:208,(anonymous_8)
FNF:9
FNH:9
FNDA:1,(anonymous_0)
FNDA:2,(anonymous_1)
FNDA:2,(anonymous_2)
FNDA:2,(anonymous_3)
FNDA:1,(anonymous_4)
FNDA:1,(anonymous_5)
FNDA:1,(anonymous_6)
FNDA:4,(anonymous_7)
FNDA:2,(anonymous_8)
DA:1,1
DA:5,1
DA:6,1
DA:11,2
DA:13,2
DA:27,2
DA:33,0
DA:43,2
DA:44,2
DA:61,2
DA:67,0
DA:76,2
DA:77,2
DA:91,2
DA:97,0
DA:106,1
DA:107,1
DA:119,1
DA:125,0
DA:134,1
DA:141,1
DA:143,1
DA:144,1
DA:148,1
DA:149,1
DA:157,1
DA:158,1
DA:166,1
DA:167,0
DA:174,1
DA:181,0
DA:190,1
DA:191,1
DA:193,1
DA:194,4
DA:195,3
DA:196,3
DA:200,1
DA:209,2
DA:211,2
DA:212,1
DA:215,2
DA:216,0
DA:219,2
DA:220,1
DA:223,2
DA:227,1
LF:47
LH:40
BRDA:143,0,0,1
BRDA:143,0,1,0
BRDA:148,1,0,1
BRDA:148,1,1,0
BRDA:148,2,0,1
BRDA:148,2,1,1
BRDA:148,2,2,1
BRDA:157,3,0,1
BRDA:157,3,1,0
BRDA:166,4,0,0
BRDA:166,4,1,1
BRDA:194,5,0,3
BRDA:194,5,1,1
BRDA:194,6,0,4
BRDA:194,6,1,3
BRDA:211,7,0,1
BRDA:211,7,1,1
BRDA:215,8,0,0
BRDA:215,8,1,2
BRDA:219,9,0,1
BRDA:219,9,1,1
BRF:21
BRH:16
end_of_record
TN:
SF:src/services/storage.service.js
FN:11,(anonymous_0)
FN:15,(anonymous_1)
FN:38,(anonymous_2)
FN:68,(anonymous_3)
FN:111,(anonymous_4)
FN:128,(anonymous_5)
FNF:6
FNH:0
FNDA:0,(anonymous_0)
FNDA:0,(anonymous_1)
FNDA:0,(anonymous_2)
FNDA:0,(anonymous_3)
FNDA:0,(anonymous_4)
FNDA:0,(anonymous_5)
DA:1,1
DA:2,1
DA:3,1
DA:6,1
DA:9,1
DA:12,0
DA:14,0
DA:15,0
DA:18,0
DA:19,0
DA:24,0
DA:27,0
DA:29,0
DA:32,0
DA:33,0
DA:39,0
DA:41,0
DA:51,0
DA:60,0
DA:62,0
DA:63,0
DA:69,0
DA:71,0
DA:74,0
DA:77,0
DA:88,0
DA:91,0
DA:94,0
DA:98,0
DA:105,0
DA:106,0
DA:112,0
DA:114,0
DA:118,0
DA:120,0
DA:122,0
DA:123,0
DA:129,0
DA:130,0
DA:134,0
DA:136,0
DA:138,0
DA:139,0
DA:144,1
LF:44
LH:6
BRDA:18,0,0,0
BRDA:18,0,1,0
BRDA:24,1,0,0
BRDA:24,1,1,0
BRDA:68,2,0,0
BRDA:71,3,0,0
BRDA:71,3,1,0
BRDA:88,4,0,0
BRDA:88,4,1,0
BRDA:118,5,0,0
BRDA:118,5,1,0
BRDA:134,6,0,0
BRDA:134,6,1,0
BRF:13
BRH:0
end_of_record
TN:
SF:src/tests/jest.setup.js
FNF:0
FNH:0
DA:1,0
DA:2,0
LF:2
LH:0
BRF:0
BRH:0
end_of_record
TN:
SF:src/tests/setup.js
FN:9,(anonymous_0)
FN:11,(anonymous_1)
FN:21,(anonymous_2)
FNF:3
FNH:0
FNDA:0,(anonymous_0)
FNDA:0,(anonymous_1)
FNDA:0,(anonymous_2)
DA:1,0
DA:2,0
DA:3,0
DA:6,0
DA:9,0
DA:11,0
DA:21,0
LF:7
LH:0
BRF:0
BRH:0
end_of_record
TN:
SF:src/utils/barbara-descendant-checker.js
FN:4,checkBarbaraDescendant
FN:17,(anonymous_1)
FN:22,(anonymous_2)
FN:48,(anonymous_3)
FN:49,(anonymous_4)
FNF:5
FNH:0
FNDA:0,checkBarbaraDescendant
FNDA:0,(anonymous_1)
FNDA:0,(anonymous_2)
FNDA:0,(anonymous_3)
FNDA:0,(anonymous_4)
DA:1,2
DA:5,0
DA:7,0
DA:12,0
DA:15,0
DA:17,0
DA:18,0
DA:19,0
DA:20,0
DA:22,0
DA:23,0
DA:29,0
DA:32,0
DA:37,0
DA:40,0
DA:41,0
DA:46,0
DA:48,0
DA:49,0
DA:52,0
DA:57,0
DA:58,0
DA:62,0
DA:64,0
DA:65,0
DA:69,2
LF:26
LH:2
BRDA:12,0,0,0
BRDA:12,0,1,0
BRDA:12,1,0,0
BRDA:12,1,1,0
BRDA:18,2,0,0
BRDA:18,2,1,0
BRDA:19,3,0,0
BRDA:19,3,1,0
BRDA:20,4,0,0
BRDA:20,4,1,0
BRDA:23,5,0,0
BRDA:23,5,1,0
BRDA:23,5,2,0
BRDA:29,6,0,0
BRDA:29,6,1,0
BRDA:37,7,0,0
BRDA:37,7,1,0
BRDA:37,8,0,0
BRDA:37,8,1,0
BRDA:46,9,0,0
BRDA:46,9,1,0
BRDA:46,10,0,0
BRDA:46,10,1,0
BRDA:57,11,0,0
BRDA:57,11,1,0
BRDA:57,12,0,0
BRDA:57,12,1,0
BRDA:57,12,2,0
BRF:28
BRH:0
end_of_record
TN:
SF:src/utils/diaz-saavedra-checker.js
FN:4,checkDiazSaavedraDescendant
FN:20,(anonymous_1)
FN:25,(anonymous_2)
FN:55,(anonymous_3)
FN:56,(anonymous_4)
FNF:5
FNH:0
FNDA:0,checkDiazSaavedraDescendant
FNDA:0,(anonymous_1)
FNDA:0,(anonymous_2)
FNDA:0,(anonymous_3)
FNDA:0,(anonymous_4)
DA:1,2
DA:5,0
DA:7,0
DA:12,0
DA:15,0
DA:20,0
DA:21,0
DA:22,0
DA:23,0
DA:25,0
DA:26,0
DA:36,0
DA:39,0
DA:44,0
DA:47,0
DA:48,0
DA:53,0
DA:55,0
DA:56,0
DA:58,0
DA:61,0
DA:67,0
DA:68,0
DA:72,0
DA:74,0
DA:75,0
DA:79,2
LF:27
LH:2
BRDA:12,0,0,0
BRDA:12,0,1,0
BRDA:12,1,0,0
BRDA:12,1,1,0
BRDA:21,2,0,0
BRDA:21,2,1,0
BRDA:22,3,0,0
BRDA:22,3,1,0
BRDA:23,4,0,0
BRDA:23,4,1,0
BRDA:23,5,0,0
BRDA:23,5,1,0
BRDA:26,6,0,0
BRDA:26,6,1,0
BRDA:26,6,2,0
BRDA:26,6,3,0
BRDA:26,6,4,0
BRDA:26,6,5,0
BRDA:26,6,6,0
BRDA:26,6,7,0
BRDA:26,6,8,0
BRDA:36,7,0,0
BRDA:36,7,1,0
BRDA:44,8,0,0
BRDA:44,8,1,0
BRDA:44,9,0,0
BRDA:44,9,1,0
BRDA:53,10,0,0
BRDA:53,10,1,0
BRDA:53,11,0,0
BRDA:53,11,1,0
BRDA:58,12,0,0
BRDA:58,12,1,0
BRDA:58,13,0,0
BRDA:58,13,1,0
BRDA:67,14,0,0
BRDA:67,14,1,0
BRDA:67,15,0,0
BRDA:67,15,1,0
BRDA:67,15,2,0
BRF:40
BRH:0
end_of_record
TN:
SF:src/utils/env-validator.js
FN:5,(anonymous_0)
FN:21,(anonymous_1)
FN:25,(anonymous_2)
FN:31,(anonymous_3)
FN:35,(anonymous_4)
FNF:5
FNH:0
FNDA:0,(anonymous_0)
FNDA:0,(anonymous_1)
FNDA:0,(anonymous_2)
FNDA:0,(anonymous_3)
FNDA:0,(anonymous_4)
DA:5,0
DA:6,0
DA:13,0
DA:21,0
DA:23,0
DA:24,0
DA:25,0
DA:26,0
DA:30,0
DA:31,0
DA:33,0
DA:34,0
DA:35,0
DA:36,0
DA:40,0
DA:43,0
LF:16
LH:0
BRDA:23,0,0,0
BRDA:23,0,1,0
BRDA:30,1,0,0
BRDA:30,1,1,0
BRDA:33,2,0,0
BRDA:33,2,1,0
BRF:6
BRH:0
end_of_record
TN:
SF:src/utils/supabase-init.js
FN:7,(anonymous_0)
FNF:1
FNH:0
FNDA:0,(anonymous_0)
DA:4,0
DA:5,0
DA:7,0
DA:8,0
DA:9,0
DA:12,0
DA:14,0
DA:15,0
DA:16,0
DA:19,0
DA:22,0
DA:23,0
DA:24,0
DA:26,0
DA:30,0
DA:32,0
DA:33,0
DA:37,0
LF:18
LH:0
BRDA:14,0,0,0
BRDA:14,0,1,0
BRF:2
BRH:0
end_of_record
